

  Data for ANEOS number  -1   library number    0  type 99     ver 09/30/13

  GADGET2 FORSTERITE                                      RHUG=-1.00000D+00
                                                          THUG=-1.00000D+00

  IN( 1)= 3.000000000D+00  IN(16)= 0.000000000D+00  IN(31)= 0.000000000D+00
  IN( 2)= 4.000000000D+00  IN(17)= 3.100000000D+00  IN(32)= 5.000000000D-01
  IN( 3)= 3.320000000D+00  IN(18)= 4.650000000D+00  IN(33)= 0.000000000D+00
  IN( 4)= 2.980000000D+02  IN(19)= 4.900000000D+00  IN(34)= 0.000000000D+00
  IN( 5)= 1.000000000D+06  IN(20)= 6.600000000D+11  IN(35)= 0.000000000D+00
  IN( 6)=-6.600000000D+05  IN(21)= 3.500000000D+12  IN(36)= 2.000000000D+00
  IN( 7)= 8.200000000D-01  IN(22)= 1.300000000D+13  IN(37)= 4.350000000D+00
  IN( 8)=-4.250000000D+02  IN(23)= 0.000000000D+00  IN(38)= 2.000000000D+00
  IN( 9)= 8.600000000D-01  IN(24)= 0.000000000D+00  IN(39)= 1.500000000D-08
  IN(10)= 2.000000000D+00  IN(25)= 0.000000000D+00  IN(40)= 1.000000000D+00
  IN(11)= 1.250000000D+11  IN(26)= 0.000000000D+00  IN(41)= 2.000000000D+03
  IN(12)= 2.171000000D+03  IN(27)= 0.000000000D+00  IN(42)= 1.000000000D+00
  IN(13)= 0.000000000D+00  IN(28)= 0.000000000D+00  IN(43)= 1.700000000D+00
  IN(14)= 0.000000000D+00  IN(29)= 0.000000000D+00  IN(44)= 0.000000000D+00
  IN(15)= 0.000000000D+00  IN(30)= 0.000000000D+00  IN(45)= 0.000000000D+00

  N0= 0.29956D+23 Mean atomic weight= 0.20106D+02
  Z( 1)=  8.  number fraction( 1)= 5.71000D-01  atoms/gram( 1)= 1.71051D+22
  Z( 2)= 12.  number fraction( 2)= 2.86000D-01  atoms/gram( 2)= 8.56753D+21
  Z( 3)= 14.  number fraction( 3)= 1.43000D-01  atoms/gram( 3)= 4.28377D+21

  HUGONIOT INPUT DATA YIELDS B0 =    1.437939D+12 TGAMMA =   -2.843259D-01


NEW: Cv adjust, QCC1, QCC6=   0.000000D+00   0.000000D+00   0.000000D+00


  Zero-temperature isotherm has been modified for a solid-solid phase transition

  PCRITICAL= 6.599155D+11          PCTR(INPUT)= 6.600000D+11
  DPDETA(ETA1)= 2.125301D+12       DPDETA(ETA2)= 3.500000D+12
  D2PDETA2(ETA1)= 3.388443D+12     D2PDETA2(ETA2)= 1.300000D+13
  EC(ETA1)= 2.315812D+10           EC(ETA2)= 3.039880D+10
  TGAMSTAR=-3.259790D+00           TGAM=-2.843259D-01



  REFERENCE POINT CONDITIONS

  T=   2.567717D-02      RHO=    3.320000D+00      P=   1.000000D+06
  E=   1.926787D+09      DPDT=   3.184763D+11      CV=  1.206677D+11
  S=   1.302523D+11      DPDR=   4.331142D+11      B0=  1.437939D+12
  CS=  6.596001D+05      GAMMA=  7.949652D-01


  TWO-PHASE CALCULATION FOR MATERIAL     1

  CRITICAL POINT
  RHO=  1.6805762D+00       T=  7.5885631D-01         P=  2.5473907D+10
  E=  1.3085982D+11         S=  6.2691931D+11         NTY=  134


  TWO-PHASE BOUNDARIES
       T         RHOLIQ        RHOVAP        PLIQ         PVAP        ELIQ         EVAP         SLIQ         SVAP        GLIQ         GVAP         PSILIQ      PSIVAP         NTY
       K         kg/m**3       kg/m**3       GPa          GPa         J/kg         J/kg        J/kg-K       J/kg-K       J/kg         J/kg

  8.80701D+03  1.68058D+03  1.68058D+03  2.54739D+00  2.54739D+00  1.30860D+07  1.30860D+07  5.40216D+03  5.40216D+03 -3.29724D+07 -3.29724D+07  8.26214D-01  8.26214D-01      0
  8.69641D+03  1.81366D+03  1.34910D+03  2.38524D+00  2.37845D+00  1.25104D+07  1.41424D+07  5.32437D+03  5.56397D+03 -3.24746D+07 -3.24784D+07  4.84266D-01  8.14974D-01     60
  8.58581D+03  1.96991D+03  1.26175D+03  2.23299D+00  2.23299D+00  1.18849D+07  1.43420D+07  5.24056D+03  5.60087D+03 -3.19735D+07 -3.19735D+07  4.16632D-01  9.11103D-01     13
  8.47521D+03  2.05747D+03  1.18303D+03  2.09188D+00  2.09188D+00  1.14902D+07  1.45156D+07  5.18904D+03  5.63471D+03 -3.14687D+07 -3.14687D+07  3.83711D-01  1.01408D+00     12
  8.36461D+03  2.12213D+03  1.11046D+03  1.95502D+00  1.95502D+00  1.11715D+07  1.46715D+07  5.14781D+03  5.66661D+03 -3.09642D+07 -3.09642D+07  3.61105D-01  1.12641D+00     12
  8.25401D+03  2.17589D+03  1.04255D+03  1.82245D+00  1.82245D+00  1.08892D+07  1.48143D+07  5.11137D+03  5.69725D+03 -3.04600D+07 -3.04600D+07  3.43279D-01  1.25056D+00     11
  8.14341D+03  2.22286D+03  9.78368D+02  1.69427D+00  1.69427D+00  1.06299D+07  1.49474D+07  5.07781D+03  5.72709D+03 -2.99562D+07 -2.99562D+07  3.28342D-01  1.38924D+00     11
  8.03281D+03  2.26509D+03  9.17230D+02  1.57061D+00  1.57061D+00  1.03868D+07  1.50730D+07  5.04620D+03  5.75648D+03 -2.94527D+07 -2.94527D+07  3.15377D-01  1.54561D+00     10
  7.92221D+03  2.30375D+03  8.58671D+02  1.45156D+00  1.45156D+00  1.01560D+07  1.51929D+07  5.01600D+03  5.78569D+03 -2.89495D+07 -2.89495D+07  3.03857D-01  1.72347D+00     10
  7.81161D+03  2.33960D+03  8.02359D+02  1.33723D+00  1.33723D+00  9.93496D+06  1.53082D+07  4.98686D+03  5.81494D+03 -2.84466D+07 -2.84466D+07  2.93445D-01  1.92742D+00     10
  7.70101D+03  2.37317D+03  7.48063D+02  1.22772D+00  1.22772D+00  9.72200D+06  1.54199D+07  4.95852D+03  5.84440D+03 -2.79441D+07 -2.79441D+07  2.83915D-01  2.16318D+00     10
  7.59041D+03  2.40484D+03  6.95625D+02  1.12311D+00  1.12311D+00  9.51586D+06  1.55286D+07  4.93082D+03  5.87421D+03 -2.74419D+07 -2.74419D+07  2.75102D-01  2.43782D+00      9
  7.47981D+03  2.43489D+03  6.44947D+02  1.02349D+00  1.02349D+00  9.31558D+06  1.56350D+07  4.90361D+03  5.90450D+03 -2.69400D+07 -2.69400D+07  2.66886D-01  2.76025D+00      9
  7.36921D+03  2.46353D+03  5.95975D+02  9.28933D-01  9.28933D-01  9.12043D+06  1.57393D+07  4.87680D+03  5.93539D+03 -2.64386D+07 -2.64386D+07  2.59175D-01  3.14182D+00      9
  7.25861D+03  2.49095D+03  5.48691D+02  8.39494D-01  8.39494D-01  8.92985D+06  1.58418D+07  4.85029D+03  5.96695D+03 -2.59375D+07 -2.59375D+07  2.51896D-01  3.59704D+00      9
  7.14801D+03  2.51728D+03  5.03108D+02  7.55220D-01  7.55220D-01  8.74338D+06  1.59426D+07  4.82402D+03  5.99929D+03 -2.54368D+07 -2.54368D+07  2.44992D-01  4.14467D+00      9
  7.03741D+03  2.54264D+03  4.59262D+02  6.76142D-01  6.76142D-01  8.56063D+06  1.60416D+07  4.79794D+03  6.03246D+03 -2.49365D+07 -2.49365D+07  2.38416D-01  4.80917D+00      8
  6.92681D+03  2.56711D+03  4.17210D+02  6.02269D-01  6.02269D-01  8.38131D+06  1.61389D+07  4.77198D+03  6.06653D+03 -2.44368D+07 -2.44368D+07  2.32129D-01  5.62273D+00      8
  6.81621D+03  2.59077D+03  3.77020D+02  5.33589D-01  5.33589D-01  8.20514D+06  1.62343D+07  4.74612D+03  6.10156D+03 -2.39376D+07 -2.39376D+07  2.26100D-01  6.62812D+00      8
  6.70561D+03  2.61368D+03  3.38774D+02  4.70066D-01  4.70066D-01  8.03192D+06  1.63275D+07  4.72031D+03  6.13761D+03 -2.34389D+07 -2.34389D+07  2.20302D-01  7.88271D+00      8
  6.59501D+03  2.63590D+03  3.02555D+02  4.11638D-01  4.11638D-01  7.86145D+06  1.64184D+07  4.69452D+03  6.17471D+03 -2.29410D+07 -2.29410D+07  2.14713D-01  9.46421D+00      8
  6.48441D+03  2.65747D+03  2.68447D+02  3.58215D-01  3.58215D-01  7.69358D+06  1.65065D+07  4.66872D+03  6.21290D+03 -2.24437D+07 -2.24437D+07  2.09311D-01  1.14789D+01      8
  6.37381D+03  2.67842D+03  2.36530D+02  3.09678D-01  3.09678D-01  7.52816D+06  1.65916D+07  4.64288D+03  6.25223D+03 -2.19473D+07 -2.19473D+07  2.04082D-01  1.40739D+01      8
  6.26321D+03  2.69879D+03  2.06870D+02  2.65877D-01  2.65877D-01  7.36508D+06  1.66732D+07  4.61699D+03  6.29272D+03 -2.14519D+07 -2.14519D+07  1.99009D-01  1.74545D+01      8
  6.15261D+03  2.71861D+03  1.79518D+02  2.26633D-01  2.26633D-01  7.20422D+06  1.67509D+07  4.59101D+03  6.33440D+03 -2.09574D+07 -2.09574D+07  1.94080D-01  2.19110D+01      7
  6.04201D+03  2.73789D+03  1.54508D+02  1.91737D-01  1.91737D-01  7.04549D+06  1.68243D+07  4.56492D+03  6.37729D+03 -2.04642D+07 -2.04642D+07  1.89284D-01  2.78578D+01      7
  5.93141D+03  2.75665D+03  1.31842D+02  1.60954D-01  1.60954D-01  6.88879D+06  1.68929D+07  4.53870D+03  6.42143D+03 -1.99722D+07 -1.99722D+07  1.84611D-01  3.58936D+01      7
  5.82081D+03  2.77491D+03  1.11500D+02  1.34024D-01  1.34024D-01  6.73405D+06  1.69564D+07  4.51234D+03  6.46683D+03 -1.94816D+07 -1.94816D+07  1.80051D-01  4.68928D+01      7
  5.71021D+03  2.79269D+03  9.34293D+01  1.10670D-01  1.10670D-01  6.58119D+06  1.70143D+07  4.48580D+03  6.51351D+03 -1.89925D+07 -1.89925D+07  1.75595D-01  6.21482D+01      7
  5.59961D+03  2.81000D+03  7.75463D+01  9.05985D-02  9.05985D-02  6.43013D+06  1.70662D+07  4.45907D+03  6.56151D+03 -1.85052D+07 -1.85052D+07  1.71238D-01  8.35930D+01      7
  5.48901D+03  2.82685D+03  6.37402D+01  7.35067D-02  7.35067D-02  6.28080D+06  1.71119D+07  4.43212D+03  6.61084D+03 -1.80197D+07 -1.80197D+07  1.66971D-01  1.14156D+02      6
  5.37841D+03  2.84326D+03  5.18747D+01  5.90905D-02  5.90905D-02  6.13313D+06  1.71510D+07  4.40494D+03  6.66154D+03 -1.75363D+07 -1.75363D+07  1.62788D-01  1.58328D+02      6
  5.26781D+03  2.85923D+03  4.17936D+01  4.70491D-02  4.70491D-02  5.98706D+06  1.71835D+07  4.37749D+03  6.71366D+03 -1.70549D+07 -1.70549D+07  1.58683D-01  2.23098D+02      6
  5.15721D+03  2.87478D+03  3.33270D+01  3.70910D-02  3.70910D-02  5.84251D+06  1.72092D+07  4.34976D+03  6.76725D+03 -1.65759D+07 -1.65759D+07  1.54652D-01  3.19491D+02      6
  5.04661D+03  2.88992D+03  2.62981D+01  2.89395D-02  2.89395D-02  5.69943D+06  1.72282D+07  4.32171D+03  6.82238D+03 -1.60993D+07 -1.60993D+07  1.50688D-01  4.65175D+02      6
  4.93601D+03  2.90467D+03  2.05296D+01  2.23362D-02  2.23362D-02  5.55773D+06  1.72404D+07  4.29332D+03  6.87917D+03 -1.56252D+07 -1.56252D+07  1.46786D-01  6.88932D+02      5
  4.82541D+03  2.91903D+03  1.58495D+01  1.70444D-02  1.70444D-02  5.41736D+06  1.72461D+07  4.26456D+03  6.93772D+03 -1.51538D+07 -1.51538D+07  1.42944D-01  1.03848D+03      5
  4.71481D+03  2.93303D+03  1.20961D+01  1.28507D-02  1.28507D-02  5.27825D+06  1.72456D+07  4.23540D+03  6.99821D+03 -1.46853D+07 -1.46853D+07  1.39155D-01  1.59446D+03      5
  4.60420D+03  2.94668D+03  9.12060D+00  9.56844D-03  9.56587D-03  5.14033D+06  1.72391D+07  4.20580D+03  7.06082D+03 -1.42197D+07 -1.42197D+07  1.35417D-01  2.49593D+03      4
  4.49360D+03  2.95998D+03  6.78978D+00  7.02578D-03  7.02419D-03  5.00354D+06  1.72270D+07  4.17573D+03  7.12578D+03 -1.37571D+07 -1.37571D+07  1.31725D-01  3.98806D+03      4
  4.38300D+03  2.97297D+03  4.98626D+00  5.08390D-03  5.08294D-03  4.86783D+06  1.72098D+07  4.14515D+03  7.19339D+03 -1.32976D+07 -1.32976D+07  1.28077D-01  6.51350D+03      4
  4.27240D+03  2.98564D+03  3.60866D+00  3.62125D-03  3.62067D-03  4.73312D+06  1.71881D+07  4.11402D+03  7.26396D+03 -1.28414D+07 -1.28414D+07  1.24469D-01  1.08923D+04      4
  4.16180D+03  2.99802D+03  2.57071D+00  2.53584D-03  2.53549D-03  4.59935D+06  1.71622D+07  4.08230D+03  7.33788D+03 -1.23885D+07 -1.23885D+07  1.20899D-01  1.86863D+04      4
  4.05120D+03  3.01011D+03  1.80010D+00  1.74323D-03  1.74303D-03  4.46647D+06  1.71329D+07  4.04994D+03  7.41558D+03 -1.19391D+07 -1.19391D+07  1.17363D-01  3.29626D+04      4
  3.94060D+03  3.02194D+03  1.23705D+00  1.17436D-03  1.17436D-03  4.33442D+06  1.71007D+07  4.01689D+03  7.49757D+03 -1.14932D+07 -1.14932D+07  1.13860D-01  5.99443D+04      5
  3.83000D+03  3.03352D+03  8.58744D-01  7.86079D-04  7.86079D-04  4.20313D+06  1.70374D+07  3.98310D+03  7.57323D+03 -1.10510D+07 -1.10510D+07  1.10387D-01  1.07313D+05      6
  3.71940D+03  3.04485D+03  5.60038D-01  5.03485D-04  5.03485D-04  4.07257D+06  1.70101D+07  3.94850D+03  7.66878D+03 -1.06125D+07 -1.06125D+07  1.06942D-01  2.12441D+05      6
  3.60880D+03  3.05595D+03  3.57066D-01  3.14439D-04  3.14439D-04  3.94266D+06  1.69797D+07  3.91305D+03  7.76983D+03 -1.01778D+07 -1.01778D+07  1.03524D-01  4.36337D+05      5
  3.49820D+03  3.06683D+03  2.21840D-01  1.90916D-04  1.90916D-04  3.81336D+06  1.69476D+07  3.87665D+03  7.87744D+03 -9.74712D+06 -9.74712D+06  1.00130D-01  9.34788D+05      5
  3.38760D+03  3.07750D+03  1.33837D-01  1.12330D-04  1.12330D-04  3.68461D+06  1.69150D+07  3.83926D+03  7.99276D+03 -9.32047D+06 -9.32047D+06  9.67584D-02  2.10081D+06      6
  3.35949D+03  3.08016D+03  1.19673D-01  1.00000D-04  1.00000D-04  3.65202D+06  1.69069D+07  3.82947D+03  8.02436D+03 -9.21309D+06 -9.21309D+06  9.59069D-02  2.83351D+06      0
  3.27700D+03  3.08797D+03  7.81096D-02  6.38176D-05  6.38176D-05  3.55637D+06  1.68831D+07  3.80077D+03  8.11707D+03 -8.89801D+06 -8.89801D+06  9.34083D-02  4.98358D+06      7
  3.22170D+03  3.09313D+03  5.88577D-02  4.74156D-05  4.74156D-05  3.49243D+06  1.68678D+07  3.78109D+03  8.18304D+03 -8.68838D+06 -8.68838D+06  9.17407D-02  7.84949D+06      7
  3.16640D+03  3.09825D+03  4.39137D-02  3.48680D-05  3.48680D-05  3.42860D+06  1.68532D+07  3.76110D+03  8.25181D+03 -8.47986D+06 -8.47986D+06  9.00779D-02  1.25648D+07      8
  3.11110D+03  3.10332D+03  3.24215D-02  2.53631D-05  2.53631D-05  3.36487D+06  1.68393D+07  3.74080D+03  8.32360D+03 -8.27244D+06 -8.27244D+06  8.84196D-02  2.04601D+07      5
  3.05580D+03  3.10835D+03  2.36714D-02  1.82381D-05  1.82381D-05  3.30124D+06  1.68264D+07  3.72016D+03  8.39863D+03 -8.06616D+06 -8.06616D+06  8.67658D-02  3.39276D+07      7
  3.00050D+03  3.11334D+03  1.70796D-02  1.29558D-05  1.29558D-05  3.23770D+06  1.68147D+07  3.69917D+03  8.47716D+03 -7.86103D+06 -7.86103D+06  8.51161D-02  5.73556D+07      7
  2.94520D+03  3.11829D+03  1.21697D-02  9.08559D-06  9.08559D-06  3.17425D+06  1.68042D+07  3.67783D+03  8.55944D+03 -7.65706D+06 -7.65706D+06  8.34704D-02  9.89670D+07      7
  2.88990D+03  3.12319D+03  8.55639D-03  6.28507D-06  6.28507D-06  3.11089D+06  1.67952D+07  3.65611D+03  8.64578D+03 -7.45429D+06 -7.45429D+06  8.18287D-02  1.74520D+08      7
  2.83460D+03  3.12805D+03  5.93132D-03  4.28528D-06  4.28528D-06  3.04760D+06  1.67878D+07  3.63399D+03  8.73648D+03 -7.25273D+06 -7.25273D+06  8.01906D-02  3.14944D+08      7
  2.77930D+03  3.13288D+03  4.05019D-03  2.87726D-06  2.87726D-06  2.98438D+06  1.67823D+07  3.61147D+03  8.83189D+03 -7.05240D+06 -7.05240D+06  7.85560D-02  5.82483D+08      6
  2.72400D+03  3.13767D+03  2.72172D-03  1.90061D-06  1.90061D-06  2.92123D+06  1.67788D+07  3.58852D+03  8.93238D+03 -6.85333D+06 -6.85333D+06  7.69247D-02  1.10580D+09      8
  2.66870D+03  3.14241D+03  1.79808D-03  1.23390D-06  1.23390D-06  2.85815D+06  1.67776D+07  3.56512D+03  9.03838D+03 -6.65554D+06 -6.65554D+06  7.52966D-02  2.15848D+09      8
  2.61340D+03  3.14713D+03  1.16651D-03  7.86419D-07  7.86418D-07  2.79513D+06  1.67788D+07  3.54126D+03  9.15032D+03 -6.45906D+06 -6.45906D+06  7.36715D-02  4.33999D+09      6
  2.55810D+03  3.15181D+03  7.42251D-04  4.91466D-07  4.91466D-07  2.73216D+06  1.67829D+07  3.51690D+03  9.26872D+03 -6.26391D+06 -6.26391D+06  7.20491D-02  9.00648D+09     10
  2.50280D+03  3.15645D+03  4.62628D-04  3.00768D-07  3.00768D-07  2.66925D+06  1.67900D+07  3.49204D+03  9.39412D+03 -6.07012D+06 -6.07012D+06  7.04294D-02  1.93321D+10     10
  2.44750D+03  3.16106D+03  2.82040D-04  1.79991D-07  1.79991D-07  2.60638D+06  1.68005D+07  3.46664D+03  9.52715D+03 -5.87772D+06 -5.87772D+06  6.88122D-02  4.30200D+10      9
  2.39220D+03  3.16563D+03  1.67924D-04  1.05167D-07  1.05167D-07  2.54357D+06  1.68146D+07  3.44068D+03  9.66849D+03 -5.68674D+06 -5.68674D+06  6.71972D-02  9.95020D+10     11
  2.33690D+03  3.17018D+03  9.74761D-05  5.98933D-08  5.98933D-08  2.48079D+06  1.68328D+07  3.41412D+03  9.81891D+03 -5.49722D+06 -5.49722D+06  6.55843D-02  2.39865D+11     10
  2.28160D+03  3.17469D+03  5.50636D-05  3.31854D-08  3.31853D-08  2.41805D+06  1.68555D+07  3.38695D+03  9.97926D+03 -5.30917D+06 -5.30917D+06  6.39732D-02  6.04492D+11     10
  2.22630D+03  3.17917D+03  3.02081D-05  1.78524D-08  1.78524D-08  2.35535D+06  1.68831D+07  3.35913D+03  1.01505D+04 -5.12265D+06 -5.12265D+06  6.23639D-02  1.59790D+12      9
  2.17100D+03  3.18362D+03  1.60583D-05  9.30381D-09  9.30381D-09  2.29268D+06  1.69162D+07  3.33062D+03  1.03338D+04 -4.93769D+06 -4.93769D+06  6.07561D-02  4.44665D+12     10
  2.09863D+03  3.18940D+03  6.66988D-06  3.76396D-09  3.76398D-09  2.21072D+06  1.69687D+07  3.29223D+03  1.05938D+04 -4.69806D+06 -4.69806D+06  5.86540D-02  1.84652D+13      8
  2.02627D+03  3.19513D+03  2.59746D-06  1.42717D-09  1.42716D-09  2.12880D+06  1.70331D+07  3.25250D+03  1.08796D+04 -4.46125D+06 -4.46125D+06  5.65538D-02  8.51799D+13      9
  1.95390D+03  3.20081D+03  9.41656D-07  5.03558D-10  5.03558D-10  2.04693D+06  1.71109D+07  3.21135D+03  1.11952D+04 -4.22737D+06 -4.22737D+06  5.44549D-02  4.41606D+14     13
  1.88153D+03  3.20645D+03  3.15195D-07  1.63994D-10  1.63988D-10  1.96509D+06  1.72043D+07  3.16867D+03  1.15450D+04 -3.99653D+06 -3.99653D+06  5.23571D-02  2.60773D+15     16
  1.80917D+03  3.21204D+03  9.64889D-08  4.88265D-11  4.88251D-11  1.88329D+06  1.73156D+07  3.12434D+03  1.19346D+04 -3.76883D+06 -3.76883D+06  5.02597D-02  1.00000+100     11
  1.73680D+03  3.21759D+03  2.67168D-08  1.31518D-11  1.31447D-11  1.80152D+06  1.74475D+07  3.07821D+03  1.23706D+04 -3.54440D+06 -3.54440D+06  4.81626D-02  1.00000+100     13
  1.66443D+03  3.22309D+03  6.60499D-09  3.15821D-12  3.15876D-12  1.71978D+06  1.76033D+07  3.03013D+03  1.28609D+04 -3.32338D+06 -3.32338D+06  4.60651D-02  1.00000+100     14
  1.59207D+03  3.22856D+03  1.43588D-09  6.54006D-13  6.67319D-13  1.63807D+06  1.77864D+07  2.97994D+03  1.34154D+04 -3.10592D+06 -3.10592D+06  4.39670D-02  1.00000+100     14
  1.51970D+03  3.23398D+03  2.69566D-10  1.17660D-13  1.21716D-13  1.55638D+06  1.80010D+07  2.92742D+03  1.40461D+04 -2.89217D+06 -2.89217D+06  4.18678D-02  1.00000+100     15
  1.44733D+03  3.23937D+03  4.27689D-11  1.59979D-14  1.87573D-14  1.47472D+06  1.82514D+07  2.87236D+03  1.47675D+04 -2.68231D+06 -2.68231D+06  3.97673D-02  1.00000+100     16
  1.37497D+03  3.24471D+03  5.58723D-12 -4.24385D-15  2.37934D-15  1.39308D+06  1.85425D+07  2.81449D+03  1.55975D+04 -2.47653D+06 -2.47653D+06  3.76651D-02  1.00000+100     16
  1.30260D+03  3.25002D+03  5.82250D-13  5.88894D-15  2.40651D-16  1.31146D+06  1.88784D+07  2.75351D+03  1.65577D+04 -2.27505D+06 -2.27505D+06  3.55611D-02  1.00000+100     19
  1.23023D+03  3.25530D+03  4.65531D-14 -1.41382D-14  1.86602D-17  1.22988D+06  1.92628D+07  2.68907D+03  1.76739D+04 -2.07811D+06 -2.07811D+06  3.34551D-02  1.00000+100     20
  1.15787D+03  3.26054D+03  2.72056D-15 -7.51019D-15  1.05627D-18  1.14832D+06  1.96968D+07  2.62074D+03  1.89765D+04 -1.88597D+06 -1.88597D+06  3.13471D-02  1.00000+100     21
  1.08550D+03  3.26575D+03  1.09309D-16 -3.30210D-15  4.10226D-20  1.06680D+06  2.01777D+07  2.54803D+03  2.05005D+04 -1.69893D+06 -1.69893D+06  2.92373D-02  1.00000+100     22
  1.01313D+03  3.27092D+03  2.79144D-18 -8.26120D-15  1.00929D-21  9.85326D+05  2.06966D+07  2.47035D+03  2.22842D+04 -1.51733D+06 -1.51733D+06  2.71261D-02  1.00000+100     22
  9.40767D+02  3.27606D+03  4.08833D-20  9.89437D-16  1.41700D-23  9.03909D+05  2.12358D+07  2.38697D+03  2.43687D+04 -1.34155D+06 -1.34155D+06  2.50140D-02  1.00000+100     22
  8.68400D+02  3.28118D+03  2.99318D-22 -1.55568D-14  9.87205D-26  8.22569D+05  2.17672D+07  2.29700D+03  2.67968D+04 -1.17203D+06 -1.17203D+06  2.29023D-02  1.00000+100     25
  7.96033D+02  3.28625D+03  9.07359D-25  7.91550D-15  2.81911D-28  7.41330D+05  2.22545D+07  2.19932D+03  2.96167D+04 -1.00930D+06 -1.00930D+06  2.07926D-02  1.00000+100     29
  7.23667D+02  3.29130D+03  8.73311D-28  1.16348D-14  2.52273D-31  6.60230D+05  2.26594D+07  2.09250D+03  3.28931D+04 -8.53956D+05 -8.53956D+05  1.86873D-02  1.00000+100     32
  6.51300D+02  3.29631D+03  1.81397D-31  3.31998D-15  4.79477D-35  5.79324D+05  2.29527D+07  1.97470D+03  3.67344D+04 -7.06726D+05 -7.06726D+05  1.65899D-02  1.00000+100     35
  5.78933D+02  3.30129D+03  4.54390D-36 -2.62856D-15  1.07892D-39  4.98698D+05  2.31257D+07  1.84348D+03  4.13399D+04 -5.68490D+05 -5.68490D+05  1.45054D-02  1.00000+100     37
  5.06567D+02  3.30622D+03  5.48919D-42  1.73450D-15  1.14671D-45  4.18485D+05  2.31950D+07  1.69547D+03  4.70730D+04 -4.40333D+05 -4.40333D+05  1.24408D-02  1.00000+100     42
  4.34200D+02  3.31109D+03  8.50181D-53 -1.00553D-14  7.63262D-57  3.38914D+05  1.27286D+07  1.52598D+03  3.02690D+04 -3.23630D+05 -3.23630D+05  1.04057D-02  1.00000+100     53
  3.61833D+02  3.31588D+03  8.78662D-65  1.79708D-15  6.57359D-69  2.60403D+05  1.26887D+07  1.32822D+03  3.58750D+04 -2.20164D+05 -2.16517D+05  8.41295D-03  1.00000+100     63
  2.89467D+02  3.32054D+03  7.16810D-83 -5.30779D-15  4.29017D-87  1.83790D+05  1.26500D+07  1.09212D+03  4.43681D+04 -1.32324D+05 -1.32444D+05  6.47921D-03  1.00000+100     81
  2.17100D+02  3.32494D+03  4.50334-113  1.75238D-15  2.02147-117  1.10980D+05  1.26123D+07  8.03175D+02  5.85975D+04 -6.33792D+04 -6.36401D+04  4.62529D-03  1.00000+100    105


  DATA ARRAY FOR MATERIAL   1

  C( 1) = 1.395743391D+00  C(30) = 4.000000000D+00  C(59) = 2.000000000D-01
  C( 2) = 1.470783358D+00  C(31) = 1.000000000D+00  C(60) = 0.000000000D+00
  C( 3) = 1.479775143D+12  C(32) = 2.329594056D+13  C(61) = 0.000000000D+00
  C( 4) = 3.381401465D+11  C(33) = 2.514908890D+00  C(62) = 5.000000000D-01
  C( 5) = 6.076218436D+00  C(34) = 3.502587418D+13  C(63) = 1.000000000D+00
  C( 6) = 1.700000000D+00  C(35) =-7.600223132D+13  C(64) = 0.000000000D+00
  C( 7) = 6.599155260D+11  C(36) = 4.286030637D+13  C(65) = 0.000000000D+00
  C( 8) = 2.315811931D+10  C(37) = 5.072185833D+13  C(66) = 2.000000000D+00
  C( 9) = 4.434838349D+12  C(38) =-5.400853035D+13  C(67) = 4.350000000D+00
  C(10) = 1.250000000D+11  C(39) = 8.515681053D+13  C(68) = 2.000000000D+00
  C(11) = 3.320000000D+00  C(40) =-2.987733836D+13  C(69) = 1.500000000D-08
  C(12) = 2.567717075D-02  C(41) = 0.000000000D+00  C(70) = 1.000000000D+00
  C(13) = 6.852096656D-05  C(42) = 1.000000000D-01  C(71) = 1.000000000D+00
  C(14) =-9.589159092D-03  C(43) = 0.000000000D+00  C(72) = 0.000000000D+00
  C(15) = 8.200000000D-01  C(44) = 0.000000000D+00  C(73) = 7.588563051D-01
  C(16) =-5.806357962D-02  C(45) = 0.000000000D+00  C(74) = 1.680576237D+00
  C(17) = 1.385542169D-01  C(46) = 0.000000000D+00  C(75) = 0.000000000D+00
  C(18) = 1.870642205D-01  C(47) = 3.183621938D+00  C(76) = 0.000000000D+00
  C(19) = 3.331557957D+00  C(48) = 0.000000000D+00  C(77) = 0.000000000D+00
  C(20) = 1.000000000D+06  C(49) = 0.000000000D+00  C(78) = 2.604585922D+00
  C(21) = 1.437939120D+12  C(50) = 0.000000000D+00  C(79) = 4.617520425D+01
  C(22) = 0.000000000D+00  C(51) = 0.000000000D+00  C(80) = 4.350000000D+00
  C(23) = 3.100000000D+00  C(52) = 0.000000000D+00  C(81) = 5.000000000D-01
  C(24) = 6.666666667D-01  C(53) = 0.000000000D+00  C(82) = 1.000000000D+00
  C(25) =-3.662012608D-02  C(54) = 0.000000000D+00  C(83) = 1.700000000D+00
  C(26) = 1.000200000D+01  C(55) = 0.000000000D+00  C(84) = 1.000000000D+00
  C(27) = 2.995641485D+22  C(56) = 0.000000000D+00  C(85) = 1.723300051D-01
  C(28) = 3.000000000D+00  C(57) = 3.000000000D-01  C(86) = 2.000000000D+00
  C(29) = 2.010638800D+01  C(58) = 1.000000000D-01  C(87) = 1.000000000D+00

  LOCKP( 1)=   1    LOCKPL( 1)=  99  (two-phase array storage data)


   ZERO-TEMPERATURE ISOTHERM

        RHO          P         DPDR          E          ETA          GIBBS
      kg/m**3       GPa	    (m/sec)**2     J/kg                     J/kg

    3.3200D+03 -5.0736D-01  4.3380D+07  2.6643D+02  9.9653D-01 -1.5255D+05
    3.3832D+03  2.2853D+00  4.4110D+07  5.2146D+03  1.0155D+00  6.8071D+05
    3.4464D+03  5.0653D+00  4.3891D+07  2.5096D+04  1.0345D+00  1.4948D+06
    3.5096D+03  7.8367D+00  4.3838D+07  5.8760D+04  1.0534D+00  2.2917D+06
    3.5728D+03  1.0610D+01  4.3941D+07  1.0520D+05  1.0724D+00  3.0748D+06
    3.6360D+03  1.3394D+01  4.4194D+07  1.6355D+05  1.0914D+00  3.8473D+06
    3.6992D+03  1.6199D+01  4.4588D+07  2.3302D+05  1.1104D+00  4.6120D+06
    3.7624D+03  1.9033D+01  4.5117D+07  3.1297D+05  1.1293D+00  5.3716D+06
    3.8256D+03  2.1904D+01  4.5775D+07  4.0279D+05  1.1483D+00  6.1285D+06
    3.8888D+03  2.4821D+01  4.6555D+07  5.0199D+05  1.1673D+00  6.8848D+06
    3.9520D+03  2.7791D+01  4.7451D+07  6.1012D+05  1.1862D+00  7.6423D+06
    4.0152D+03  3.0821D+01  4.8460D+07  7.2678D+05  1.2052D+00  8.4030D+06
    4.0784D+03  3.3919D+01  4.9574D+07  8.5166D+05  1.2242D+00  9.1684D+06
    4.1416D+03  3.7090D+01  5.0791D+07  9.8445D+05  1.2431D+00  9.9399D+06
    4.2048D+03  4.0341D+01  5.2105D+07  1.1249D+06  1.2621D+00  1.0719D+07
    4.2680D+03  4.3678D+01  5.3512D+07  1.2728D+06  1.2811D+00  1.1507D+07
    4.3312D+03  4.7107D+01  5.5009D+07  1.4279D+06  1.3001D+00  1.2304D+07
    4.3944D+03  5.0633D+01  5.6591D+07  1.5901D+06  1.3190D+00  1.3112D+07
    4.4576D+03  5.4262D+01  5.8255D+07  1.7593D+06  1.3380D+00  1.3932D+07
    4.5208D+03  5.7998D+01  5.9998D+07  1.9353D+06  1.3570D+00  1.4764D+07
    4.5840D+03  6.1847D+01  6.1817D+07  2.1180D+06  1.3759D+00  1.5610D+07
    4.6472D+03  6.5813D+01  6.3708D+07  2.3073D+06  1.3949D+00  1.6469D+07
    4.7104D+03  6.5992D+01  1.3417D-04  2.4978D+06  1.4139D+00  1.6508D+07
    4.7736D+03  6.5992D+01  1.0127D-04  2.6833D+06  1.4328D+00  1.6508D+07
    4.8368D+03  6.5992D+01  7.0239D-05  2.8639D+06  1.4518D+00  1.6508D+07
    4.9000D+03  6.5992D+01  1.0506D+08  3.0399D+06  1.4708D+00  1.6508D+07
    4.9632D+03  7.2864D+01  1.1242D+08  3.2202D+06  1.4898D+00  1.7901D+07
    5.0264D+03  8.0200D+01  1.1971D+08  3.4139D+06  1.5087D+00  1.9370D+07
    5.0896D+03  8.7994D+01  1.2693D+08  3.6215D+06  1.5277D+00  2.0911D+07
    5.1528D+03  9.6243D+01  1.3408D+08  3.8434D+06  1.5467D+00  2.2521D+07
    5.2160D+03  1.0494D+02  1.4117D+08  4.0798D+06  1.5656D+00  2.4199D+07
    5.2792D+03  1.1409D+02  1.4819D+08  4.3310D+06  1.5846D+00  2.5941D+07
    5.3424D+03  1.2367D+02  1.5515D+08  4.5973D+06  1.6036D+00  2.7746D+07
    5.4056D+03  1.3370D+02  1.6206D+08  4.8788D+06  1.6225D+00  2.9612D+07
    5.4688D+03  1.4415D+02  1.6890D+08  5.1757D+06  1.6415D+00  3.1535D+07
    5.5320D+03  1.5504D+02  1.7569D+08  5.4881D+06  1.6605D+00  3.3515D+07
    5.5952D+03  1.6636D+02  1.8242D+08  5.8161D+06  1.6795D+00  3.5549D+07
    5.6584D+03  1.7810D+02  1.8911D+08  6.1598D+06  1.6984D+00  3.7635D+07
    5.7216D+03  1.9026D+02  1.9574D+08  6.5192D+06  1.7174D+00  3.9772D+07
    5.7848D+03  2.0284D+02  2.0232D+08  6.8944D+06  1.7364D+00  4.1959D+07
    5.8480D+03  2.1583D+02  2.0886D+08  7.2854D+06  1.7553D+00  4.4193D+07
    5.9112D+03  2.2924D+02  2.1535D+08  7.6921D+06  1.7743D+00  4.6473D+07
    5.9744D+03  2.4305D+02  2.2179D+08  8.1146D+06  1.7933D+00  4.8797D+07
    6.0376D+03  2.5727D+02  2.2819D+08  8.5528D+06  1.8122D+00  5.1165D+07
    6.1008D+03  2.7190D+02  2.3455D+08  9.0067D+06  1.8312D+00  5.3574D+07
    6.1640D+03  2.8692D+02  2.4087D+08  9.4762D+06  1.8502D+00  5.6024D+07
    6.2272D+03  3.0234D+02  2.4715D+08  9.9612D+06  1.8692D+00  5.8513D+07
    6.2904D+03  3.1816D+02  2.5340D+08  1.0462D+07  1.8881D+00  6.1040D+07
    6.3536D+03  3.3437D+02  2.5960D+08  1.0977D+07  1.9071D+00  6.3604D+07
    6.4168D+03  3.5097D+02  2.6577D+08  1.1509D+07  1.9261D+00  6.6204D+07


   ZERO-TEMPERATURE ISOTHERM

        RHO          P         DPDR          E          ETA       GAMMA      T(PSI=1)     THETA       GIBBS
      kg/m**3       GPa	    (m/sec)**2     J/kg                                K           K          J/kg

    3.3200D+04  3.4322D+04  2.1631D+09  7.0849D+08  1.0000D+01  6.2200D-01  1.8536D+06 -1.7287D+03  1.7423D+09
    3.0279D+04  2.8272D+04  1.9783D+09  6.1794D+08  9.1201D+00  6.1840D-01  1.7050D+06 -1.6328D+03  1.5517D+09
    2.7615D+04  2.3229D+04  1.8074D+09  5.3626D+08  8.3176D+00  6.1459D-01  1.5694D+06 -1.5426D+03  1.3774D+09
    2.5185D+04  1.9029D+04  1.6492D+09  4.6278D+08  7.5858D+00  6.1058D-01  1.4456D+06 -1.4580D+03  1.2184D+09
    2.2969D+04  1.5536D+04  1.5027D+09  3.9688D+08  6.9183D+00  6.0640D-01  1.3326D+06 -1.3785D+03  1.0733D+09
    2.0948D+04  1.2636D+04  1.3672D+09  3.3800D+08  6.3096D+00  6.0205D-01  1.2294D+06 -1.3039D+03  9.4121D+08
    1.9105D+04  1.0231D+04  1.2416D+09  2.8560D+08  5.7544D+00  5.9759D-01  1.1352D+06 -1.2338D+03  8.2115D+08
    1.7424D+04  8.2419D+03  1.1252D+09  2.3919D+08  5.2481D+00  5.9306D-01  1.0490D+06 -1.1680D+03  7.1222D+08
    1.5891D+04  6.5994D+03  1.0172D+09  1.9831D+08  4.7863D+00  5.8852D-01  9.7014D+05 -1.1061D+03  6.1362D+08
    1.4492D+04  5.2470D+03  9.1690D+08  1.6255D+08  4.3652D+00  5.8406D-01  8.9798D+05 -1.0480D+03  5.2461D+08
    1.3217D+04  4.1371D+03  8.2358D+08  1.3149D+08  3.9811D+00  5.7979D-01  8.3185D+05 -9.9330D+02  4.4450D+08
    1.2054D+04  3.2297D+03  7.3659D+08  1.0477D+08  3.6308D+00  5.7585D-01  7.7118D+05 -9.4182D+02  3.7270D+08
    1.0994D+04  2.4914D+03  6.5532D+08  8.2020D+07  3.3113D+00  5.7244D-01  7.1542D+05 -8.9332D+02  3.0864D+08
    1.0026D+04  1.8942D+03  5.7919D+08  6.2911D+07  3.0200D+00  5.6978D-01  6.6407D+05 -8.4755D+02  2.5183D+08
    9.1440D+03  1.4146D+03  5.0763D+08  4.7113D+07  2.7542D+00  5.6817D-01  6.1665D+05 -8.0428D+02  2.0181D+08
    8.3395D+03  1.0332D+03  4.4012D+08  3.4309D+07  2.5119D+00  5.6796D-01  5.7271D+05 -7.6329D+02  1.5820D+08
    7.6057D+03  7.3352D+02  3.7615D+08  2.4188D+07  2.2909D+00  5.6962D-01  5.3184D+05 -7.2435D+02  1.2063D+08
    6.9365D+03  5.0202D+02  3.1523D+08  1.6440D+07  2.0893D+00  5.7369D-01  4.9363D+05 -6.8721D+02  8.8815D+07
    6.3261D+03  3.2727D+02  2.5691D+08  1.0751D+07  1.9055D+00  5.8088D-01  4.5769D+05 -6.5164D+02  6.2485D+07
    5.7695D+03  1.9976D+02  2.0073D+08  6.8021D+06  1.7378D+00  5.9203D-01  4.2366D+05 -6.1740D+02  4.1425D+07
    5.2618D+03  1.1153D+02  1.4627D+08  4.2605D+06  1.5849D+00  6.0818D-01  3.9118D+05 -5.8423D+02  2.5456D+07
    4.7989D+03  6.5992D+01  8.8651D-05  2.7560D+06  1.4454D+00  6.3061D-01  3.5992D+05 -5.5186D+02  1.6508D+07
    4.3766D+03  4.9630D+01  5.6137D+07  1.5438D+06  1.3183D+00  6.6089D-01  3.2956D+05 -5.2003D+02  1.2884D+07
    3.9915D+03  2.9678D+01  4.8069D+07  6.8208D+05  1.2023D+00  7.0092D-01  2.9983D+05 -4.8846D+02  8.1174D+06
    3.6403D+03  1.3584D+01  4.4216D+07  1.6793D+05  1.0965D+00  7.5301D-01  2.7048D+05 -4.5687D+02  3.8996D+06
    3.3200D+03 -5.0752D-01  4.3380D+07  2.6660D+02  1.0000D+00  8.2000D-01  2.4136D+05 -4.2500D+02 -1.5260D+05
    3.0279D+03 -9.8249D+00  2.1826D+07  1.6974D+05  9.1201D-01  8.8720D-01  2.1262D+05 -3.9282D+02 -3.0751D+06
    2.7615D+03 -1.3767D+01  8.6559D+06  5.5681D+05  8.3176D-01  9.3984D-01  1.8525D+05 -3.6108D+02 -4.4286D+06
    2.5185D+03 -1.4838D+01  7.1756D+05  1.0627D+06  7.5858D-01  9.8066D-01  1.6003D+05 -3.3049D+02 -4.8290D+06
    2.2969D+03 -1.4440D+01 -3.9623D+06  1.6265D+06  6.9183D-01  1.0119D+00  1.3733D+05 -3.0150D+02 -4.6601D+06
    2.0948D+03 -1.3348D+01 -6.6190D+06  2.2113D+06  6.3096D-01  1.0355D+00  1.1727D+05 -2.7435D+02 -4.1608D+06
    1.9105D+03 -1.1986D+01 -8.0253D+06  2.7947D+06  5.7544D-01  1.0528D+00  9.9756D+04 -2.4919D+02 -3.4790D+06
    1.7424D+03 -1.0575D+01 -8.6642D+06  3.3637D+06  5.2481D-01  1.0651D+00  8.4630D+04 -2.2602D+02 -2.7058D+06
    1.5890D+03 -9.2294D+00 -8.8375D+06  3.9110D+06  4.7863D-01  1.0736D+00  7.1662D+04 -2.0482D+02 -1.8971D+06
    1.4492D+03 -7.9985D+00 -8.7332D+06  4.4328D+06  4.3652D-01  1.0788D+00  6.0605D+04 -1.8549D+02 -1.0864D+06
    1.3217D+03 -6.9002D+00 -8.4683D+06  4.9274D+06  3.9811D-01  1.0817D+00  5.1216D+04 -1.6792D+02 -2.9329D+05
    1.2054D+03 -5.9350D+00 -8.1153D+06  5.3945D+06  3.6308D-01  1.0826D+00  4.3267D+04 -1.5198D+02  4.7089D+05
    1.0994D+03 -5.0948D+00 -7.7186D+06  5.8346D+06  3.3113D-01  1.0821D+00  3.6550D+04 -1.3756D+02  1.2003D+06
    1.0026D+03 -4.3677D+00 -7.3057D+06  6.2485D+06  3.0199D-01  1.0805D+00  3.0882D+04 -1.2452D+02  1.8922D+06
    9.1440D+02 -3.7412D+00 -6.8927D+06  6.6375D+06  2.7542D-01  1.0781D+00  2.6103D+04 -1.1274D+02  2.5460D+06
    8.3394D+02 -3.2027D+00 -6.4894D+06  7.0026D+06  2.5119D-01  1.0752D+00  2.2074D+04 -1.0209D+02  3.1622D+06
    7.6057D+02 -2.7406D+00 -6.1012D+06  7.3453D+06  2.2909D-01  1.0718D+00  1.8678D+04 -9.2482D+01  3.7419D+06
    6.9365D+02 -2.3446D+00 -5.7309D+06  7.6668D+06  2.0893D-01  1.0682D+00  1.5815D+04 -8.3803D+01  4.2867D+06
    6.3261D+02 -2.0055D+00 -5.3797D+06  7.9684D+06  1.9055D-01  1.0644D+00  1.3400D+04 -7.5964D+01  4.7982D+06
    5.7695D+02 -1.7153D+00 -5.0480D+06  8.2512D+06  1.7378D-01  1.0606D+00  1.1361D+04 -6.8882D+01  5.2782D+06
    5.2618D+02 -1.4669D+00 -4.7354D+06  8.5164D+06  1.5849D-01  1.0568D+00  9.6398D+03 -6.2482D+01  5.7286D+06
    4.7989D+02 -1.2544D+00 -4.4414D+06  8.7651D+06  1.4454D-01  1.0531D+00  8.1847D+03 -5.6697D+01  6.1511D+06
    4.3766D+02 -1.0727D+00 -4.1651D+06  8.9982D+06  1.3183D-01  1.0495D+00  6.9540D+03 -5.1464D+01  6.5473D+06
    3.9915D+02 -9.1725D-01 -3.9057D+06  9.2169D+06  1.2023D-01  1.0461D+00  5.9121D+03 -4.6730D+01  6.9189D+06
    3.6403D+02 -7.8434D-01 -3.6622D+06  9.4218D+06  1.0965D-01  1.0427D+00  5.0295D+03 -4.2444D+01  7.2673D+06
    3.3200D+02 -6.7067D-01 -3.4338D+06  9.6140D+06  1.0000D-01  1.0396D+00  4.2812D+03 -3.8563D+01  7.5939D+06
    3.0279D+02 -5.7348D-01 -3.2196D+06  9.7942D+06  9.1201D-02  1.0366D+00  3.6463D+03 -3.5047D+01  7.9002D+06
    2.7614D+02 -4.9037D-01 -3.0186D+06  9.9632D+06  8.3176D-02  1.0338D+00  3.1072D+03 -3.1860D+01  8.1874D+06
    2.5185D+02 -4.1930D-01 -2.8302D+06  1.0122D+07  7.5858D-02  1.0312D+00  2.6491D+03 -2.8970D+01  8.4567D+06
    2.2969D+02 -3.5853D-01 -2.6536D+06  1.0270D+07  6.9183D-02  1.0288D+00  2.2596D+03 -2.6348D+01  8.7091D+06
    2.0948D+02 -3.0657D-01 -2.4879D+06  1.0409D+07  6.3096D-02  1.0265D+00  1.9282D+03 -2.3968D+01  8.9458D+06
    1.9105D+02 -2.6214D-01 -2.3326D+06  1.0540D+07  5.7544D-02  1.0244D+00  1.6461D+03 -2.1808D+01  9.1677D+06
    1.7424D+02 -2.2414D-01 -2.1869D+06  1.0662D+07  5.2481D-02  1.0224D+00  1.4058D+03 -1.9847D+01  9.3758D+06
    1.5890D+02 -1.9166D-01 -2.0504D+06  1.0777D+07  4.7863D-02  1.0206D+00  1.2010D+03 -1.8065D+01  9.5708D+06
    1.4492D+02 -1.6388D-01 -1.9224D+06  1.0885D+07  4.3651D-02  1.0189D+00  1.0264D+03 -1.6445D+01  9.7537D+06
    1.3217D+02 -1.4013D-01 -1.8024D+06  1.0985D+07  3.9811D-02  1.0173D+00  8.7738D+02 -1.4973D+01  9.9252D+06
    1.2054D+02 -1.1982D-01 -1.6898D+06  1.1080D+07  3.6308D-02  1.0159D+00  7.5024D+02 -1.3635D+01  1.0086D+07
    1.0994D+02 -1.0245D-01 -1.5843D+06  1.1169D+07  3.3113D-02  1.0145D+00  6.4168D+02 -1.2418D+01  1.0237D+07
    1.0026D+02 -8.7605D-02 -1.4854D+06  1.1252D+07  3.0199D-02  1.0133D+00  5.4895D+02 -1.1311D+01  1.0378D+07
    9.1440D+01 -7.4908D-02 -1.3926D+06  1.1330D+07  2.7542D-02  1.0122D+00  4.6973D+02 -1.0303D+01  1.0511D+07
    8.3394D+01 -6.4051D-02 -1.3057D+06  1.1403D+07  2.5119D-02  1.0112D+00  4.0202D+02 -9.3868D+00  1.0635D+07
    7.6057D+01 -5.4768D-02 -1.2242D+06  1.1471D+07  2.2909D-02  1.0102D+00  3.4414D+02 -8.5524D+00  1.0751D+07
    6.9364D+01 -4.6831D-02 -1.1477D+06  1.1536D+07  2.0893D-02  1.0093D+00  2.9463D+02 -7.7929D+00  1.0860D+07
    6.3261D+01 -4.0043D-02 -1.0761D+06  1.1596D+07  1.9055D-02  1.0085D+00  2.5229D+02 -7.1014D+00  1.0963D+07
    5.7695D+01 -3.4240D-02 -1.0089D+06  1.1652D+07  1.7378D-02  1.0078D+00  2.1606D+02 -6.4717D+00  1.1059D+07
    5.2618D+01 -2.9277D-02 -9.4589D+05  1.1705D+07  1.5849D-02  1.0071D+00  1.8506D+02 -5.8982D+00  1.1149D+07
    4.7988D+01 -2.5034D-02 -8.8683D+05  1.1755D+07  1.4454D-02  1.0065D+00  1.5853D+02 -5.3758D+00  1.1233D+07
    4.3766D+01 -2.1406D-02 -8.3146D+05  1.1801D+07  1.3183D-02  1.0060D+00  1.3581D+02 -4.9000D+00  1.1312D+07
    3.9915D+01 -1.8303D-02 -7.7954D+05  1.1845D+07  1.2023D-02  1.0054D+00  1.1636D+02 -4.4665D+00  1.1386D+07
    3.6403D+01 -1.5651D-02 -7.3087D+05  1.1886D+07  1.0965D-02  1.0050D+00  9.9710D+01 -4.0716D+00  1.1456D+07
    3.3200D+01 -1.3382D-02 -6.8524D+05  1.1924D+07  1.0000D-02  1.0045D+00  8.5446D+01 -3.7117D+00  1.1521D+07
    3.0279D+01 -1.1443D-02 -6.4245D+05  1.1960D+07  9.1201D-03  1.0041D+00  7.3228D+01 -3.3837D+00  1.1582D+07
    2.7614D+01 -9.7843D-03 -6.0234D+05  1.1994D+07  8.3176D-03  1.0038D+00  6.2762D+01 -3.0849D+00  1.1640D+07
    2.5185D+01 -8.3662D-03 -5.6473D+05  1.2025D+07  7.5858D-03  1.0035D+00  5.3795D+01 -2.8125D+00  1.1693D+07
    2.2969D+01 -7.1537D-03 -5.2947D+05  1.2055D+07  6.9183D-03  1.0032D+00  4.6111D+01 -2.5643D+00  1.1744D+07
    2.0948D+01 -6.1169D-03 -4.9641D+05  1.2083D+07  6.3096D-03  1.0029D+00  3.9528D+01 -2.3380D+00  1.1791D+07
    1.9105D+01 -5.2303D-03 -4.6542D+05  1.2109D+07  5.7544D-03  1.0026D+00  3.3885D+01 -2.1317D+00  1.1835D+07
    1.7424D+01 -4.4723D-03 -4.3636D+05  1.2133D+07  5.2481D-03  1.0024D+00  2.9050D+01 -1.9437D+00  1.1877D+07
    1.5890D+01 -3.8241D-03 -4.0911D+05  1.2156D+07  4.7863D-03  1.0022D+00  2.4906D+01 -1.7723D+00  1.1916D+07
    1.4492D+01 -3.2699D-03 -3.8357D+05  1.2178D+07  4.3651D-03  1.0020D+00  2.1353D+01 -1.6161D+00  1.1952D+07
    1.3217D+01 -2.7959D-03 -3.5962D+05  1.2198D+07  3.9811D-03  1.0018D+00  1.8308D+01 -1.4736D+00  1.1986D+07
    1.2054D+01 -2.3907D-03 -3.3716D+05  1.2217D+07  3.6308D-03  1.0017D+00  1.5698D+01 -1.3437D+00  1.2018D+07
    1.0994D+01 -2.0442D-03 -3.1611D+05  1.2234D+07  3.3113D-03  1.0015D+00  1.3460D+01 -1.2253D+00  1.2048D+07
    1.0026D+01 -1.7480D-03 -2.9637D+05  1.2251D+07  3.0199D-03  1.0014D+00  1.1541D+01 -1.1173D+00  1.2077D+07
    9.1440D+00 -1.4946D-03 -2.7787D+05  1.2266D+07  2.7542D-03  1.0013D+00  9.8966D+00 -1.0189D+00  1.2103D+07
    8.3394D+00 -1.2780D-03 -2.6052D+05  1.2281D+07  2.5119D-03  1.0012D+00  8.4864D+00 -9.2915D-01  1.2128D+07
    7.6057D+00 -1.0928D-03 -2.4425D+05  1.2295D+07  2.2909D-03  1.0011D+00  7.2773D+00 -8.4731D-01  1.2151D+07
    6.9364D+00 -9.3439D-04 -2.2900D+05  1.2308D+07  2.0893D-03  1.0010D+00  6.2406D+00 -7.7269D-01  1.2173D+07
    6.3261D+00 -7.9897D-04 -2.1470D+05  1.2320D+07  1.9055D-03  1.0009D+00  5.3516D+00 -7.0464D-01  1.2193D+07
    5.7695D+00 -6.8317D-04 -2.0130D+05  1.2331D+07  1.7378D-03  1.0008D+00  4.5893D+00 -6.4259D-01  1.2212D+07
    5.2618D+00 -5.8416D-04 -1.8873D+05  1.2341D+07  1.5849D-03  1.0007D+00  3.9357D+00 -5.8601D-01  1.2230D+07
    4.7988D+00 -4.9949D-04 -1.7695D+05  1.2351D+07  1.4454D-03  1.0007D+00  3.3752D+00 -5.3441D-01  1.2247D+07
    4.3766D+00 -4.2710D-04 -1.6590D+05  1.2361D+07  1.3183D-03  1.0006D+00  2.8946D+00 -4.8736D-01  1.2263D+07
    3.9915D+00 -3.6520D-04 -1.5554D+05  1.2369D+07  1.2023D-03  1.0006D+00  2.4824D+00 -4.4445D-01  1.2278D+07
    3.6403D+00 -3.1227D-04 -1.4583D+05  1.2377D+07  1.0965D-03  1.0005D+00  2.1289D+00 -4.0533D-01  1.2292D+07
    3.3200D+00 -2.6701D-04 -1.3672D+05  1.2385D+07  1.0000D-03  1.0005D+00  1.8258D+00 -3.6965D-01  1.2305D+07


   HUGONIOT

      RHO          T           P          PC           E           S           V           U       RHO/RHOO  #IT  STATE
    kg/m**3        K          GPa        GPa          J/kg      J/kg-K       km/sec      km/sec

  3.3200D+03  2.9800D+02  1.0000D-04 -5.0736D-01  1.9268D+05  1.1224D+03  6.5960D+00  0.0000D+00  1.0000D+00  0  INITIAL
  3.3725D+03  3.0175D+02  2.3281D+00  1.8138D+00  1.9814D+05  1.1225D+03  6.7104D+00  1.0449D-01  1.0158D+00  2  1 PHASE
  3.4127D+03  3.0465D+02  4.1025D+00  3.5827D+00  2.0945D+05  1.1229D+03  6.7462D+00  1.8316D-01  1.0279D+00  2  1 PHASE
  3.4514D+03  3.0755D+02  5.8121D+00  5.2867D+00  2.2601D+05  1.1237D+03  6.7799D+00  2.5821D-01  1.0396D+00  3  1 PHASE
  3.4883D+03  3.1045D+02  7.4326D+00  6.9012D+00  2.4667D+05  1.1250D+03  6.8126D+00  3.2861D-01  1.0507D+00  3  1 PHASE
  3.5228D+03  3.1335D+02  8.9508D+00  8.4132D+00  2.7026D+05  1.1270D+03  6.8442D+00  3.9391D-01  1.0611D+00  3  1 PHASE
  3.5548D+03  3.1625D+02  1.0364D+01  9.8198D+00  2.9578D+05  1.1295D+03  6.8744D+00  4.5409D-01  1.0707D+00  3  1 PHASE
  3.5845D+03  3.1916D+02  1.1676D+01  1.1125D+01  3.2244D+05  1.1326D+03  6.9033D+00  5.0942D-01  1.0797D+00  3  1 PHASE
  3.6120D+03  3.2206D+02  1.2894D+01  1.2336D+01  3.4967D+05  1.1361D+03  6.9307D+00  5.6034D-01  1.0880D+00  3  1 PHASE
  3.6375D+03  3.2496D+02  1.4027D+01  1.3462D+01  3.7709D+05  1.1401D+03  6.9568D+00  6.0731D-01  1.0956D+00  3  1 PHASE
  3.6613D+03  3.2786D+02  1.5085D+01  1.4513D+01  4.0445D+05  1.1444D+03  6.9817D+00  6.5079D-01  1.1028D+00  3  1 PHASE
  3.6834D+03  3.3076D+02  1.6076D+01  1.5497D+01  4.3156D+05  1.1490D+03  7.0053D+00  6.9120D-01  1.1095D+00  3  1 PHASE
  3.7917D+03  3.4817D+02  2.0984D+01  2.0359D+01  5.8582D+05  1.1810D+03  7.1277D+00  8.8672D-01  1.1421D+00  4  1 PHASE
  3.9179D+03  3.7718D+02  2.6885D+01  2.6181D+01  8.1057D+05  1.2414D+03  7.2846D+00  1.1117D+00  1.1801D+00  4  1 PHASE
  4.0104D+03  4.0620D+02  3.1376D+01  3.0589D+01  1.0061D+06  1.3033D+03  7.4093D+00  1.2755D+00  1.2079D+00  4  1 PHASE
  4.0846D+03  4.3521D+02  3.5099D+01  3.4226D+01  1.1822D+06  1.3640D+03  7.5151D+00  1.4068D+00  1.2303D+00  3  1 PHASE
  4.1472D+03  4.6423D+02  3.8334D+01  3.7375D+01  1.3442D+06  1.4227D+03  7.6084D+00  1.5176D+00  1.2492D+00  3  1 PHASE
  4.2503D+03  5.2225D+02  4.3871D+01  4.2734D+01  1.6388D+06  1.5333D+03  7.7699D+00  1.7007D+00  1.2802D+00  3  1 PHASE
  4.3345D+03  5.8028D+02  4.8603D+01  4.7286D+01  1.9058D+06  1.6349D+03  7.9089D+00  1.8510D+00  1.3056D+00  3  1 PHASE
  4.4063D+03  6.3831D+02  5.2809D+01  5.1308D+01  2.1534D+06  1.7283D+03  8.0324D+00  1.9802D+00  1.3272D+00  3  1 PHASE
  4.4694D+03  6.9634D+02  5.6636D+01  5.4949D+01  2.3862D+06  1.8147D+03  8.1446D+00  2.0945D+00  1.3462D+00  3  1 PHASE
  4.5772D+03  8.1239D+02  6.3492D+01  6.1427D+01  2.8190D+06  1.9696D+03  8.3443D+00  2.2919D+00  1.3787D+00  3  1 PHASE
  5.0137D+03  1.0445D+03  8.1607D+01  7.8690D+01  4.3445D+06  2.1890D+03  8.5301D+00  2.8816D+00  1.5102D+00  4  1 PHASE
  5.0376D+03  1.1606D+03  8.4852D+01  8.1543D+01  4.5497D+06  2.3039D+03  8.6580D+00  2.9519D+00  1.5173D+00  3  1 PHASE
  5.0828D+03  1.3927D+03  9.1230D+01  8.7135D+01  4.9578D+06  2.5023D+03  8.9012D+00  3.0871D+00  1.5310D+00  3  1 PHASE
  5.1252D+03  1.6248D+03  9.7470D+01  9.2585D+01  5.3630D+06  2.6695D+03  9.1297D+00  3.2157D+00  1.5437D+00  3  1 PHASE
  5.1651D+03  1.8569D+03  1.0358D+02  9.7906D+01  5.7654D+06  2.8138D+03  9.3454D+00  3.3385D+00  1.5558D+00  3  1 PHASE
  5.2030D+03  2.0890D+03  1.0958D+02  1.0311D+02  6.1650D+06  2.9405D+03  9.5499D+00  3.4561D+00  1.5672D+00  3  1 PHASE
  5.2389D+03  2.3211D+03  1.1547D+02  1.0820D+02  6.5622D+06  3.0535D+03  9.7444D+00  3.5692D+00  1.5780D+00  3  1 PHASE
  5.3220D+03  2.9014D+03  1.2979D+02  1.2053D+02  7.5459D+06  3.2913D+03  1.0194D+01  3.8349D+00  1.6030D+00  3  1 PHASE
  5.3975D+03  3.4817D+03  1.4365D+02  1.3238D+02  8.5195D+06  3.4845D+03  1.0603D+01  4.0809D+00  1.6257D+00  3  1 PHASE
  5.4671D+03  4.0620D+03  1.5715D+02  1.4386D+02  9.4873D+06  3.6474D+03  1.0978D+01  4.3115D+00  1.6467D+00  3  1 PHASE
  5.5321D+03  4.6423D+03  1.7038D+02  1.5506D+02  1.0453D+07  3.7886D+03  1.1329D+01  4.5299D+00  1.6663D+00  3  1 PHASE
  5.5934D+03  5.2225D+03  1.8340D+02  1.6602D+02  1.1418D+07  3.9135D+03  1.1658D+01  4.7383D+00  1.6847D+00  3  1 PHASE
  5.6515D+03  5.8028D+03  1.9625D+02  1.7680D+02  1.2386D+07  4.0257D+03  1.1970D+01  4.9382D+00  1.7023D+00  3  1 PHASE
  5.7070D+03  6.3831D+03  2.0895D+02  1.8741D+02  1.3355D+07  4.1275D+03  1.2267D+01  5.1307D+00  1.7190D+00  3  1 PHASE
  5.7601D+03  6.9634D+03  2.2153D+02  1.9787D+02  1.4326D+07  4.2208D+03  1.2550D+01  5.3166D+00  1.7350D+00  3  1 PHASE
  5.8110D+03  7.5437D+03  2.3398D+02  2.0818D+02  1.5298D+07  4.3068D+03  1.2822D+01  5.4964D+00  1.7503D+00  3  1 PHASE
  5.8600D+03  8.1239D+03  2.4631D+02  2.1834D+02  1.6271D+07  4.3866D+03  1.3083D+01  5.6707D+00  1.7650D+00  3  1 PHASE
  5.9071D+03  8.7042D+03  2.5852D+02  2.2836D+02  1.7245D+07  4.4609D+03  1.3334D+01  5.8399D+00  1.7793D+00  3  1 PHASE
  5.9526D+03  9.2845D+03  2.7063D+02  2.3825D+02  1.8218D+07  4.5305D+03  1.3576D+01  6.0042D+00  1.7930D+00  3  1 PHASE
  5.9966D+03  9.8648D+03  2.8262D+02  2.4800D+02  1.9191D+07  4.5958D+03  1.3810D+01  6.1641D+00  1.8062D+00  3  1 PHASE
  6.0391D+03  1.0445D+04  2.9451D+02  2.5762D+02  2.0163D+07  4.6572D+03  1.4036D+01  6.3198D+00  1.8190D+00  3  1 PHASE
  6.0804D+03  1.1025D+04  3.0629D+02  2.6713D+02  2.1134D+07  4.7153D+03  1.4255D+01  6.4717D+00  1.8314D+00  3  1 PHASE
  6.1204D+03  1.1606D+04  3.1799D+02  2.7651D+02  2.2105D+07  4.7703D+03  1.4468D+01  6.6200D+00  1.8435D+00  3  1 PHASE
  6.1971D+03  1.2766D+04  3.4112D+02  2.9496D+02  2.4044D+07  4.8722D+03  1.4876D+01  6.9066D+00  1.8666D+00  3  1 PHASE
  6.2700D+03  1.3927D+04  3.6394D+02  3.1301D+02  2.5980D+07  4.9649D+03  1.5264D+01  7.1816D+00  1.8885D+00  3  1 PHASE
  6.3394D+03  1.5087D+04  3.8649D+02  3.3071D+02  2.7916D+07  5.0498D+03  1.5634D+01  7.4463D+00  1.9095D+00  3  1 PHASE
  6.4060D+03  1.6248D+04  4.0882D+02  3.4810D+02  2.9853D+07  5.1283D+03  1.5988D+01  7.7020D+00  1.9295D+00  3  1 PHASE
  6.4699D+03  1.7408D+04  4.3096D+02  3.6522D+02  3.1791D+07  5.2011D+03  1.6329D+01  7.9497D+00  1.9488D+00  3  1 PHASE
  6.5910D+03  1.9730D+04  4.7478D+02  3.9875D+02  3.5679D+07  5.3329D+03  1.6975D+01  8.4245D+00  1.9853D+00  3  1 PHASE
  6.7592D+03  2.3211D+04  5.3969D+02  4.4763D+02  4.1549D+07  5.5038D+03  1.7874D+01  9.0947D+00  2.0359D+00  3  1 PHASE
  7.0123D+03  2.9014D+04  6.4662D+02  5.2621D+02  5.1469D+07  5.7392D+03  1.9233D+01  1.0127D+01  2.1122D+00  3  1 PHASE
  7.2400D+03  3.4817D+04  7.5271D+02  6.0196D+02  6.1569D+07  5.9334D+03  2.0463D+01  1.1079D+01  2.1807D+00  3  1 PHASE
  7.6386D+03  4.6423D+04  9.6318D+02  7.4595D+02  8.2203D+07  6.2463D+03  2.2653D+01  1.2807D+01  2.3008D+00  3  1 PHASE
  7.9791D+03  5.8028D+04  1.1711D+03  8.8014D+02  1.0317D+08  6.4972D+03  2.4578D+01  1.4351D+01  2.4033D+00  3  1 PHASE
  8.2744D+03  6.9634D+04  1.3757D+03  1.0047D+03  1.2425D+08  6.7091D+03  2.6307D+01  1.5752D+01  2.4923D+00  3  1 PHASE
  8.5334D+03  8.1239D+04  1.5769D+03  1.1201D+03  1.4529D+08  6.8937D+03  2.7883D+01  1.7035D+01  2.5703D+00  3  1 PHASE
  8.7629D+03  9.2845D+04  1.7747D+03  1.2271D+03  1.6621D+08  7.0579D+03  2.9336D+01  1.8222D+01  2.6394D+00  3  1 PHASE
  8.9681D+03  1.0445D+05  1.9693D+03  1.3266D+03  1.8698D+08  7.2063D+03  3.0689D+01  1.9328D+01  2.7012D+00  3  1 PHASE
  9.1530D+03  1.1606D+05  2.1608D+03  1.4191D+03  2.0757D+08  7.3419D+03  3.1957D+01  2.0366D+01  2.7569D+00  3  1 PHASE


 EOS package call numbers
        ANEOS number =      -1        ALL 
 Calls to
 ANEOS                      356       356
 ANEOS1                     356       356
 ANION2                    3558      3558
 ANEOS1 from ANEOSV         356       356
 ANEOS1/ANEOSV        1.000E+00 1.000E+00
 ANION2 iter. count   1.112E+00 1.112E+00
 Calls to eos tables =         0
