

  Data for ANEOS number  -1   library number    0  type 99     ver 09/30/13

  Forsterite STS SLVT0.1G2                                RHUG= 3.22000D+00
                                                          THUG= 2.56800D-02

  IN( 1)= 3.000000000D+00  IN(17)= 2.500000000D+00  IN(33)= 0.000000000D+00
  IN( 2)= 4.000000000D+00  IN(18)= 0.000000000D+00  IN(34)= 0.000000000D+00
  IN( 3)= 3.220000000D+00  IN(19)= 0.000000000D+00  IN(35)= 0.000000000D+00
  IN( 4)= 2.980000000D+02  IN(20)= 0.000000000D+00  IN(36)= 2.000000000D+00
  IN( 5)= 1.000000000D+06  IN(21)= 0.000000000D+00  IN(37)= 4.250000000D+00
  IN( 6)= 1.100000000D+12  IN(22)= 0.000000000D+00  IN(38)= 2.000000000D+00
  IN( 7)= 6.500000000D-01  IN(23)= 1.000000000D+10  IN(39)= 1.500000000D-08
  IN( 8)=-1.300000000D+03  IN(24)= 9.350000000D-01  IN(40)= 1.000000000D+00
  IN( 9)=-1.000000000D+00  IN(25)= 0.000000000D+00  IN(41)= 2.000000000D+03
  IN(10)= 7.500000000D+00  IN(26)= 0.000000000D+00  IN(42)= 1.000000000D+00
  IN(11)= 1.700000000D+11  IN(27)= 3.000000000D-01  IN(43)= 1.550000000D+00
  IN(12)= 2.163000000D+03  IN(28)= 1.000000000D-01  IN(44)= 1.350000000D+00
  IN(13)= 0.000000000D+00  IN(29)= 2.000000000D-01  IN(45)= 1.000000000D-30
  IN(14)= 0.000000000D+00  IN(30)= 0.000000000D+00  IN(46)= 1.000000000D+05
  IN(15)= 0.000000000D+00  IN(31)=-8.200000000D-01  IN(47)= 0.000000000D+00
  IN(16)= 0.000000000D+00  IN(32)= 5.000000000D-01  IN(48)= 0.000000000D+00

  N0= 0.29956D+23 Mean atomic weight= 0.20106D+02
  Z( 1)=  8.  number fraction( 1)= 5.71000D-01  atoms/gram( 1)= 1.71051D+22
  Z( 2)= 12.  number fraction( 2)= 2.86000D-01  atoms/gram( 2)= 8.56753D+21
  Z( 3)= 14.  number fraction( 3)= 1.43000D-01  atoms/gram( 3)= 4.28377D+21


NEW: Cv adjust, QCC1, QCC6=   0.135000D+01   0.100000D-29   0.100000D+06


 WARNING message from ANEOS package - eos number    -1

 IN(17) has been increased from 2.50000D+00 to 2.72577D+00 for the melt transition



  REFERENCE POINT CONDITIONS

  T=   2.567717D-02      RHO=    3.220000D+00      P=   1.000000D+06
  E=   7.178245D+08      DPDT=   1.742907D+11      CV=  8.424806D+10
  S=   3.669272D+10      DPDR=   3.416149D+11      B0=  1.100000D+12
  CS=  5.852417D+05      GAMMA=  6.424784D-01


  TWO-PHASE CALCULATION FOR MATERIAL     1

  CRITICAL POINT
  RHO=  5.7053456D-01       T=  5.2074496D-01         P=  1.5930389D+09
  E=  1.6913814D+11         S=  7.4030538D+11         NTY=   22


  TWO-PHASE BOUNDARIES
       T         RHOLIQ        RHOVAP        PLIQ         PVAP        ELIQ         EVAP         SLIQ         SVAP        GLIQ         GVAP         PSILIQ      PSIVAP         NTY
       K         kg/m**3       kg/m**3       GPa          GPa         J/kg         J/kg        J/kg-K       J/kg-K       J/kg         J/kg

  6.04358D+03  5.70535D+02  5.70535D+02  1.59304D-01  1.59304D-01  1.69138D+07  1.69138D+07  6.37921D+03  6.37921D+03 -2.13580D+07 -2.13580D+07  7.82591D-02  7.82591D-02      0
  5.97890D+03  1.05030D+03  2.58073D+02  1.38025D-01  1.38025D-01  1.43528D+07  1.89739D+07  5.93364D+03  6.77406D+03 -2.09904D+07 -2.09904D+07  4.76202D-02  9.24795D-02     10
  5.91423D+03  1.24651D+03  1.87432D+02  1.20592D-01  1.20592D-01  1.34102D+07  1.95031D+07  5.77197D+03  6.89466D+03 -2.06278D+07 -2.06278D+07  4.08249D-02  9.76746D-02      9
  5.84955D+03  1.38262D+03  1.45514D+02  1.05624D-01  1.05624D-01  1.27703D+07  1.98258D+07  5.66171D+03  6.97897D+03 -2.02698D+07 -2.02698D+07  3.67663D-02  1.00518D-01      9
  5.78487D+03  1.48865D+03  1.16889D+02  9.26613D-02  9.26613D-02  1.22739D+07  2.00454D+07  5.57554D+03  7.04531D+03 -1.99158D+07 -1.99158D+07  3.39103D-02  1.02199D-01      8
  5.72020D+03  1.57622D+03  9.58780D+01  8.13625D-02  8.13625D-02  1.18624D+07  2.02019D+07  5.50347D+03  7.10080D+03 -1.95651D+07 -1.95651D+07  3.17242D-02  1.03189D-01      8
  5.65552D+03  1.65119D+03  7.97544D+01  7.14670D-02  7.14670D-02  1.15072D+07  2.03156D+07  5.44066D+03  7.14903D+03 -1.92175D+07 -1.92175D+07  2.99613D-02  1.03725D-01      7
  5.59084D+03  1.71695D+03  6.70045D+01  6.27705D-02  6.27705D-02  1.11922D+07  2.03980D+07  5.38438D+03  7.19210D+03 -1.88728D+07 -1.88728D+07  2.84881D-02  1.03944D-01      7
  5.52617D+03  1.77565D+03  5.67024D+01  5.51084D-02  5.51084D-02  1.09073D+07  2.04565D+07  5.33295D+03  7.23131D+03 -1.85307D+07 -1.85307D+07  2.72244D-02  1.03932D-01      7
  5.46149D+03  1.82877D+03  4.82430D+01  4.83457D-02  4.83457D-02  1.06460D+07  2.04962D+07  5.28524D+03  7.26758D+03 -1.81912D+07 -1.81912D+07  2.61187D-02  1.03747D-01      7
  5.39682D+03  1.87733D+03  4.12100D+01  4.23699D-02  4.23699D-02  1.04035D+07  2.05206D+07  5.24047D+03  7.30156D+03 -1.78542D+07 -1.78542D+07  2.51358D-02  1.03429D-01      6
  5.33214D+03  1.92210D+03  3.53059D+01  3.70860D-02  3.70860D-02  1.01764D+07  2.05323D+07  5.19806D+03  7.33373D+03 -1.75195D+07 -1.75195D+07  2.42509D-02  1.03007D-01      6
  5.26746D+03  1.96367D+03  3.03113D+01  3.24126D-02  3.24126D-02  9.96219D+06  2.05333D+07  5.15758D+03  7.36446D+03 -1.71871D+07 -1.71871D+07  2.34457D-02  1.02504D-01      6
  5.20279D+03  2.00249D+03  2.60598D+01  2.82797D-02  2.82797D-02  9.75893D+06  2.05253D+07  5.11871D+03  7.39405D+03 -1.68570D+07 -1.68570D+07  2.27067D-02  1.01936D-01      6
  5.13811D+03  2.03891D+03  2.24232D+01  2.46265D-02  2.46265D-02  9.56505D+06  2.05095D+07  5.08118D+03  7.42275D+03 -1.65290D+07 -1.65290D+07  2.20230D-02  1.01315D-01      6
  5.07343D+03  2.07324D+03  1.93003D+01  2.14000D-02  2.13996D-02  9.37933D+06  2.04868D+07  5.04477D+03  7.45077D+03 -1.62032D+07 -1.62032D+07  2.13866D-02  1.00653D-01      5
  5.00876D+03  2.10570D+03  1.66104D+01  1.85524D-02  1.85522D-02  9.20074D+06  2.04583D+07  5.00932D+03  7.47827D+03 -1.58795D+07 -1.58795D+07  2.07906D-02  9.99565D-02      5
  4.94408D+03  2.13651D+03  1.42878D+01  1.60429D-02  1.60428D-02  9.02847D+06  2.04246D+07  4.97469D+03  7.50542D+03 -1.55579D+07 -1.55579D+07  2.02298D-02  9.92325D-02      5
  4.87940D+03  2.16583D+03  1.22789D+01  1.38348D-02  1.38348D-02  8.86181D+06  2.03863D+07  4.94074D+03  7.53235D+03 -1.52383D+07 -1.52383D+07  1.96996D-02  9.84861D-02      5
  4.81473D+03  2.19380D+03  1.05393D+01  1.18953D-02  1.18953D-02  8.70019D+06  2.03439D+07  4.90739D+03  7.55919D+03 -1.49208D+07 -1.49208D+07  1.91964D-02  9.77217D-02      5
  4.75005D+03  2.22055D+03  9.03191D+00  1.01951D-02  1.01951D-02  8.54310D+06  2.02981D+07  4.87453D+03  7.58606D+03 -1.46052D+07 -1.46052D+07  1.87172D-02  9.69426D-02      5
  4.68538D+03  2.24618D+03  7.72531D+00  8.70809D-03  8.70809D-03  8.39012D+06  2.02491D+07  4.84210D+03  7.61307D+03 -1.42917D+07 -1.42917D+07  1.82592D-02  9.61516D-02      5
  4.62070D+03  2.27079D+03  6.59300D+00  7.41075D-03  7.41075D-03  8.24087D+06  2.01973D+07  4.81002D+03  7.64032D+03 -1.39802D+07 -1.39802D+07  1.78203D-02  9.53512D-02      5
  4.55602D+03  2.29445D+03  5.61229D+00  6.28202D-03  6.28202D-03  8.09504D+06  2.01432D+07  4.77823D+03  7.66793D+03 -1.36707D+07 -1.36707D+07  1.73987D-02  9.45432D-02      5
  4.49135D+03  2.31724D+03  4.76372D+00  5.30295D-03  5.30295D-03  7.95235D+06  2.00870D+07  4.74668D+03  7.69599D+03 -1.33631D+07 -1.33631D+07  1.69925D-02  9.37290D-02      5
  4.42667D+03  2.33922D+03  4.03048D+00  4.46511D-03  4.45649D-03  7.81254D+06  2.00291D+07  4.71532D+03  7.72462D+03 -1.30575D+07 -1.30575D+07  1.66003D-02  9.29100D-02      4
  4.36199D+03  2.36045D+03  3.39798D+00  3.73221D-03  3.72728D-03  7.67539D+06  1.99698D+07  4.68411D+03  7.75392D+03 -1.27539D+07 -1.27539D+07  1.62210D-02  9.20869D-02      4
  4.29732D+03  2.38097D+03  2.85353D+00  3.10431D-03  3.10153D-03  7.54072D+06  1.99092D+07  4.65301D+03  7.78400D+03 -1.24523D+07 -1.24523D+07  1.58534D-02  9.12606D-02      4
  4.23264D+03  2.40084D+03  2.38605D+00  2.56835D-03  2.56681D-03  7.40834D+06  1.98478D+07  4.62196D+03  7.81499D+03 -1.21526D+07 -1.21526D+07  1.54965D-02  9.04315D-02      4
  4.16797D+03  2.42010D+03  1.98582D+00  2.11279D-03  2.11195D-03  7.27810D+06  1.97858D+07  4.59096D+03  7.84701D+03 -1.18549D+07 -1.18549D+07  1.51495D-02  8.95999D-02      4
  4.10329D+03  2.43878D+03  1.64429D+00  1.72737D-03  1.72692D-03  7.14986D+06  1.97234D+07  4.55994D+03  7.88018D+03 -1.15591D+07 -1.15591D+07  1.48115D-02  8.87661D-02      4
  4.03861D+03  2.45691D+03  1.35394D+00  1.40296D-03  1.40272D-03  7.02349D+06  1.96609D+07  4.52890D+03  7.91464D+03 -1.12654D+07 -1.12654D+07  1.44819D-02  8.79300D-02      4
  3.97394D+03  2.47454D+03  1.10815D+00  1.13130D-03  1.13130D-03  6.89888D+06  1.95987D+07  4.49780D+03  7.95056D+03 -1.09736D+07 -1.09736D+07  1.41601D-02  8.70914D-02      5
  3.90926D+03  2.49168D+03  9.01041D-01  9.05475D-04  9.05475D-04  6.77591D+06  1.95369D+07  4.46660D+03  7.98808D+03 -1.06838D+07 -1.06838D+07  1.38454D-02  8.62501D-02      5
  3.84458D+03  2.50835D+03  7.27440D-01  7.18865D-04  7.18834D-04  6.65451D+06  1.94760D+07  4.43528D+03  8.02738D+03 -1.03960D+07 -1.03960D+07  1.35374D-02  8.54057D-02      4
  3.77991D+03  2.52460D+03  5.82765D-01  5.65704D-04  5.65689D-04  6.53457D+06  1.94161D+07  4.40382D+03  8.06867D+03 -1.01103D+07 -1.01103D+07  1.32357D-02  8.45576D-02      4
  3.71523D+03  2.54043D+03  4.62963D-01  4.41007D-04  4.41007D-04  6.41603D+06  1.93576D+07  4.37218D+03  8.11213D+03 -9.82653D+06 -9.82653D+06  1.29398D-02  8.37051D-02      5
  3.65056D+03  2.55587D+03  3.64457D-01  3.40352D-04  3.40352D-04  6.29880D+06  1.93009D+07  4.34035D+03  8.15802D+03 -9.54484D+06 -9.54484D+06  1.26493D-02  8.28472D-02      5
  3.58588D+03  2.57093D+03  2.84089D-01  2.59835D-04  2.59835D-04  6.18283D+06  1.92462D+07  4.30830D+03  8.20657D+03 -9.26521D+06 -9.26521D+06  1.23639D-02  8.19831D-02      5
  3.52120D+03  2.58564D+03  2.19079D-01  1.96062D-04  1.96062D-04  6.06804D+06  1.91940D+07  4.27599D+03  8.25806D+03 -8.98765D+06 -8.98765D+06  1.20832D-02  8.11113D-02      5
  3.45653D+03  2.60001D+03  1.66987D-01  1.46093D-04  1.46093D-04  5.95439D+06  1.91447D+07  4.24342D+03  8.31281D+03 -8.71218D+06 -8.71218D+06  1.18070D-02  8.02306D-02      5
  3.39185D+03  2.61405D+03  1.25678D-01  1.07393D-04  1.07393D-04  5.84182D+06  1.90987D+07  4.21054D+03  8.37115D+03 -8.43883D+06 -8.43883D+06  1.15350D-02  7.93392D-02      5
  3.37569D+03  2.61748D+03  1.17588D-01  1.00000D-04  1.00000D-04  5.81396D+06  1.90881D+07  4.20224D+03  8.38671D+03 -8.37107D+06 -8.37107D+06  1.14681D-02  7.91134D-02      0
  3.32717D+03  2.62778D+03  9.32925D-02  7.77989D-05  7.77989D-05  5.73028D+06  1.90564D+07  4.17734D+03  8.43345D+03 -8.16761D+06 -8.16761D+06  1.12670D-02  7.84351D-02      6
  3.26250D+03  2.64121D+03  6.82218D-02  5.54783D-05  5.54783D-05  5.61974D+06  1.90183D+07  4.14378D+03  8.50013D+03 -7.89854D+06 -7.89854D+06  1.10027D-02  7.75161D-02      6
  3.19782D+03  2.65435D+03  4.90808D-02  3.88938D-05  3.88938D-05  5.51014D+06  1.89849D+07  4.10985D+03  8.57164D+03 -7.63165D+06 -7.63165D+06  1.07418D-02  7.65795D-02      6
  3.13314D+03  2.66722D+03  3.46888D-02  2.67705D-05  2.67705D-05  5.40146D+06  1.89567D+07  4.07552D+03  8.64849D+03 -7.36697D+06 -7.36697D+06  1.04843D-02  7.56221D-02      7
  3.06847D+03  2.67982D+03  2.40479D-02  1.80641D-05  1.80641D-05  5.29366D+06  1.89342D+07  4.04075D+03  8.73123D+03 -7.10452D+06 -7.10452D+06  1.02299D-02  7.46404D-02      7
  3.00379D+03  2.69217D+03  1.63245D-02  1.19310D-05  1.19310D-05  5.18671D+06  1.89181D+07  4.00552D+03  8.82047D+03 -6.84433D+06 -6.84433D+06  9.97844D-03  7.36299D-02      7
  2.93912D+03  2.70427D+03  1.08315D-02  7.70023D-06  7.70023D-06  5.08058D+06  1.89089D+07  3.96980D+03  8.91688D+03 -6.58644D+06 -6.58644D+06  9.72975D-03  7.25858D-02      7
  2.87444D+03  2.71614D+03  7.01090D-03  4.84753D-06  4.84753D-06  4.97524D+06  1.89071D+07  3.93356D+03  9.02119D+03 -6.33087D+06 -6.33087D+06  9.48369D-03  7.15023D-02      7
  2.80976D+03  2.72777D+03  4.41769D-03  2.97096D-06  2.97096D-06  4.87067D+06  1.89133D+07  3.89676D+03  9.13419D+03 -6.07767D+06 -6.07767D+06  9.24010D-03  7.03725D-02      6
  2.77742D+03  2.73351D+03  3.46925D-03  2.30118D-06  2.30118D-06  4.81867D+06  1.89195D+07  3.87814D+03  9.19422D+03 -5.95196D+06 -5.95196D+06  9.11919D-03  6.97879D-02      6
  2.74509D+03  2.73919D+03  2.70395D-03  1.76914D-06  1.76914D-06  4.76685D+06  1.89279D+07  3.85938D+03  9.25674D+03 -5.82686D+06 -5.82686D+06  8.99884D-03  6.91888D-02      6
  2.71275D+03  2.74481D+03  2.09102D-03  1.34964D-06  1.34964D-06  4.71521D+06  1.89386D+07  3.84045D+03  9.32187D+03 -5.70237D+06 -5.70237D+06  8.87905D-03  6.85741D-02      9
  2.68041D+03  2.75039D+03  1.60393D-03  1.02141D-06  1.02141D-06  4.66376D+06  1.89516D+07  3.82137D+03  9.38973D+03 -5.57849D+06 -5.57849D+06  8.75980D-03  6.79425D-02      9
  2.64807D+03  2.75591D+03  1.21997D-03  7.66639D-07  7.66639D-07  4.61248D+06  1.89669D+07  3.80212D+03  9.46045D+03 -5.45523D+06 -5.45523D+06  8.64107D-03  6.72927D-02      8
  2.61573D+03  2.76138D+03  9.19853D-04  5.70511D-07  5.70511D-07  4.56138D+06  1.89845D+07  3.78271D+03  9.53414D+03 -5.33260D+06 -5.33260D+06  8.52284D-03  6.66235D-02      8
  2.58340D+03  2.76680D+03  6.87316D-04  4.20821D-07  4.20821D-07  4.51045D+06  1.90046D+07  3.76311D+03  9.61094D+03 -5.21060D+06 -5.21060D+06  8.40510D-03  6.59334D-02      8
  2.55106D+03  2.77217D+03  5.08778D-04  3.07585D-07  3.07585D-07  4.45970D+06  1.90270D+07  3.74334D+03  9.69097D+03 -5.08923D+06 -5.08923D+06  8.28785D-03  6.52211D-02      6
  2.51872D+03  2.77749D+03  3.72991D-04  2.22710D-07  2.22710D-07  4.40912D+06  1.90519D+07  3.72339D+03  9.77436D+03 -4.96851D+06 -4.96851D+06  8.17105D-03  6.44850D-02      9
  2.48638D+03  2.78277D+03  2.70725D-04  1.59695D-07  1.59695D-07  4.35870D+06  1.90791D+07  3.70324D+03  9.86125D+03 -4.84843D+06 -4.84843D+06  8.05470D-03  6.37237D-02      8
  2.45404D+03  2.78799D+03  1.94481D-04  1.13367D-07  1.13367D-07  4.30846D+06  1.91087D+07  3.68290D+03  9.95176D+03 -4.72901D+06 -4.72901D+06  7.93879D-03  6.29356D-02     10
  2.42171D+03  2.79317D+03  1.38233D-04  7.96518D-08  7.96518D-08  4.25838D+06  1.91406D+07  3.66236D+03  1.00460D+04 -4.61025D+06 -4.61025D+06  7.82330D-03  6.21192D-02      9
  2.38937D+03  2.79831D+03  9.71817D-05  5.53708D-08  5.53708D-08  4.20847D+06  1.91748D+07  3.64161D+03  1.01442D+04 -4.49216D+06 -4.49216D+06  7.70822D-03  6.12731D-02      7
  2.35703D+03  2.80340D+03  6.75554D-05  3.80719D-08  3.80719D-08  4.15873D+06  1.92112D+07  3.62065D+03  1.02463D+04 -4.37474D+06 -4.37474D+06  7.59354D-03  6.03958D-02     12
  2.32469D+03  2.80844D+03  4.64190D-05  2.58837D-08  2.58837D-08  4.10915D+06  1.92496D+07  3.59947D+03  1.03526D+04 -4.25801D+06 -4.25801D+06  7.47924D-03  5.94862D-02      9
  2.29235D+03  2.81344D+03  3.15172D-05  1.73940D-08  1.73940D-08  4.05974D+06  1.92900D+07  3.57806D+03  1.04632D+04 -4.14196D+06 -4.14196D+06  7.36531D-03  5.85429D-02     11
  2.26001D+03  2.81839D+03  2.11383D-05  1.15499D-08  1.15499D-08  4.01049D+06  1.93322D+07  3.55642D+03  1.05781D+04 -4.02661D+06 -4.02661D+06  7.25174D-03  5.75650D-02      9
  2.22768D+03  2.82330D+03  1.39997D-05  7.57548D-09  7.57548D-09  3.96140D+06  1.93760D+07  3.53454D+03  1.06974D+04 -3.91196D+06 -3.91196D+06  7.13852D-03  5.65517D-02      9
  2.19534D+03  2.82817D+03  9.15249D-06  4.90607D-09  4.90607D-09  3.91248D+06  1.94212D+07  3.51242D+03  1.08214D+04 -3.79802D+06 -3.79802D+06  7.02564D-03  5.55025D-02     12
  2.16300D+03  2.83300D+03  5.90443D-06  2.24027D-10  3.13606D-09  3.86372D+06  1.94675D+07  3.49004D+03  1.09500D+04 -3.68480D+06 -3.68480D+06  6.91309D-03  5.44171D-02     11
  2.14137D+03  3.03274D+03  4.28505D-06  2.26412D-09  2.26412D-09  2.82728D+06  1.95075D+07  3.01076D+03  1.10475D+04 -3.61950D+06 -3.61950D+06  6.36751D-03  5.35168D-02     12
  2.06927D+03  3.04195D+03  1.40323D-06  7.29102D-10  7.29095D-10  2.70611D+06  1.96416D+07  2.95320D+03  1.13891D+04 -3.40450D+06 -3.40450D+06  6.14084D-03  5.03505D-02     16
  1.99717D+03  3.05103D+03  4.25466D-07  2.17460D-10  2.17466D-10  2.58540D+06  1.97720D+07  2.89382D+03  1.17557D+04 -3.19372D+06 -3.19372D+06  5.91484D-03  4.69507D-02     12
  1.92507D+03  3.05998D+03  1.18816D-07  5.97103D-11  5.97156D-11  2.46518D+06  1.98920D+07  2.83251D+03  1.21467D+04 -2.98728D+06 -2.98728D+06  5.68945D-03  4.33617D-02     11
  1.85297D+03  3.06879D+03  3.03627D-08  1.49986D-11  1.49867D-11  2.34543D+06  1.99946D+07  2.76911D+03  1.25609D+04 -2.78534D+06 -2.78534D+06  5.46459D-03  3.96476D-02     12
  1.78087D+03  3.07747D+03  7.04297D-09  3.40965D-12  3.40729D-12  2.22619D+06  2.00735D+07  2.70347D+03  1.29974D+04 -2.58806D+06 -2.58806D+06  5.24020D-03  3.58868D-02     11
  1.70877D+03  3.08603D+03  1.46809D-09  6.88612D-13  6.94316D-13  2.10745D+06  2.01242D+07  2.63540D+03  1.34565D+04 -2.39559D+06 -2.39559D+06  5.01620D-03  3.21632D-02     12
  1.63667D+03  3.09445D+03  2.71601D-10  1.25206D-13  1.25185D-13  1.98925D+06  2.01443D+07  2.56473D+03  1.39397D+04 -2.20812D+06 -2.20812D+06  4.79253D-03  2.85564D-02     12
  1.56457D+03  3.10276D+03  4.39210D-11  2.11358D-14  1.96629D-14  1.87161D+06  2.01344D+07  2.49121D+03  1.44508D+04 -2.02584D+06 -2.02584D+06  4.56914D-03  2.51327D-02     13
  1.49247D+03  3.11093D+03  6.09406D-12  7.20024D-15  2.64052D-15  1.75457D+06  2.00967D+07  2.41463D+03  1.49955D+04 -1.84898D+06 -1.84898D+06  4.34595D-03  2.19405D-02     16
  1.42037D+03  3.11898D+03  7.09247D-13  1.41859D-15  2.96327D-16  1.63817D+06  2.00346D+07  2.33468D+03  1.55815D+04 -1.67775D+06 -1.67775D+06  4.12292D-03  1.90084D-02     16
  1.34827D+03  3.12690D+03  6.73435D-14  2.13385D-15  2.70244D-17  1.52246D+06  1.99516D+07  2.25108D+03  1.62183D+04 -1.51242D+06 -1.51242D+06  3.90000D-03  1.63478D-02     17
  1.27617D+03  3.13469D+03  5.04085D-15 -5.60284D-15  1.93475D-18  1.40753D+06  1.98509D+07  2.16346D+03  1.69172D+04 -1.35326D+06 -1.35326D+06  3.67716D-03  1.39563D-02     17
  1.20407D+03  3.14235D+03  2.84967D-16  6.46710D-15  1.04133D-19  1.29344D+06  1.97350D+07  2.07144D+03  1.76919D+04 -1.20058D+06 -1.20058D+06  3.45436D-03  1.18219D-02     15
  1.13197D+03  3.14987D+03  1.15235D-17 -4.98295D-15  3.98899D-21  1.18033D+06  1.96060D+07  1.97457D+03  1.85588D+04 -1.05469D+06 -1.05469D+06  3.23159D-03  9.92670D-03     17
  1.05987D+03  3.15724D+03  3.10891D-19 -6.49691D-15  1.01378D-22  1.06832D+06  1.94653D+07  1.87233D+03  1.95388D+04 -9.15988D+05 -9.15988D+05  3.00886D-03  8.25001D-03     17
  9.87770D+02  3.16447D+03  5.11050D-21 -1.52707D-14  1.56007D-24  9.57599D+05  1.93142D+07  1.76414D+03  2.06582D+04 -7.84863D+05 -7.84864D+05  2.78620D-03  6.77063D-03     18
  9.15670D+02  3.17153D+03  4.53949D-23  3.68357D-15  1.28825D-26  8.48406D+05  1.91538D+07  1.64936D+03  2.19517D+04 -6.61772D+05 -6.61772D+05  2.56367D-03  5.46861D-03     22
  8.43570D+02  3.17841D+03  1.85328D-25  6.56843D-15  4.85101D-29  7.41045D+05  1.89852D+07  1.52724D+03  2.34662D+04 -5.47216D+05 -5.47216D+05  2.34140D-03  4.32661D-03     19
  7.71470D+02  3.18509D+03  7.30404D-31 -7.09891D-15  2.32499D-34  6.35928D+05  2.76698D+07  1.39700D+03  3.68537D+04 -4.41752D+05 -4.41752D+05  2.11956D-03  1.00000+100     25
  6.99370D+02  3.19154D+03  1.14448D-34 -1.59144D-15  3.30654D-38  5.33608D+05  2.76292D+07  1.25778D+03  4.04160D+04 -3.45996D+05 -3.45996D+05  1.89842D-03  1.00000+100     28
  6.27270D+02  3.19771D+03  2.36221D-39 -2.83122D-16  6.12502D-43  4.34842D+05  2.75864D+07  1.10878D+03  4.48100D+04 -2.60625D+05 -2.60625D+05  1.67837D-03  1.00000+100     35
  5.55170D+02  3.20356D+03  2.89929D-45  6.61910D-15  6.65536D-49  3.40688D+05  2.75425D+07  9.49415D+02  5.03630D+04 -1.86368D+05 -1.86368D+05  1.45997D-03  1.00000+100     36
  4.83070D+02  3.20898D+03  4.21488D-65  3.53903D-15  4.20985D-69  2.52640D+05  1.72564D+07  7.79678D+02  3.61881D+04 -1.23977D+05 -1.24080D+05  1.24400D-03  1.00000+100     68
  4.10970D+02  3.21386D+03  4.33817D-78  1.67936D-15  3.68629D-82  1.72823D+05  1.72156D+07  6.01015D+02  4.22803D+04 -7.41617D+04 -7.43070D+04  1.03154D-03  1.00000+100     80
  3.38870D+02  3.21803D+03  1.22179D-96 -8.13603D-15  8.56056-101  1.04224D+05  1.71763D+07  4.18029D+02  5.10072D+04 -3.74251D+04 -3.74371D+04  8.23992D-04  1.00000+100     91
  2.66770D+02  3.22126D+03  2.95277-125 -6.45220D-15  1.62869-129  5.07625D+04  1.71381D+07  2.41777D+02  6.45055D+04 -1.37326D+04 -1.38481D+04  6.23168D-04  1.00000+100    125
  1.94670D+02  3.22332D+03  1.00000D-97  1.07519D-09  4.02505-102  1.64553D+04  1.71006D+07  9.42076D+01  5.12343D+04 -1.37326D+04 -1.38481D+04  4.31289D-04  1.00000+100     33


  DATA ARRAY FOR MATERIAL   1

  C( 1) = 1.000000000+100  C(31) = 1.000000000D+00  C(61) =-8.200000000D-01
  C( 2) = 0.000000000D+00  C(32) = 2.205912590D+13  C(62) = 5.000000000D-01
  C( 3) = 1.111049932D+12  C(33) = 2.542498153D+00  C(63) = 1.000000000D+00
  C( 4) = 3.543517572D+11  C(34) = 2.609144821D+13  C(64) = 0.000000000D+00
  C( 5) = 4.685443552D+00  C(35) =-5.846810463D+13  C(65) = 0.000000000D+00
  C( 6) = 1.550000000D+00  C(36) = 3.411203959D+13  C(66) = 2.000000000D+00
  C( 7) = 0.000000000D+00  C(37) = 4.174957712D+13  C(67) = 4.250000000D+00
  C( 8) = 0.000000000D+00  C(38) = 0.000000000D+00  C(68) = 2.000000000D+00
  C( 9) = 0.000000000D+00  C(39) = 0.000000000D+00  C(69) = 1.500000000D-08
  C(10) = 1.700000000D+11  C(40) = 0.000000000D+00  C(70) = 1.000000000D+00
  C(11) = 3.220000000D+00  C(41) = 0.000000000D+00  C(71) = 1.000000000D+00
  C(12) = 2.567717075D-02  C(42) = 1.000000000D-01  C(72) = 0.000000000D+00
  C(13) = 6.852096656D-05  C(43) =-2.857376885D+10  C(73) = 5.207449596D-01
  C(14) =-3.239939377D-02  C(44) =-1.458479091D+11  C(74) = 5.705345581D-01
  C(15) = 6.500000000D-01  C(45) = 1.447011374D+11  C(75) = 0.000000000D+00
  C(16) =-1.080205239D-01  C(46) = 3.029943510D+00  C(76) = 0.000000000D+00
  C(17) = 4.937888199D-01  C(47) = 2.832997182D+00  C(77) = 0.000000000D+00
  C(18) = 1.863749005D-01  C(48) = 1.520567246D+00  C(78) = 3.542236854D+00
  C(19) = 3.224275941D+00  C(49) = 1.392541247D-01  C(79) = 4.617520425D+01
  C(20) = 1.000000000D+06  C(50) = 1.016977418D-01  C(80) = 4.250000000D+00
  C(21) = 1.100000000D+12  C(51) = 5.241219669D-02  C(81) = 5.000000000D-01
  C(22) = 0.000000000D+00  C(52) = 7.910427657D-01  C(82) = 1.000000000D+00
  C(23) = 2.725769945D+00  C(53) = 0.000000000D+00  C(83) = 1.550000000D+00
  C(24) = 2.500000000D+00  C(54) = 0.000000000D+00  C(84) = 1.000000000D+00
  C(25) =-1.120145033D-01  C(55) = 0.000000000D+00  C(85) = 1.723300051D-01
  C(26) = 1.000200000D+01  C(56) = 0.000000000D+00  C(86) = 2.000000000D+00
  C(27) = 2.995641485D+22  C(57) = 3.000000000D-01  C(87) = 1.000000000D+00
  C(28) = 3.000000000D+00  C(58) = 1.000000000D-01  C(88) = 1.350000000D+00
  C(29) = 2.010638800D+01  C(59) = 2.000000000D-01  C(89) = 1.000000000D-30
  C(30) = 4.000000000D+00  C(60) = 0.000000000D+00  C(90) = 1.000000000D+05

  LOCKP( 1)=   1    LOCKPL( 1)= 100  (two-phase array storage data)


 BOUNDS OF LIQUID/SOLID PHASE TRANSITION
   ENTHALPY OF FUSION (ERG/GM)................... 1.00000D+10
   LOWER LIMIT OF METASTABLE LIQUID ACK(49)...... 1.61613D+03
   MELT TEMPERATURE (TRIPLE POINT) ACK(18)....... 2.16300D+03
   INTERMEDIATE TEMPERATURE ACK(52).............. 9.18056D+03
   MAXIMUM TEMPERATURE ACK(48)................... 1.76472D+04
   SLOPE OF LEFT  BOUNDARY, dT/dRHO ACK(50)...... 1.18027D+00
   SLOPE OF RIGHT BOUNDARY, dT/dRHO ACK(51)...... 6.08277D-01
   MINIMUM DENSITY ACK(23), GM/CC................ 2.72577D+03
   SOLID/MELT DENSITY AT Tm ACK(46), GM/CC....... 0.00000D+00
   LIQUID/VAPOR DENSITY AT Tm ACK(47), GM/CC..... 2.83300D+03



 LIQUID/SOLID PHASE CURVE

       T         RLIQ       RSOLID      PLIQ       PSOLID      ELIQ        ESOLID       SLIQ       SOLID        GLIQ       GSOLID        #ITER
       K        kg/m**3     kg/m**3      GPa         GPa       J/kg         J/kg        J/kg-K     J/kg-K       J/kg        J/kg

  1.6161D+03  2.1645D+03  2.7258D+03 -7.3521D+00 -7.3521D+00  4.1612D+06  2.3666D+06  3.3594D+03  2.6816D+03 -4.6643D+06 -4.6643D+06        17
  1.7984D+03  2.4661D+03  2.8061D+03 -5.6490D+00 -5.6490D+00  3.8070D+06  2.5309D+06  3.3734D+03  2.8182D+03 -4.5502D+06 -4.5502D+06        10
  1.9807D+03  2.6594D+03  2.9109D+03 -3.2256D+00 -3.2256D+00  3.7804D+06  2.6862D+06  3.4305D+03  2.9310D+03 -4.2270D+06 -4.2270D+06         6
  2.1630D+03  2.8330D+03  3.0299D+03  2.2403D-10  2.2403D-10  3.8637D+06  2.8637D+06  3.4900D+03  3.0277D+03 -3.6848D+06 -3.6848D+06         1
  2.2089D+03  2.8753D+03  3.0616D+03  9.5505D-01  9.5505D-01  3.8984D+06  2.9142D+06  3.5048D+03  3.0501D+03 -3.5107D+06 -3.5107D+06         3
  2.2557D+03  2.9183D+03  3.0946D+03  1.9953D+00  1.9953D+00  3.9392D+06  2.9688D+06  3.5197D+03  3.0722D+03 -3.3162D+06 -3.3162D+06         4
  2.3036D+03  2.9619D+03  3.1288D+03  3.1285D+00  3.1285D+00  3.9864D+06  3.0279D+06  3.5348D+03  3.0942D+03 -3.0995D+06 -3.0995D+06         4
  2.3525D+03  3.0062D+03  3.1644D+03  4.3635D+00  4.3635D+00  4.0403D+06  3.0919D+06  3.5499D+03  3.1159D+03 -2.8588D+06 -2.8588D+06         4
  2.4024D+03  3.0513D+03  3.2013D+03  5.7097D+00  5.7097D+00  4.1015D+06  3.1616D+06  3.5653D+03  3.1375D+03 -2.5919D+06 -2.5919D+06         4
  2.4533D+03  3.0974D+03  3.2397D+03  7.1776D+00  7.1776D+00  4.1703D+06  3.2373D+06  3.5807D+03  3.1589D+03 -2.2965D+06 -2.2965D+06         4
  2.5054D+03  3.1441D+03  3.2807D+03  8.7715D+00  8.7715D+00  4.2474D+06  3.3199D+06  3.5964D+03  3.1798D+03 -1.9725D+06 -1.9725D+06         4
  2.5585D+03  3.1910D+03  3.3242D+03  1.0481D+01  1.0481D+01  4.3329D+06  3.4100D+06  3.6124D+03  3.2002D+03 -1.6243D+06 -1.6243D+06         4
  2.6128D+03  3.2376D+03  3.3696D+03  1.2290D+01  1.2290D+01  4.4269D+06  3.5083D+06  3.6290D+03  3.2204D+03 -1.2582D+06 -1.2582D+06         4
  2.6682D+03  3.2850D+03  3.4162D+03  1.4185D+01  1.4185D+01  4.5300D+06  3.6151D+06  3.6457D+03  3.2406D+03 -8.7861D+05 -8.7861D+05         4
  2.7248D+03  3.3339D+03  3.4640D+03  1.6174D+01  1.6174D+01  4.6429D+06  3.7307D+06  3.6624D+03  3.2607D+03 -4.8434D+05 -4.8434D+05         4
  2.7826D+03  3.3845D+03  3.5132D+03  1.8268D+01  1.8268D+01  4.7658D+06  3.8553D+06  3.6790D+03  3.2807D+03 -7.3376D+04 -7.3376D+04         4
  2.8416D+03  3.4367D+03  3.5639D+03  2.0476D+01  2.0476D+01  4.8993D+06  3.9895D+06  3.6956D+03  3.3006D+03  3.5641D+05  3.5641D+05         4
  2.9019D+03  3.4906D+03  3.6160D+03  2.2811D+01  2.2811D+01  5.0439D+06  4.1337D+06  3.7121D+03  3.3203D+03  8.0734D+05  8.0734D+05         4
  2.9635D+03  3.5463D+03  3.6696D+03  2.5286D+01  2.5286D+01  5.2001D+06  4.2883D+06  3.7285D+03  3.3399D+03  1.2819D+06  1.2819D+06         4
  3.0263D+03  3.6038D+03  3.7249D+03  2.7917D+01  2.7917D+01  5.3683D+06  4.4539D+06  3.7447D+03  3.3593D+03  1.7828D+06  1.7828D+06         4
  3.0905D+03  3.6631D+03  3.7819D+03  3.0718D+01  3.0718D+01  5.5493D+06  4.6311D+06  3.7608D+03  3.3785D+03  2.3129D+06  2.3129D+06         4
  3.1561D+03  3.7244D+03  3.8407D+03  3.3709D+01  3.3709D+01  5.7437D+06  4.8206D+06  3.7767D+03  3.3974D+03  2.8754D+06  2.8754D+06         4
  3.2230D+03  3.7878D+03  3.9015D+03  3.6908D+01  3.6908D+01  5.9522D+06  5.0230D+06  3.7925D+03  3.4160D+03  3.4736D+06  3.4736D+06         4
  3.2914D+03  3.8532D+03  3.9642D+03  4.0336D+01  4.0336D+01  6.1756D+06  5.2392D+06  3.8079D+03  3.4343D+03  4.1112D+06  4.1112D+06         4
  3.3612D+03  3.9208D+03  4.0290D+03  4.4018D+01  4.4018D+01  6.4148D+06  5.4702D+06  3.8231D+03  3.4523D+03  4.7921D+06  4.7921D+06         4
  3.4325D+03  3.9906D+03  4.0960D+03  4.7980D+01  4.7980D+01  6.6706D+06  5.7167D+06  3.8380D+03  3.4699D+03  5.5205D+06  5.5205D+06         4
  3.5053D+03  4.0628D+03  4.1654D+03  5.2250D+01  5.2250D+01  6.9441D+06  5.9799D+06  3.8526D+03  3.4871D+03  6.3009D+06  6.3009D+06         4
  3.5797D+03  4.1374D+03  4.2371D+03  5.6860D+01  5.6860D+01  7.2364D+06  6.2610D+06  3.8668D+03  3.5039D+03  7.1382D+06  7.1382D+06         5
  3.6556D+03  4.2146D+03  4.3115D+03  6.1845D+01  6.1845D+01  7.5488D+06  6.5612D+06  3.8806D+03  3.5202D+03  8.0377D+06  8.0377D+06         5
  3.7332D+03  4.2944D+03  4.3885D+03  6.7243D+01  6.7243D+01  7.8826D+06  6.8820D+06  3.8939D+03  3.5359D+03  9.0051D+06  9.0051D+06         5
  3.8124D+03  4.3770D+03  4.4683D+03  7.3097D+01  7.3097D+01  8.2393D+06  7.2248D+06  3.9068D+03  3.5511D+03  1.0046D+07  1.0046D+07         5
  3.8932D+03  4.4625D+03  4.5510D+03  7.9454D+01  7.9454D+01  8.6206D+06  7.5913D+06  3.9191D+03  3.5657D+03  1.1168D+07  1.1168D+07         5
  3.9758D+03  4.5511D+03  4.6369D+03  8.6367D+01  8.6367D+01  9.0282D+06  7.9833D+06  3.9308D+03  3.5797D+03  1.2378D+07  1.2378D+07         5
  4.0601D+03  4.6429D+03  4.7260D+03  9.3891D+01  9.3891D+01  9.4641D+06  8.4030D+06  3.9419D+03  3.5930D+03  1.3683D+07  1.3683D+07         5
  4.1463D+03  4.7381D+03  4.8186D+03  1.0209D+02  1.0209D+02  9.9306D+06  8.8523D+06  3.9524D+03  3.6055D+03  1.5091D+07  1.5091D+07         5
  4.2342D+03  4.8367D+03  4.9147D+03  1.1104D+02  1.1104D+02  1.0430D+07  9.3339D+06  3.9621D+03  3.6173D+03  1.6611D+07  1.6611D+07         6
  4.3240D+03  4.9391D+03  5.0146D+03  1.2081D+02  1.2081D+02  1.0965D+07  9.8503D+06  3.9711D+03  3.6282D+03  1.8254D+07  1.8254D+07         6
  4.4158D+03  5.0454D+03  5.1185D+03  1.3149D+02  1.3149D+02  1.1538D+07  1.0404D+07  3.9792D+03  3.6382D+03  2.0029D+07  2.0029D+07         6
  4.5094D+03  5.1559D+03  5.2266D+03  1.4318D+02  1.4318D+02  1.2153D+07  1.1000D+07  3.9865D+03  3.6473D+03  2.1947D+07  2.1947D+07         6
  4.6051D+03  5.2706D+03  5.3391D+03  1.5597D+02  1.5597D+02  1.2813D+07  1.1639D+07  3.9928D+03  3.6554D+03  2.4020D+07  2.4020D+07         7
  4.7028D+03  5.3899D+03  5.4563D+03  1.7001D+02  1.7001D+02  1.3522D+07  1.2327D+07  3.9981D+03  3.6624D+03  2.6262D+07  2.6262D+07         7
  4.8025D+03  5.5141D+03  5.5784D+03  1.8540D+02  1.8540D+02  1.4284D+07  1.3067D+07  4.0024D+03  3.6683D+03  2.8686D+07  2.8686D+07         7
  4.9044D+03  5.6434D+03  5.7056D+03  2.0230D+02  2.0230D+02  1.5104D+07  1.3864D+07  4.0055D+03  3.6730D+03  3.1308D+07  3.1308D+07         8
  5.0085D+03  5.7781D+03  5.8384D+03  2.2087D+02  2.2087D+02  1.5987D+07  1.4724D+07  4.0075D+03  3.6764D+03  3.4143D+07  3.4143D+07         8
  5.1147D+03  5.9184D+03  5.9769D+03  2.4130D+02  2.4130D+02  1.6938D+07  1.5651D+07  4.0081D+03  3.6786D+03  3.7210D+07  3.7210D+07         8
  5.2232D+03  6.0649D+03  6.1215D+03  2.6379D+02  2.6379D+02  1.7964D+07  1.6653D+07  4.0074D+03  3.6793D+03  4.0528D+07  4.0528D+07         9
  5.3340D+03  6.2177D+03  6.2726D+03  2.8856D+02  2.8856D+02  1.9072D+07  1.7735D+07  4.0053D+03  3.6785D+03  4.4118D+07  4.4118D+07         9
  5.4471D+03  6.3774D+03  6.4306D+03  3.1587D+02  3.1587D+02  2.0268D+07  1.8905D+07  4.0017D+03  3.6762D+03  4.8001D+07  4.8001D+07         9
  5.5627D+03  6.5443D+03  6.5959D+03  3.4601D+02  3.4601D+02  2.1562D+07  2.0172D+07  3.9965D+03  3.6722D+03  5.2203D+07  5.2203D+07        10
  5.6807D+03  6.7188D+03  6.7689D+03  3.7929D+02  3.7929D+02  2.2962D+07  2.1544D+07  3.9896D+03  3.6665D+03  5.6751D+07  5.6751D+07        10
  5.8012D+03  6.9015D+03  6.9502D+03  4.1607D+02  4.1607D+02  2.4478D+07  2.3032D+07  3.9810D+03  3.6590D+03  6.1672D+07  6.1672D+07        11
  5.9242D+03  7.0930D+03  7.1402D+03  4.5677D+02  4.5677D+02  2.6121D+07  2.4646D+07  3.9705D+03  3.6495D+03  6.6999D+07  6.6999D+07        11
  6.0499D+03  7.2936D+03  7.3395D+03  5.0183D+02  5.0183D+02  2.7905D+07  2.6399D+07  3.9580D+03  3.6381D+03  7.2765D+07  7.2765D+07        12
  6.1783D+03  7.5042D+03  7.5488D+03  5.5178D+02  5.5178D+02  2.9841D+07  2.8304D+07  3.9435D+03  3.6244D+03  7.9007D+07  7.9007D+07        12
  6.3093D+03  7.7254D+03  7.7687D+03  6.0718D+02  6.0718D+02  3.1945D+07  3.0376D+07  3.9268D+03  3.6086D+03  8.5767D+07  8.5767D+07        13
  6.4431D+03  7.9578D+03  8.0000D+03  6.6870D+02  6.6870D+02  3.4234D+07  3.2632D+07  3.9077D+03  3.5904D+03  9.3088D+07  9.3088D+07        13
  6.5798D+03  8.2023D+03  8.2434D+03  7.3709D+02  7.3709D+02  3.6725D+07  3.5089D+07  3.8863D+03  3.5697D+03  1.0102D+08  1.0102D+08        14
  6.7194D+03  8.4598D+03  8.4997D+03  8.1319D+02  8.1319D+02  3.9440D+07  3.7769D+07  3.8624D+03  3.5464D+03  1.0961D+08  1.0961D+08        15
  6.8619D+03  8.7312D+03  8.7701D+03  8.9796D+02  8.9796D+02  4.2400D+07  4.0692D+07  3.8358D+03  3.5204D+03  1.1893D+08  1.1893D+08        15
  7.0075D+03  9.0175D+03  9.0554D+03  9.9251D+02  9.9251D+02  4.5630D+07  4.3885D+07  3.8064D+03  3.4916D+03  1.2902D+08  1.2902D+08        16
  7.1561D+03  9.3199D+03  9.3568D+03  1.0981D+03  1.0981D+03  4.9159D+07  4.7374D+07  3.7740D+03  3.4597D+03  1.3997D+08  1.3997D+08        17
  7.3079D+03  9.6396D+03  9.6756D+03  1.2161D+03  1.2161D+03  5.3016D+07  5.1191D+07  3.7386D+03  3.4247D+03  1.5185D+08  1.5185D+08        18
  7.4630D+03  9.9780D+03  1.0013D+04  1.3483D+03  1.3483D+03  5.7237D+07  5.5370D+07  3.6999D+03  3.3863D+03  1.6475D+08  1.6475D+08        18
  7.6213D+03  1.0337D+04  1.0371D+04  1.4964D+03  1.4964D+03  6.1860D+07  5.9950D+07  3.6579D+03  3.3445D+03  1.7875D+08  1.7875D+08        19
  7.7829D+03  1.0717D+04  1.0750D+04  1.6627D+03  1.6627D+03  6.6927D+07  6.4972D+07  3.6123D+03  3.2990D+03  1.9396D+08  1.9396D+08        20
  7.9480D+03  1.1121D+04  1.1154D+04  1.8497D+03  1.8497D+03  7.2486D+07  7.0484D+07  3.5629D+03  3.2497D+03  2.1050D+08  2.1050D+08        21
  8.1166D+03  1.1551D+04  1.1583D+04  2.0603D+03  2.0603D+03  7.8591D+07  7.6541D+07  3.5096D+03  3.1964D+03  2.2848D+08  2.2848D+08        22
  8.2888D+03  1.2008D+04  1.2040D+04  2.2980D+03  2.2980D+03  8.5303D+07  8.3203D+07  3.4522D+03  3.1389D+03  2.4805D+08  2.4805D+08        23
  8.4646D+03  1.2497D+04  1.2527D+04  2.5665D+03  2.5665D+03  9.2689D+07  9.0536D+07  3.3905D+03  3.0771D+03  2.6936D+08  2.6936D+08        24
  8.6442D+03  1.3018D+04  1.3048D+04  2.8705D+03  2.8705D+03  1.0082D+08  9.8618D+07  3.3243D+03  3.0105D+03  2.9259D+08  2.9259D+08        25
  8.8276D+03  1.3576D+04  1.3605D+04  3.2155D+03  3.2155D+03  1.0980D+08  1.0753D+08  3.2534D+03  2.9392D+03  3.1793D+08  3.1793D+08        26
  9.0148D+03  1.4173D+04  1.4202D+04  3.6076D+03  3.6076D+03  1.1970D+08  1.1738D+08  3.1775D+03  2.8628D+03  3.4559D+08  3.4559D+08        28
  9.2060D+03  1.4815D+04  1.4843D+04  4.0544D+03  4.0544D+03  1.3065D+08  1.2827D+08  3.0965D+03  2.7812D+03  3.7582D+08  3.7582D+08        29
  9.4013D+03  1.5505D+04  1.5532D+04  4.5648D+03  4.5648D+03  1.4277D+08  1.4032D+08  3.0101D+03  2.6940D+03  4.0889D+08  4.0889D+08        30
  9.6008D+03  1.6248D+04  1.6275D+04  5.1491D+03  5.1491D+03  1.5620D+08  1.5368D+08  2.9181D+03  2.6012D+03  4.4510D+08  4.4510D+08        32
  9.8044D+03  1.7050D+04  1.7076D+04  5.8199D+03  5.8199D+03  1.7111D+08  1.6852D+08  2.8202D+03  2.5023D+03  4.8481D+08  4.8481D+08        33
  1.0012D+04  1.7917D+04  1.7943D+04  6.5921D+03  6.5921D+03  1.8767D+08  1.8501D+08  2.7163D+03  2.3972D+03  5.2840D+08  5.2840D+08        35
  1.0225D+04  1.8858D+04  1.8883D+04  7.4839D+03  7.4839D+03  2.0612D+08  2.0338D+08  2.6062D+03  2.2858D+03  5.7633D+08  5.7633D+08        37
  1.0442D+04  1.9880D+04  1.9905D+04  8.5169D+03  8.5169D+03  2.2669D+08  2.2387D+08  2.4896D+03  2.1677D+03  6.2911D+08  6.2911D+08        38
  1.0663D+04  2.0993D+04  2.1018D+04  9.7178D+03  9.7178D+03  2.4967D+08  2.4676D+08  2.3665D+03  2.0430D+03  6.8733D+08  6.8733D+08        40
  1.0889D+04  2.2209D+04  2.2234D+04  1.1119D+04  1.1119D+04  2.7539D+08  2.7239D+08  2.2368D+03  1.9114D+03  7.5168D+08  7.5168D+08        42
  1.1120D+04  2.3542D+04  2.3565D+04  1.2760D+04  1.2760D+04  3.0425D+08  3.0116D+08  2.1005D+03  1.7731D+03  8.2293D+08  8.2293D+08        44
  1.1356D+04  2.5005D+04  2.5029D+04  1.4692D+04  1.4692D+04  3.3671D+08  3.3352D+08  1.9579D+03  1.6282D+03  9.0201D+08  9.0201D+08        46
  1.1597D+04  2.6619D+04  2.6642D+04  1.6974D+04  1.6974D+04  3.7330D+08  3.7000D+08  1.8093D+03  1.4771D+03  9.8999D+08  9.8999D+08        48
  1.1843D+04  2.8404D+04  2.8427D+04  1.9687D+04  1.9687D+04  4.1467D+08  4.1126D+08  1.6554D+03  1.3205D+03  1.0882D+09  1.0882D+09        51
  1.2094D+04  3.0387D+04  3.0409D+04  2.2928D+04  2.2928D+04  4.6160D+08  4.5807D+08  1.4975D+03  1.1596D+03  1.1980D+09  1.1980D+09        53
  1.2351D+04  3.2598D+04  3.2620D+04  2.6825D+04  2.6825D+04  5.1501D+08  5.1135D+08  1.3373D+03  9.9613D+02  1.3214D+09  1.3214D+09        56
  1.2613D+04  3.5075D+04  3.5096D+04  3.1543D+04  3.1543D+04  5.7604D+08  5.7225D+08  1.1774D+03  8.3253D+02  1.4605D+09  1.4605D+09        58
  1.2880D+04  3.7863D+04  3.7884D+04  3.7298D+04  3.7298D+04  6.4608D+08  6.4214D+08  1.0213D+03  6.7234D+02  1.6180D+09  1.6180D+09        61
  1.3154D+04  4.1019D+04  4.1040D+04  4.4380D+04  4.4380D+04  7.2686D+08  7.2276D+08  8.7353D+02  5.2013D+02  1.7973D+09  1.7973D+09        64
  1.3433D+04  4.4612D+04  4.4633D+04  5.3175D+04  5.3175D+04  8.2050D+08  8.1624D+08  7.3974D+02  3.8137D+02  2.0025D+09  2.0025D+09        67
  1.3718D+04  4.8732D+04  4.8752D+04  6.4213D+04  6.4213D+04  9.2971D+08  9.2527D+08  6.2575D+02  2.6184D+02  2.2388D+09  2.2388D+09        71
  1.4009D+04  5.3491D+04  5.3511D+04  7.8225D+04  7.8225D+04  1.0579D+09  1.0532D+09  5.3643D+02  1.6633D+02  2.5128D+09  2.5128D+09        75
  1.4306D+04  5.9034D+04  5.9054D+04  9.6237D+04  9.6237D+04  1.2094D+09  1.2045D+09  4.7399D+02  9.6910D+01  2.8328D+09  2.8328D+09        79
  1.4609D+04  6.5555D+04  6.5574D+04  1.1971D+05  1.1971D+05  1.3897D+09  1.3846D+09  4.3671D+02  5.1750D+01  3.2095D+09  3.2095D+09        83
  1.4919D+04  7.3313D+04  7.3332D+04  1.5079D+05  1.5079D+05  1.6064D+09  1.6010D+09  4.1945D+02  2.5576D+01  3.6569D+09  3.6569D+09        88
  1.5236D+04  8.2665D+04  8.2683D+04  1.9270D+05  1.9270D+05  1.8695D+09  1.8638D+09  4.1597D+02  1.1938D+01  4.1942D+09  4.1942D+09        93
  1.5559D+04  9.4117D+04  9.4135D+04  2.5048D+05  2.5048D+05  2.1930D+09  2.1870D+09  4.2117D+02  5.4982D+00  4.8478D+09  4.8478D+09        98
  1.5889D+04  1.0841D+05  1.0843D+05  3.3232D+05  3.3232D+05  2.5975D+09  2.5912D+09  4.3193D+02  2.7833D+00  5.6559D+09  5.6559D+09       104
  1.6226D+04  1.2670D+05  1.2671D+05  4.5222D+05  4.5222D+05  3.1139D+09  3.1071D+09  4.4681D+02  1.8170D+00  6.6760D+09  6.6760D+09       111
  1.6570D+04  1.5082D+05  1.5083D+05  6.3574D+05  6.3574D+05  3.7911D+09  3.7839D+09  4.6554D+02  1.5647D+00  7.9987D+09  7.9987D+09       119
  1.6922D+04  1.8402D+05  1.8403D+05  9.3371D+05  9.3371D+05  4.7134D+09  4.7056D+09  4.8891D+02  1.5294D+00  9.7791D+09  9.7791D+09       128
  1.7281D+04  2.3267D+05  2.3269D+05  1.4609D+06  1.4609D+06  6.0412D+09  6.0326D+09  5.1895D+02  1.4957D+00  1.2311D+10  1.2311D+10       139


   ZERO-TEMPERATURE ISOTHERM

        RHO          P         DPDR          E          ETA       GAMMA      T(PSI=1)     THETA       GIBBS
      kg/m**3       GPa	    (m/sec)**2     J/kg                                K           K          J/kg

    3.2200D+04  2.5535D+04  1.8101D+09  4.9317D+08  1.0000D+01  2.0900D+00  5.0028D+08 -2.8257D+04  1.2862D+09
    2.9367D+04  2.0659D+04  1.6312D+09  4.2431D+08  9.1201D+00  2.0531D+00  3.5221D+08 -2.3348D+04  1.1278D+09
    2.6783D+04  1.6657D+04  1.4664D+09  3.6334D+08  8.3176D+00  2.0132D+00  2.4973D+08 -1.9360D+04  9.8526D+08
    2.4426D+04  1.3380D+04  1.3149D+09  3.0952D+08  7.5858D+00  1.9700D+00  1.7842D+08 -1.6115D+04  8.5728D+08
    2.2277D+04  1.0703D+04  1.1756D+09  2.6222D+08  6.9183D+00  1.9235D+00  1.2854D+08 -1.3470D+04  7.4268D+08
    2.0317D+04  8.5240D+03  1.0477D+09  2.2082D+08  6.3096D+00  1.8734D+00  9.3425D+07 -1.1309D+04  6.4038D+08
    1.8529D+04  6.7556D+03  9.3057D+08  1.8476D+08  5.7544D+00  1.8196D+00  6.8557D+07 -9.5398D+03  5.4935D+08
    1.6899D+04  5.3258D+03  8.2338D+08  1.5349D+08  5.2481D+00  1.7619D+00  5.0828D+07 -8.0890D+03  4.6865D+08
    1.5412D+04  4.1743D+03  7.2547D+08  1.2655D+08  4.7863D+00  1.7003D+00  3.8100D+07 -6.8967D+03  3.9740D+08
    1.4056D+04  3.2510D+03  6.3624D+08  1.0346D+08  4.3652D+00  1.6347D+00  2.8896D+07 -5.9146D+03  3.3475D+08
    1.2819D+04  2.5144D+03  5.5510D+08  8.3804D+07  3.9811D+00  1.5651D+00  2.2190D+07 -5.1041D+03  2.7995D+08
    1.1691D+04  1.9298D+03  4.8153D+08  6.7200D+07  3.6308D+00  1.4916D+00  1.7266D+07 -4.4338D+03  2.3227D+08
    1.0662D+04  1.4687D+03  4.1503D+08  5.3283D+07  3.3113D+00  1.4143D+00  1.3623D+07 -3.8783D+03  1.9103D+08
    9.7242D+03  1.1075D+03  3.5516D+08  4.1720D+07  3.0200D+00  1.3337D+00  1.0906D+07 -3.4172D+03  1.5561D+08
    8.8686D+03  8.2664D+02  3.0150D+08  3.2206D+07  2.7542D+00  1.2502D+00  8.8637D+06 -3.0338D+03  1.2542D+08
    8.0883D+03  6.1011D+02  2.5366D+08  2.4461D+07  2.5119D+00  1.1645D+00  7.3173D+06 -2.7145D+03  9.9893D+07
    7.3766D+03  4.4474D+02  2.1131D+08  1.8230D+07  2.2909D+00  1.0775D+00  6.1377D+06 -2.4482D+03  7.8521D+07
    6.7275D+03  3.1975D+02  1.7412D+08  1.3282D+07  2.0893D+00  9.9068D-01  5.2314D+06 -2.2258D+03  6.0810D+07
    6.1356D+03  2.2632D+02  1.4182D+08  9.4101D+06  1.9055D+00  9.0564D-01  4.5302D+06 -2.0397D+03  4.6297D+07
    5.5957D+03  1.5732D+02  1.1415D+08  6.4301D+06  1.7378D+00  8.2466D-01  3.9836D+06 -1.8836D+03  3.4544D+07
    5.1034D+03  1.0694D+02  9.0874D+07  4.1818D+06  1.5849D+00  7.5060D-01  3.5535D+06 -1.7519D+03  2.5136D+07
    4.6543D+03  7.0499D+01  7.1804D+07  2.5287D+06  1.4454D+00  6.8711D-01  3.2104D+06 -1.6398D+03  1.7676D+07
    4.2448D+03  4.4261D+01  5.6761D+07  1.3582D+06  1.3183D+00  6.3879D-01  2.9307D+06 -1.5429D+03  1.1785D+07
    3.8713D+03  2.5232D+01  4.5597D+07  5.8302D+05  1.2023D+00  6.1140D-01  2.6944D+06 -1.4568D+03  7.1008D+06
    3.5307D+03  1.1048D+01  3.8187D+07  1.4161D+05  1.0965D+00  6.1216D-01  2.4835D+06 -1.3774D+03  3.2707D+06
    3.2200D+03 -1.4695D-01  3.4220D+07  3.0334D+01  1.0000D+00  6.5000D-01  2.2814D+06 -1.3000D+03 -4.5607D+04
    2.9367D+03 -7.7852D+00  2.0312D+07  1.3219D+05  9.1201D-01  6.9852D-01  2.0770D+06 -1.2215D+03 -2.5188D+06
    2.6783D+03 -1.1723D+01  1.0607D+07  4.6148D+05  8.3176D-01  7.2765D-01  1.8777D+06 -1.1437D+03 -3.9157D+06
    2.4426D+03 -1.3394D+01  3.8863D+06  9.1955D+05  7.5858D-01  7.4165D-01  1.6908D+06 -1.0688D+03 -4.5640D+06
    2.2277D+03 -1.3710D+01 -7.1883D+05  1.4583D+06  6.9183D-01  7.4395D-01  1.5203D+06 -9.9803D+02 -4.6963D+06
    2.0317D+03 -1.3249D+01 -3.8262D+06  2.0440D+06  6.3096D-01  7.3734D-01  1.3676D+06 -9.3216D+02 -4.4774D+06
    1.8529D+03 -1.2372D+01 -5.8755D+06  2.6531D+06  5.7544D-01  7.2408D-01  1.2325D+06 -8.7145D+02 -4.0238D+06
    1.6899D+03 -1.1301D+01 -7.1793D+06  3.2694D+06  5.2481D-01  7.0597D-01  1.1140D+06 -8.1589D+02 -3.4179D+06
    1.5412D+03 -1.0171D+01 -7.9599D+06  3.8819D+06  4.7863D-01  6.8444D-01  1.0107D+06 -7.6527D+02 -2.7173D+06
    1.4056D+03 -9.0601D+00 -8.3752D+06  4.4831D+06  4.3652D-01  6.6065D-01  9.2070D+05 -7.1929D+02 -1.9628D+06
    1.2819D+03 -8.0123D+00 -8.5372D+06  5.0680D+06  3.9811D-01  6.3548D-01  8.4256D+05 -6.7761D+02 -1.1823D+06
    1.1691D+03 -7.0487D+00 -8.5256D+06  5.6337D+06  3.6308D-01  6.0965D-01  7.7469D+05 -6.3984D+02 -3.9546D+05
    1.0662D+03 -6.1774D+00 -8.3965D+06  6.1782D+06  3.3113D-01  5.8369D-01  7.1569D+05 -6.0563D+02  3.8456D+05
    9.7242D+02 -5.3987D+00 -8.1897D+06  6.7007D+06  3.0199D-01  5.5803D-01  6.6435D+05 -5.7461D+02  1.1489D+06
    8.8686D+02 -4.7085D+00 -7.9333D+06  7.2008D+06  2.7542D-01  5.3296D-01  6.1957D+05 -5.4646D+02  1.8916D+06
    8.0883D+02 -4.1003D+00 -7.6469D+06  7.6788D+06  2.5119D-01  5.0872D-01  5.8045D+05 -5.2087D+02  2.6093D+06
    7.3766D+02 -3.5666D+00 -7.3443D+06  8.1348D+06  2.2909D-01  4.8547D-01  5.4618D+05 -4.9756D+02  3.2998D+06
    6.7275D+02 -3.0998D+00 -7.0350D+06  8.5696D+06  2.0893D-01  4.6331D-01  5.1609D+05 -4.7629D+02  3.9620D+06
    6.1356D+02 -2.6924D+00 -6.7256D+06  8.9839D+06  1.9055D-01  4.4230D-01  4.8960D+05 -4.5684D+02  4.5956D+06
    5.5957D+02 -2.3375D+00 -6.4205D+06  9.3782D+06  1.7378D-01  4.2249D-01  4.6622D+05 -4.3901D+02  5.2010D+06
    5.1033D+02 -2.0286D+00 -6.1227D+06  9.7536D+06  1.5849D-01  4.0386D-01  4.4554D+05 -4.2262D+02  5.7786D+06
    4.6543D+02 -1.7601D+00 -5.8340D+06  1.0111D+07  1.4454D-01  3.8642D-01  4.2718D+05 -4.0752D+02  6.3291D+06
    4.2448D+02 -1.5268D+00 -5.5556D+06  1.0450D+07  1.3183D-01  3.7014D-01  4.1086D+05 -3.9357D+02  6.8536D+06
    3.8713D+02 -1.3243D+00 -5.2882D+06  1.0774D+07  1.2023D-01  3.5497D-01  3.9630D+05 -3.8065D+02  7.3528D+06
    3.5307D+02 -1.1485D+00 -5.0320D+06  1.1081D+07  1.0965D-01  3.4087D-01  3.8329D+05 -3.6865D+02  7.8280D+06
    3.2200D+02 -9.9592D-01 -4.7869D+06  1.1373D+07  1.0000D-01  3.2780D-01  3.7164D+05 -3.5747D+02  8.2801D+06
    2.9367D+02 -8.6358D-01 -4.5530D+06  1.1651D+07  9.1201D-02  3.1569D-01  3.6118D+05 -3.4704D+02  8.7101D+06
    2.6783D+02 -7.4879D-01 -4.3299D+06  1.1915D+07  8.3176D-02  3.0450D-01  3.5177D+05 -3.3727D+02  9.1191D+06
    2.4426D+02 -6.4924D-01 -4.1173D+06  1.2166D+07  7.5858D-02  2.9417D-01  3.4328D+05 -3.2810D+02  9.5081D+06
    2.2277D+02 -5.6291D-01 -3.9148D+06  1.2405D+07  6.9183D-02  2.8464D-01  3.3561D+05 -3.1947D+02  9.8779D+06
    2.0317D+02 -4.8805D-01 -3.7221D+06  1.2632D+07  6.3096D-02  2.7586D-01  3.2866D+05 -3.1133D+02  1.0230D+07
    1.8529D+02 -4.2314D-01 -3.5387D+06  1.2847D+07  5.7544D-02  2.6779D-01  3.2236D+05 -3.0363D+02  1.0564D+07
    1.6899D+02 -3.6686D-01 -3.3643D+06  1.3053D+07  5.2481D-02  2.6036D-01  3.1663D+05 -2.9634D+02  1.0882D+07
    1.5412D+02 -3.1806D-01 -3.1983D+06  1.3248D+07  4.7863D-02  2.5354D-01  3.1141D+05 -2.8941D+02  1.1184D+07
    1.4056D+02 -2.7575D-01 -3.0405D+06  1.3433D+07  4.3651D-02  2.4727D-01  3.0665D+05 -2.8281D+02  1.1471D+07
    1.2819D+02 -2.3907D-01 -2.8904D+06  1.3609D+07  3.9811D-02  2.4152D-01  3.0229D+05 -2.7652D+02  1.1744D+07
    1.1691D+02 -2.0727D-01 -2.7477D+06  1.3777D+07  3.6308D-02  2.3625D-01  2.9830D+05 -2.7050D+02  1.2004D+07
    1.0662D+02 -1.7969D-01 -2.6121D+06  1.3936D+07  3.3113D-02  2.3142D-01  2.9463D+05 -2.6474D+02  1.2250D+07
    9.7242D+01 -1.5579D-01 -2.4831D+06  1.4087D+07  3.0199D-02  2.2700D-01  2.9126D+05 -2.5921D+02  1.2485D+07
    8.8686D+01 -1.3506D-01 -2.3605D+06  1.4231D+07  2.7542D-02  2.2294D-01  2.8815D+05 -2.5389D+02  1.2708D+07
    8.0883D+01 -1.1709D-01 -2.2439D+06  1.4368D+07  2.5119D-02  2.1923D-01  2.8528D+05 -2.4878D+02  1.2920D+07
    7.3766D+01 -1.0152D-01 -2.1331D+06  1.4498D+07  2.2909D-02  2.1584D-01  2.8262D+05 -2.4384D+02  1.3122D+07
    6.7275D+01 -8.8011D-02 -2.0277D+06  1.4621D+07  2.0893D-02  2.1273D-01  2.8015D+05 -2.3908D+02  1.3313D+07
    6.1356D+01 -7.6302D-02 -1.9276D+06  1.4739D+07  1.9055D-02  2.0989D-01  2.7786D+05 -2.3447D+02  1.3495D+07
    5.5957D+01 -6.6151D-02 -1.8324D+06  1.4851D+07  1.7378D-02  2.0729D-01  2.7572D+05 -2.3001D+02  1.3668D+07
    5.1033D+01 -5.7351D-02 -1.7419D+06  1.4957D+07  1.5849D-02  2.0492D-01  2.7373D+05 -2.2569D+02  1.3833D+07
    4.6543D+01 -4.9721D-02 -1.6558D+06  1.5058D+07  1.4454D-02  2.0275D-01  2.7186D+05 -2.2149D+02  1.3989D+07
    4.2448D+01 -4.3106D-02 -1.5740D+06  1.5154D+07  1.3183D-02  2.0077D-01  2.7011D+05 -2.1741D+02  1.4138D+07
    3.8713D+01 -3.7371D-02 -1.4963D+06  1.5245D+07  1.2023D-02  1.9895D-01  2.6846D+05 -2.1345D+02  1.4279D+07
    3.5306D+01 -3.2400D-02 -1.4224D+06  1.5332D+07  1.0965D-02  1.9730D-01  2.6691D+05 -2.0959D+02  1.4414D+07
    3.2200D+01 -2.8089D-02 -1.3521D+06  1.5414D+07  1.0000D-02  1.9579D-01  2.6545D+05 -2.0583D+02  1.4542D+07
    2.9367D+01 -2.4352D-02 -1.2853D+06  1.5492D+07  9.1201D-03  1.9441D-01  2.6406D+05 -2.0216D+02  1.4663D+07
    2.6783D+01 -2.1112D-02 -1.2218D+06  1.5567D+07  8.3176D-03  1.9315D-01  2.6275D+05 -1.9859D+02  1.4778D+07
    2.4426D+01 -1.8304D-02 -1.1615D+06  1.5638D+07  7.5858D-03  1.9200D-01  2.6150D+05 -1.9509D+02  1.4888D+07
    2.2277D+01 -1.5869D-02 -1.1041D+06  1.5705D+07  6.9183D-03  1.9095D-01  2.6030D+05 -1.9168D+02  1.4993D+07
    2.0317D+01 -1.3757D-02 -1.0496D+06  1.5769D+07  6.3096D-03  1.8999D-01  2.5917D+05 -1.8835D+02  1.5092D+07
    1.8529D+01 -1.1927D-02 -9.9774D+05  1.5830D+07  5.7544D-03  1.8911D-01  2.5808D+05 -1.8509D+02  1.5186D+07
    1.6899D+01 -1.0340D-02 -9.4845D+05  1.5887D+07  5.2481D-03  1.8831D-01  2.5703D+05 -1.8190D+02  1.5276D+07
    1.5412D+01 -8.9648D-03 -9.0160D+05  1.5942D+07  4.7863D-03  1.8758D-01  2.5603D+05 -1.7878D+02  1.5361D+07
    1.4056D+01 -7.7721D-03 -8.5707D+05  1.5995D+07  4.3651D-03  1.8692D-01  2.5506D+05 -1.7572D+02  1.5442D+07
    1.2819D+01 -6.7381D-03 -8.1473D+05  1.6044D+07  3.9811D-03  1.8631D-01  2.5412D+05 -1.7273D+02  1.5519D+07
    1.1691D+01 -5.8417D-03 -7.7449D+05  1.6092D+07  3.6308D-03  1.8576D-01  2.5322D+05 -1.6979D+02  1.5592D+07
    1.0662D+01 -5.0645D-03 -7.3623D+05  1.6136D+07  3.3113D-03  1.8525D-01  2.5234D+05 -1.6692D+02  1.5661D+07
    9.7242D+00 -4.3908D-03 -6.9987D+05  1.6179D+07  3.0199D-03  1.8479D-01  2.5149D+05 -1.6410D+02  1.5728D+07
    8.8686D+00 -3.8066D-03 -6.6530D+05  1.6220D+07  2.7542D-03  1.8437D-01  2.5066D+05 -1.6133D+02  1.5790D+07
    8.0882D+00 -3.3002D-03 -6.3244D+05  1.6258D+07  2.5119D-03  1.8399D-01  2.4985D+05 -1.5862D+02  1.5850D+07
    7.3766D+00 -2.8611D-03 -6.0120D+05  1.6295D+07  2.2909D-03  1.8364D-01  2.4906D+05 -1.5596D+02  1.5907D+07
    6.7275D+00 -2.4805D-03 -5.7150D+05  1.6330D+07  2.0893D-03  1.8332D-01  2.4829D+05 -1.5334D+02  1.5961D+07
    6.1356D+00 -2.1505D-03 -5.4327D+05  1.6363D+07  1.9055D-03  1.8303D-01  2.4754D+05 -1.5078D+02  1.6012D+07
    5.5957D+00 -1.8644D-03 -5.1644D+05  1.6394D+07  1.7378D-03  1.8276D-01  2.4680D+05 -1.4826D+02  1.6061D+07
    5.1033D+00 -1.6164D-03 -4.9093D+05  1.6424D+07  1.5849D-03  1.8252D-01  2.4608D+05 -1.4579D+02  1.6107D+07
    4.6543D+00 -1.4013D-03 -4.6668D+05  1.6453D+07  1.4454D-03  1.8230D-01  2.4537D+05 -1.4336D+02  1.6151D+07
    4.2448D+00 -1.2149D-03 -4.4363D+05  1.6480D+07  1.3183D-03  1.8209D-01  2.4466D+05 -1.4097D+02  1.6193D+07
    3.8713D+00 -1.0533D-03 -4.2171D+05  1.6505D+07  1.2023D-03  1.8191D-01  2.4397D+05 -1.3863D+02  1.6233D+07
    3.5306D+00 -9.1314D-04 -4.0088D+05  1.6530D+07  1.0965D-03  1.8174D-01  2.4329D+05 -1.3633D+02  1.6271D+07
    3.2200D+00 -7.9166D-04 -3.8108D+05  1.6553D+07  1.0000D-03  1.8159D-01  2.4262D+05 -1.3406D+02  1.6307D+07


   HUGONIOT

      RHO          T           P          PC           E           S           V           U       RHO/RHOO  #IT  STATE
    kg/m**3        K          GPa        GPa          J/kg      J/kg-K       km/sec      km/sec

  3.2200D+03  2.9803D+02  1.4932D-04 -1.4683D-01  7.1806D+04  3.1626D+02  5.8524D+00  0.0000D+00  1.0000D+00  0  INITIAL
  3.2819D+03  3.0175D+02  2.1476D+00  1.9984D+00  7.8097D+04  3.1645D+02  5.9459D+00  1.1216D-01  1.0192D+00  3  SOLID  
  3.3267D+03  3.0465D+02  3.7243D+00  3.5729D+00  9.0361D+04  3.1721D+02  6.0040D+00  1.9263D-01  1.0331D+00  3  SOLID  
  3.3665D+03  3.0755D+02  5.1425D+00  4.9884D+00  1.0656D+05  3.1873D+02  6.0572D+00  2.6365D-01  1.0455D+00  3  SOLID  
  3.4013D+03  3.1045D+02  6.3983D+00  6.2412D+00  1.2477D+05  3.2095D+02  6.1051D+00  3.2546D-01  1.0563D+00  3  SOLID  
  3.4318D+03  3.1335D+02  7.5127D+00  7.3523D+00  1.4381D+05  3.2375D+02  6.1482D+00  3.7948D-01  1.0658D+00  3  SOLID  
  3.4588D+03  3.1625D+02  8.5110D+00  8.3469D+00  1.6306D+05  3.2702D+02  6.1871D+00  4.2720D-01  1.0742D+00  3  SOLID  
  3.4830D+03  3.1916D+02  9.4151D+00  9.2472D+00  1.8221D+05  3.3065D+02  6.2226D+00  4.6988D-01  1.0817D+00  3  SOLID  
  3.5049D+03  3.2206D+02  1.0243D+01  1.0071D+01  2.0111D+05  3.3456D+02  6.2553D+00  5.0852D-01  1.0885D+00  3  SOLID  
  3.5250D+03  3.2496D+02  1.1008D+01  1.0832D+01  2.1970D+05  3.3871D+02  6.2857D+00  5.4385D-01  1.0947D+00  3  SOLID  
  3.5435D+03  3.2786D+02  1.1720D+01  1.1540D+01  2.3796D+05  3.4305D+02  6.3141D+00  5.7646D-01  1.1005D+00  3  SOLID  
  3.5607D+03  3.3076D+02  1.2389D+01  1.2204D+01  2.5590D+05  3.4754D+02  6.3409D+00  6.0678D-01  1.1058D+00  3  SOLID  
  3.6455D+03  3.4817D+02  1.5766D+01  1.5554D+01  3.5756D+05  3.7671D+02  6.4769D+00  7.5598D-01  1.1321D+00  4  SOLID  
  3.7484D+03  3.7718D+02  2.0082D+01  1.9816D+01  5.1135D+05  4.2959D+02  6.6517D+00  9.3759D-01  1.1641D+00  4  SOLID  
  3.8279D+03  4.0620D+02  2.3603D+01  2.3277D+01  6.5382D+05  4.8463D+02  6.7940D+00  1.0789D+00  1.1888D+00  3  SOLID  
  3.8945D+03  4.3521D+02  2.6688D+01  2.6296D+01  7.8950D+05  5.4038D+02  6.9179D+00  1.1981D+00  1.2095D+00  3  SOLID  
  3.9526D+03  4.6423D+02  2.9492D+01  2.9027D+01  9.2059D+05  5.9611D+02  7.0296D+00  1.3029D+00  1.2275D+00  3  SOLID  
  4.0521D+03  5.2225D+02  3.4545D+01  3.3921D+01  1.1733D+06  7.0599D+02  7.2281D+00  1.4842D+00  1.2584D+00  3  SOLID  
  4.1363D+03  5.8028D+02  3.9102D+01  3.8298D+01  1.4169D+06  8.1237D+02  7.4037D+00  1.6402D+00  1.2846D+00  3  SOLID  
  4.2101D+03  6.3831D+02  4.3314D+01  4.2312D+01  1.6535D+06  9.1449D+02  7.5629D+00  1.7786D+00  1.3075D+00  3  SOLID  
  4.2760D+03  6.9634D+02  4.7266D+01  4.6051D+01  1.8844D+06  1.0121D+03  7.7095D+00  1.9040D+00  1.3280D+00  3  SOLID  
  4.3906D+03  8.1239D+02  5.4585D+01  5.2900D+01  2.3316D+06  1.1939D+03  7.9739D+00  2.1259D+00  1.3635D+00  3  SOLID  
  4.4883D+03  9.2845D+02  6.1317D+01  5.9114D+01  2.7623D+06  1.3592D+03  8.2091D+00  2.3197D+00  1.3939D+00  3  SOLID  
  4.5738D+03  1.0445D+03  6.7608D+01  6.4843D+01  3.1791D+06  1.5100D+03  8.4224D+00  2.4929D+00  1.4204D+00  3  SOLID  
  4.6499D+03  1.1606D+03  7.3549D+01  7.0185D+01  3.5839D+06  1.6481D+03  8.6184D+00  2.6503D+00  1.4441D+00  3  SOLID  
  4.7815D+03  1.3927D+03  8.4618D+01  7.9961D+01  4.3629D+06  1.8928D+03  8.9704D+00  2.9295D+00  1.4850D+00  3  SOLID  
  4.8930D+03  1.6248D+03  9.4861D+01  8.8802D+01  5.1083D+06  2.1042D+03  9.2822D+00  3.1738D+00  1.5196D+00  3  SOLID  
  4.9901D+03  1.8569D+03  1.0448D+02  9.6925D+01  5.8264D+06  2.2897D+03  9.5640D+00  3.3925D+00  1.5497D+00  3  SOLID  
  5.0761D+03  2.0890D+03  1.1360D+02  1.0448D+02  6.5218D+06  2.4547D+03  9.8225D+00  3.5916D+00  1.5764D+00  3  SOLID  
  5.1535D+03  2.3211D+03  1.2232D+02  1.1155D+02  7.1979D+06  2.6032D+03  1.0062D+01  3.7752D+00  1.6005D+00  3  SOLID  
  5.3193D+03  2.9014D+03  1.4275D+02  1.2763D+02  8.8200D+06  2.9195D+03  1.0599D+01  4.1829D+00  1.6520D+00  3  SOLID  
  5.4568D+03  3.4817D+03  1.6174D+02  1.4194D+02  1.0367D+07  3.1792D+03  1.1070D+01  4.5376D+00  1.6947D+00  3  SOLID  
  5.5748D+03  4.0620D+03  1.7968D+02  1.5494D+02  1.1857D+07  3.3994D+03  1.1494D+01  4.8549D+00  1.7313D+00  3  SOLID  
  5.6783D+03  4.6423D+03  1.9682D+02  1.6691D+02  1.3303D+07  3.5906D+03  1.1882D+01  5.1441D+00  1.7634D+00  3  SOLID  
  5.9035D+03  5.2225D+03  2.3996D+02  1.9482D+02  1.7009D+07  4.0418D+03  1.2804D+01  5.8202D+00  1.8334D+00  3  LIQUID 
  5.9707D+03  5.8028D+03  2.5414D+02  2.0365D+02  1.8252D+07  4.1819D+03  1.3089D+01  6.0300D+00  1.8542D+00  3  LIQUID 
  6.0333D+03  6.3831D+03  2.6808D+02  2.1209D+02  1.9483D+07  4.3094D+03  1.3362D+01  6.2307D+00  1.8737D+00  3  LIQUID 
  6.0919D+03  6.9634D+03  2.8181D+02  2.2018D+02  2.0701D+07  4.4262D+03  1.3625D+01  6.4233D+00  1.8919D+00  3  LIQUID 
  6.1470D+03  7.5437D+03  2.9536D+02  2.2795D+02  2.1910D+07  4.5341D+03  1.3879D+01  6.6088D+00  1.9090D+00  3  LIQUID 
  6.1990D+03  8.1239D+03  3.0873D+02  2.3542D+02  2.3110D+07  4.6343D+03  1.4125D+01  6.7879D+00  1.9251D+00  3  LIQUID 
  6.2482D+03  8.7042D+03  3.2196D+02  2.4263D+02  2.4301D+07  4.7278D+03  1.4363D+01  6.9612D+00  1.9404D+00  3  LIQUID 
  6.2949D+03  9.2845D+03  3.3505D+02  2.4960D+02  2.5486D+07  4.8155D+03  1.4595D+01  7.1294D+00  1.9549D+00  3  LIQUID 
  6.3394D+03  9.8648D+03  3.4803D+02  2.5634D+02  2.6664D+07  4.8981D+03  1.4821D+01  7.2928D+00  1.9688D+00  2  LIQUID 
  6.3819D+03  1.0445D+04  3.6090D+02  2.6288D+02  2.7837D+07  4.9761D+03  1.5041D+01  7.4519D+00  1.9820D+00  2  LIQUID 
  6.4225D+03  1.1025D+04  3.7368D+02  2.6922D+02  2.9005D+07  5.0500D+03  1.5256D+01  7.6070D+00  1.9946D+00  2  LIQUID 
  6.4615D+03  1.1606D+04  3.8637D+02  2.7539D+02  3.0169D+07  5.1203D+03  1.5466D+01  7.7585D+00  2.0067D+00  2  LIQUID 
  6.5350D+03  1.2766D+04  4.1154D+02  2.8725D+02  3.2488D+07  5.2512D+03  1.5873D+01  8.0518D+00  2.0295D+00  3  LIQUID 
  6.6032D+03  1.3927D+04  4.3647D+02  2.9854D+02  3.4797D+07  5.3711D+03  1.6265D+01  8.3337D+00  2.0507D+00  3  LIQUID 
  6.6671D+03  1.5087D+04  4.6121D+02  3.0932D+02  3.7100D+07  5.4817D+03  1.6644D+01  8.6056D+00  2.0705D+00  3  LIQUID 
  6.7270D+03  1.6248D+04  4.8581D+02  3.1966D+02  3.9399D+07  5.5846D+03  1.7012D+01  8.8687D+00  2.0891D+00  3  LIQUID 
  6.7836D+03  1.7408D+04  5.1029D+02  3.2960D+02  4.1697D+07  5.6806D+03  1.7369D+01  9.1242D+00  2.1067D+00  3  LIQUID 
  6.8882D+03  1.9730D+04  5.5901D+02  3.4845D+02  4.6297D+07  5.8558D+03  1.8055D+01  9.6151D+00  2.1392D+00  3  LIQUID 
  7.0277D+03  2.3211D+04  6.3177D+02  3.7456D+02  5.3224D+07  6.0854D+03  1.9029D+01  1.0310D+01  2.1825D+00  3  LIQUID 
  7.2260D+03  2.9014D+04  7.5294D+02  4.1359D+02  6.4889D+07  6.4057D+03  2.0537D+01  1.1386D+01  2.2441D+00  3  LIQUID 
  7.3934D+03  3.4817D+04  8.7459D+02  4.4830D+02  7.6731D+07  6.6730D+03  2.1936D+01  1.2382D+01  2.2961D+00  3  LIQUID 
  7.6639D+03  4.6423D+04  1.1200D+03  5.0789D+02  1.0092D+08  7.1085D+03  2.4492D+01  1.4202D+01  2.3801D+00  3  LIQUID 
  7.8745D+03  5.8028D+04  1.3678D+03  5.5726D+02  1.2561D+08  7.4614D+03  2.6807D+01  1.5845D+01  2.4455D+00  3  LIQUID 
  8.0428D+03  6.9634D+04  1.6171D+03  5.9865D+02  1.5064D+08  7.7617D+03  2.8940D+01  1.7353D+01  2.4978D+00  3  LIQUID 
  8.1801D+03  8.1239D+04  1.8673D+03  6.3367D+02  1.7589D+08  8.0252D+03  3.0925D+01  1.8752D+01  2.5404D+00  3  LIQUID 
  8.2939D+03  9.2845D+04  2.1179D+03  6.6357D+02  2.0126D+08  8.2610D+03  3.2789D+01  2.0059D+01  2.5758D+00  3  LIQUID 
  8.3896D+03  1.0445D+05  2.3686D+03  6.8930D+02  2.2670D+08  8.4751D+03  3.4551D+01  2.1290D+01  2.6055D+00  2  LIQUID 
  8.4710D+03  1.1606D+05  2.6193D+03  7.1164D+02  2.5219D+08  8.6715D+03  3.6225D+01  2.2455D+01  2.6307D+00  2  LIQUID 


 EOS package call numbers
        ANEOS number =      -1        ALL 
 Calls to
 ANEOS                     1207      1207
 ANEOS1                   27812     27812
 ANION2                   29891     29891
 ANEOS1 from ANEOSV         910       910
 ANELSM from ANEOSV        1207      1207
 ANELSM                    1207      1207
 ANEOS1 from ANELSM       26902     26902
 ANEOS1/ANEOSV        2.304E+01 2.304E+01
 ANION2 iter. count   1.488E+00 1.488E+00
 Calls to eos tables =         0
