

  Data for ANEOS number  -1   library number    0  type 99     ver 09/30/13

  CANUP2013 FORSTERITE                                    RHUG=-1.00000D+00
                                                          THUG=-1.00000D+00

  IN( 1)= 3.000000000D+00  IN(16)= 0.000000000D+00  IN(31)= 0.000000000D+00
  IN( 2)= 4.000000000D+00  IN(17)= 0.000000000D+00  IN(32)= 0.000000000D+00
  IN( 3)= 3.320000000D+00  IN(18)= 4.650000000D+00  IN(33)= 1.000000000D+00
  IN( 4)= 2.980000000D+02  IN(19)= 4.900000000D+00  IN(34)= 0.000000000D+00
  IN( 5)= 1.000000000D+06  IN(20)= 6.600000000D+11  IN(35)= 0.000000000D+00
  IN( 6)=-6.600000000D+05  IN(21)= 3.500000000D+12  IN(36)= 2.000000000D+00
  IN( 7)= 8.200000000D-01  IN(22)= 1.300000000D+13  IN(37)= 8.000000000D+00
  IN( 8)= 6.614000000D+02  IN(23)= 0.000000000D+00  IN(38)= 0.000000000D+00
  IN( 9)= 8.600000000D-01  IN(24)= 0.000000000D+00  IN(39)= 0.000000000D+00
  IN(10)= 2.000000000D+00  IN(25)= 0.000000000D+00  IN(40)= 0.000000000D+00
  IN(11)= 1.300000000D+11  IN(26)= 0.000000000D+00  IN(41)= 0.000000000D+00
  IN(12)= 2.205000000D+03  IN(27)= 0.000000000D+00  IN(42)= 1.000000000D+00
  IN(13)= 1.970000000D+11  IN(28)= 0.000000000D+00  IN(43)= 1.270000000D+00
  IN(14)= 8.000000000D-01  IN(29)= 0.000000000D+00  IN(44)= 0.000000000D+00
  IN(15)= 0.000000000D+00  IN(30)= 0.000000000D+00  IN(45)= 0.000000000D+00

  N0= 0.29956D+23 Mean atomic weight= 0.20106D+02
  Z( 1)=  8.  number fraction( 1)= 5.71000D-01  atoms/gram( 1)= 1.71051D+22
  Z( 2)= 12.  number fraction( 2)= 2.86000D-01  atoms/gram( 2)= 8.56753D+21
  Z( 3)= 14.  number fraction( 3)= 1.43000D-01  atoms/gram( 3)= 4.28377D+21

  HUGONIOT INPUT DATA YIELDS B0 =    1.437939D+12 TGAMMA =   -2.843259D-01


NEW: Cv adjust, QCC1, QCC6=   0.000000D+00   0.000000D+00   0.000000D+00


  Zero-temperature isotherm has been modified for a solid-solid phase transition

  PCRITICAL= 6.601301D+11          PCTR(INPUT)= 6.600000D+11
  DPDETA(ETA1)= 2.061846D+12       DPDETA(ETA2)= 3.500000D+12
  D2PDETA2(ETA1)= 3.070239D+12     D2PDETA2(ETA2)= 1.300000D+13
  EC(ETA1)= 2.344979D+10           EC(ETA2)= 3.069283D+10
  TGAMSTAR=-3.772485D+00           TGAM=-2.843259D-01



  REFERENCE POINT CONDITIONS

  T=   2.567717D-02      RHO=    3.320000D+00      P=  -3.202103D+07
  E=   3.667777D+09      DPDT=   3.810205D+11      CV=  1.401934D+11
  S=   7.463025D+10      DPDR=   4.331096D+11      B0=  1.437924D+12
  CS=  6.599408D+05      GAMMA=  8.186207D-01


  TWO-PHASE CALCULATION FOR MATERIAL     1

  CRITICAL POINT
  RHO=  4.1533591D-01       T=  6.0285796D-01         P=  1.8801179D+09
  E=  2.0465275D+11         S=  6.8818548D+11         NTY= 1063


  TWO-PHASE BOUNDARIES
       T         RHOLIQ        RHOVAP        PLIQ         PVAP        ELIQ         EVAP         SLIQ         SVAP        GLIQ         GVAP         PSILIQ      PSIVAP         NTY
       K         kg/m**3       kg/m**3       GPa          GPa         J/kg         J/kg        J/kg-K       J/kg-K       J/kg         J/kg

  6.99655D+03  4.15336D+02  4.15336D+02  1.88012D-01  1.88012D-01  2.04653D+07  2.04653D+07  5.93009D+03  5.93009D+03 -2.05699D+07 -2.05699D+07  3.68857D+01  3.68857D+01      0
  6.91669D+03  6.99205D+02  2.15934D+02  1.59873D-01  1.59873D-01  1.67108D+07  2.34917D+07  5.36607D+03  6.42047D+03 -2.01738D+07 -2.01738D+07  1.62785D+01  1.01832D+02     10
  6.83683D+03  8.43705D+02  1.55857D+02  1.35295D-01  1.35295D-01  1.49923D+07  2.45419D+07  5.11094D+03  6.61132D+03 -1.97879D+07 -1.97879D+07  1.20426D+01  1.68832D+02      9
  6.75697D+03  9.65848D+02  1.18010D+02  1.13956D-01  1.13956D-01  1.36463D+07  2.52766D+07  4.91017D+03  6.75695D+03 -1.94117D+07 -1.94117D+07  9.65578D+00  2.59968D+02      8
  6.67712D+03  1.07663D+03  9.13360D+01  9.55379D-02  9.55379D-02  1.25144D+07  2.58513D+07  4.74001D+03  6.88091D+03 -1.90446D+07 -1.90446D+07  8.05946D+00  3.87059D+02      8
  6.59726D+03  1.18032D+03  7.15502D+01  7.97301D-02  7.97301D-02  1.15341D+07  2.63253D+07  4.59125D+03  6.99207D+03 -1.86862D+07 -1.86862D+07  6.89585D+00  5.65832D+02      8
  6.51740D+03  1.27913D+03  5.64504D+01  6.62373D-02  6.62370D-02  1.06723D+07  2.67279D+07  4.45909D+03  7.09484D+03 -1.83359D+07 -1.83359D+07  6.00118D+00  8.18494D+02      7
  6.43754D+03  1.37446D+03  4.47249D+01  5.47809D-02  5.47808D-02  9.90795D+06  2.70763D+07  4.34059D+03  7.19175D+03 -1.79933D+07 -1.79933D+07  5.28734D+00  1.17689D+03      7
  6.35768D+03  1.46732D+03  3.55180D+01  4.51042D-02  4.51042D-02  9.22646D+06  2.73812D+07  4.23372D+03  7.28437D+03 -1.76579D+07 -1.76579D+07  4.70178D+00  1.68703D+03      7
  6.27782D+03  1.55852D+03  2.82362D+01  3.69719D-02  3.69718D-02  8.61663D+06  2.76499D+07  4.13694D+03  7.37374D+03 -1.73291D+07 -1.73291D+07  4.21083D+00  2.41580D+03      7
  6.19796D+03  1.64883D+03  2.24501D+01  3.01710D-02  3.01710D-02  8.06944D+06  2.78872D+07  4.04903D+03  7.46057D+03 -1.70065D+07 -1.70065D+07  3.79167D+00  3.46095D+03      7
  6.11810D+03  1.73901D+03  1.78391D+01  2.45111D-02  2.45111D-02  7.57735D+06  2.80968D+07  3.96898D+03  7.54537D+03 -1.66898D+07 -1.66898D+07  3.42823D+00  4.96621D+03      7
  6.03824D+03  1.82987D+03  1.41588D+01  1.98232D-02  1.98232D-02  7.13382D+06  2.82815D+07  3.89591D+03  7.62849D+03 -1.63784D+07 -1.63784D+07  3.10880D+00  7.14413D+03      7
  5.95838D+03  1.92226D+03  1.12194D+01  1.59586D-02  1.59586D-02  6.73314D+06  2.84431D+07  3.82904D+03  7.71020D+03 -1.60721D+07 -1.60721D+07  2.82479D+00  1.03110D+04      7
  5.87852D+03  2.01698D+03  8.87226D+00  1.27877D-02  1.27877D-02  6.37043D+06  2.85833D+07  3.76770D+03  7.79068D+03 -1.57704D+07 -1.57704D+07  2.57006D+00  1.49407D+04      7
  5.79866D+03  2.11440D+03  6.99937D+00  1.01983D-02  1.01982D-02  6.04181D+06  2.87031D+07  3.71137D+03  7.87007D+03 -1.54731D+07 -1.54731D+07  2.34086D+00  2.17478D+04      7
  5.71881D+03  2.21358D+03  5.50693D+00  8.09391D-03  8.09370D-03  5.74503D+06  2.88035D+07  3.65980D+03  7.94845D+03 -1.51798D+07 -1.51798D+07  2.13624D+00  3.18172D+04      7
  5.63895D+03  2.31105D+03  4.31987D+00  6.39249D-03  6.39166D-03  5.48003D+06  2.88848D+07  3.61312D+03  8.02583D+03 -1.48902D+07 -1.48902D+07  1.95824D+00  4.68064D+04      7
  5.55909D+03  2.40095D+03  3.37794D+00  5.02318D-03  5.02215D-03  5.24792D+06  2.89473D+07  3.57165D+03  8.10216D+03 -1.46039D+07 -1.46039D+07  1.80960D+00  6.92640D+04      7
  5.47923D+03  2.47848D+03  2.63277D+00  3.92605D-03  3.92605D-03  5.04792D+06  2.89907D+07  3.53541D+03  8.17728D+03 -1.43207D+07 -1.43207D+07  1.68954D+00  1.03123D+05      9
  5.39937D+03  2.54269D+03  2.04465D+00  3.05319D-03  3.05319D-03  4.87607D+06  2.90150D+07  3.50381D+03  8.25113D+03 -1.40400D+07 -1.40400D+07  1.59289D+00  1.54553D+05      8
  5.31951D+03  2.59543D+03  1.58210D+00  2.36183D-03  2.36183D-03  4.72714D+06  2.90198D+07  3.47602D+03  8.32347D+03 -1.37616D+07 -1.37616D+07  1.51331D+00  2.33213D+05      8
  5.23965D+03  2.63922D+03  1.21944D+00  1.81705D-03  1.81705D-03  4.59648D+06  2.90046D+07  3.45127D+03  8.39417D+03 -1.34852D+07 -1.34852D+07  1.44567D+00  3.54446D+05      8
  5.15979D+03  2.67624D+03  9.36037D-01  1.39003D-03  1.39004D-03  4.48050D+06  2.89692D+07  3.42896D+03  8.46303D+03 -1.32107D+07 -1.32107D+07  1.38639D+00  5.42810D+05      8
  5.07993D+03  2.70810D+03  7.15348D-01  1.05712D-03  1.05712D-03  4.37650D+06  2.89130D+07  3.40865D+03  8.52987D+03 -1.29378D+07 -1.29378D+07  1.33313D+00  8.37997D+05      8
  5.00007D+03  2.73598D+03  5.44144D-01  7.99013D-04  7.99013D-04  4.28246D+06  2.88356D+07  3.38999D+03  8.59446D+03 -1.26665D+07 -1.26665D+07  1.28433D+00  1.30477D+06      9
  4.92021D+03  2.76073D+03  4.11867D-01  6.00061D-04  6.00061D-04  4.19677D+06  2.87361D+07  3.37272D+03  8.65654D+03 -1.23965D+07 -1.23965D+07  1.23895D+00  2.04989D+06      8
  4.84035D+03  2.78301D+03  3.10113D-01  4.47634D-04  4.47634D-04  4.11814D+06  2.86138D+07  3.35661D+03  8.71582D+03 -1.21279D+07 -1.21279D+07  1.19624D+00  3.25123D+06      7
  4.76049D+03  2.80330D+03  2.32204D-01  3.31589D-04  3.31589D-04  4.04547D+06  2.84679D+07  3.34147D+03  8.77195D+03 -1.18605D+07 -1.18605D+07  1.15569D+00  5.20837D+06      9
  4.68064D+03  2.82195D+03  1.72850D-01  2.43828D-04  2.43828D-04  3.97787D+06  2.82971D+07  3.32715D+03  8.82454D+03 -1.15943D+07 -1.15943D+07  1.11693D+00  8.43172D+06      9
  4.60078D+03  2.83926D+03  1.27874D-01  1.77920D-04  1.77920D-04  3.91453D+06  2.81005D+07  3.31350D+03  8.87315D+03 -1.13292D+07 -1.13292D+07  1.07968D+00  1.38013D+07      7
  4.52092D+03  2.85545D+03  9.39864D-02  1.28797D-04  1.28785D-04  3.85478D+06  2.78766D+07  3.30040D+03  8.91730D+03 -1.10651D+07 -1.10651D+07  1.04374D+00  2.28531D+07      6
  4.45767D+03  2.86751D+03  7.38873D-02  1.00000D-04  9.99976D-05  3.80982D+06  2.76768D+07  3.29037D+03  8.94829D+03 -1.08568D+07 -1.08568D+07  1.01619D+00  3.50883D+07      0
  4.44106D+03  2.87069D+03  6.86072D-02  9.24351D-05  9.24351D-05  3.79801D+06  2.76243D+07  3.28773D+03  8.95644D+03 -1.08021D+07 -1.08021D+07  1.00895D+00  3.83026D+07      8
  4.36120D+03  2.88512D+03  4.97217D-02  6.57609D-05  6.57609D-05  3.74370D+06  2.73422D+07  3.27539D+03  8.98998D+03 -1.05401D+07 -1.05401D+07  9.75201D-01  6.50147D+07      8
  4.28134D+03  2.89886D+03  3.57633D-02  4.63529D-05  4.63529D-05  3.69138D+06  2.70287D+07  3.26328D+03  9.01729D+03 -1.02790D+07 -1.02790D+07  9.42392D-01  1.11826D+08      8
  4.20148D+03  2.91201D+03  2.55201D-02  3.23575D-05  3.23575D-05  3.64064D+06  2.66828D+07  3.25132D+03  9.03772D+03 -1.00189D+07 -1.00189D+07  9.10450D-01  1.95015D+08      7
  4.12162D+03  2.92463D+03  1.80599D-02  2.23597D-05  2.23597D-05  3.59112D+06  2.63030D+07  3.23942D+03  9.05057D+03 -9.75975D+06 -9.75975D+06  8.79318D-01  3.45022D+08      9
  4.04176D+03  2.93679D+03  1.26696D-02  1.52879D-05  1.52879D-05  3.54250D+06  2.58885D+07  3.22750D+03  9.05518D+03 -9.50154D+06 -9.50154D+06  8.48945D-01  6.19632D+08      8
  3.96190D+03  2.94855D+03  8.80729D-03  1.03374D-05  1.03374D-05  3.49450D+06  2.54386D+07  3.21551D+03  9.05089D+03 -9.24429D+06 -9.24429D+06  8.19293D-01  1.13031D+09     10
  3.88204D+03  2.95995D+03  6.06408D-03  9.67834D-06  6.90931D-06  3.44687D+06  2.49531D+07  3.20336D+03  9.03712D+03 -8.98800D+06 -8.98801D+06  7.90327D-01  2.09559D+09      5
  3.80218D+03  2.97102D+03  4.13359D-03  4.56245D-06  4.56245D-06  3.39940D+06  2.44322D+07  3.19101D+03  9.01341D+03 -8.73269D+06 -8.73269D+06  7.62020D-01  3.95134D+09     10
  3.72232D+03  2.98180D+03  2.78813D-03  2.97488D-06  2.97488D-06  3.35191D+06  2.38772D+07  3.17838D+03  8.97947D+03 -8.47838D+06 -8.47838D+06  7.34344D-01  7.58240D+09     10
  3.64247D+03  2.99232D+03  1.85987D-03  1.91429D-06  1.91429D-06  3.30423D+06  2.32900D+07  3.16543D+03  8.93522D+03 -8.22509D+06 -8.22509D+06  7.07279D-01  1.48187D+10      8
  3.56261D+03  3.00259D+03  1.22625D-03  1.21496D-06  1.21496D-06  3.25622D+06  2.26738D+07  3.15210D+03  8.88093D+03 -7.97284D+06 -7.97284D+06  6.80806D-01  2.95188D+10     10
  3.48275D+03  3.01264D+03  7.98562D-04  7.60098D-07  7.60098D-07  3.20775D+06  2.20327D+07  3.13835D+03  8.81718D+03 -7.72168D+06 -7.72168D+06  6.54907D-01  5.99870D+10     10
  3.40289D+03  3.02249D+03  5.13261D-04  4.68430D-07  4.68430D-07  3.15873D+06  2.13723D+07  3.12411D+03  8.74501D+03 -7.47163D+06 -7.47163D+06  6.29567D-01  1.24486D+11      6
  3.32303D+03  3.03214D+03  3.25302D-04  2.84170D-07  2.84170D-07  3.10906D+06  2.06992D+07  3.10933D+03  8.66595D+03 -7.22275D+06 -7.22275D+06  6.04771D-01  2.64121D+11     10
  3.24317D+03  3.04163D+03  2.03101D-04  1.69561D-07  1.69561D-07  3.05867D+06  2.00213D+07  3.09398D+03  8.58199D+03 -6.97506D+06 -6.97506D+06  5.80506D-01  5.73728D+11     12
  3.16331D+03  3.05095D+03  1.24766D-04  9.94234D-08  9.94234D-08  3.00748D+06  1.93472D+07  3.07800D+03  8.49560D+03 -6.72862D+06 -6.72862D+06  5.56762D-01  1.27807D+12      9
  3.08345D+03  3.06011D+03  7.53068D-05  5.72277D-08  5.72277D-08  2.95542D+06  1.86860D+07  3.06133D+03  8.40970D+03 -6.48349D+06 -6.48349D+06  5.33527D-01  2.92564D+12      8
  3.00359D+03  3.06914D+03  4.45879D-05  3.22944D-08  3.22944D-08  2.90246D+06  1.80470D+07  3.04393D+03  8.32751D+03 -6.23972D+06 -6.23972D+06  5.10792D-01  6.89854D+12     11
  2.96366D+03  3.07360D+03  3.40425D-05  2.40691D-08  2.40691D-08  2.87562D+06  1.77386D+07  3.03493D+03  8.28886D+03 -6.11836D+06 -6.11836D+06  4.99609D-01  1.07210D+13     12
  2.92373D+03  3.07803D+03  2.58472D-05  1.78396D-08  1.78396D-08  2.84853D+06  1.74390D+07  3.02573D+03  8.25243D+03 -5.99737D+06 -5.99737D+06  4.88548D-01  1.68045D+13     11
  2.88380D+03  3.08242D+03  1.95107D-05  1.31460D-08  1.31460D-08  2.82119D+06  1.71491D+07  3.01631D+03  8.21865D+03 -5.87675D+06 -5.87675D+06  4.77607D-01  2.65777D+13     11
  2.84387D+03  3.08679D+03  1.46373D-05  9.62884D-09  9.62884D-09  2.79360D+06  1.68698D+07  3.00668D+03  8.18793D+03 -5.75651D+06 -5.75651D+06  4.66787D-01  4.24353D+13     13
  2.80394D+03  3.09112D+03  1.09103D-05  7.00804D-09  7.00803D-09  2.76574D+06  1.66018D+07  2.99681D+03  8.16069D+03 -5.63666D+06 -5.63666D+06  4.56085D-01  6.84365D+13     10
  2.76401D+03  3.09543D+03  8.07677D-06  5.06665D-09  5.06666D-09  2.73762D+06  1.63458D+07  2.98671D+03  8.13731D+03 -5.51720D+06 -5.51720D+06  4.45501D-01  1.11545D+14     12
  2.72408D+03  3.09971D+03  5.93613D-06  3.63744D-09  3.63744D-09  2.70923D+06  1.61024D+07  2.97636D+03  8.11817D+03 -5.39816D+06 -5.39816D+06  4.35034D-01  1.83857D+14     12
  2.68416D+03  3.10396D+03  4.32965D-06  2.59211D-09  2.59211D-09  2.68056D+06  1.58719D+07  2.96576D+03  8.10361D+03 -5.27953D+06 -5.27953D+06  4.24684D-01  3.06674D+14     12
  2.64423D+03  3.10818D+03  3.13253D-06  1.83278D-09  1.83278D-09  2.65161D+06  1.56545D+07  2.95489D+03  8.09394D+03 -5.16133D+06 -5.16133D+06  4.14449D-01  5.18027D+14     12
  2.60430D+03  3.11237D+03  2.24711D-06  1.28520D-09  1.28520D-09  2.62238D+06  1.54506D+07  2.94375D+03  8.08944D+03 -5.04357D+06 -5.04357D+06  4.04330D-01  8.86837D+14     10
  2.56437D+03  3.11655D+03  1.59744D-06  8.93338D-10  8.93337D-10  2.59286D+06  1.52600D+07  2.93233D+03  8.09037D+03 -4.92626D+06 -4.92626D+06  3.94326D-01  1.53998D+15     14
  2.52444D+03  3.12069D+03  1.12476D-06  6.15202D-10  6.15198D-10  2.56305D+06  1.50827D+07  2.92061D+03  8.09694D+03 -4.80942D+06 -4.80942D+06  3.84435D-01  2.71490D+15     14
  2.48451D+03  3.12481D+03  7.83944D-07  4.19489D-10  4.19486D-10  2.53294D+06  1.49184D+07  2.90859D+03  8.10935D+03 -4.69304D+06 -4.69304D+06  3.74658D-01  4.86379D+15     14
  2.44458D+03  3.12891D+03  5.40544D-07  2.83043D-10  2.83043D-10  2.50253D+06  1.47670D+07  2.89625D+03  8.12774D+03 -4.57716D+06 -4.57716D+06  3.64993D-01  8.86390D+15     14
  2.40465D+03  3.13298D+03  3.68481D-07  1.88844D-10  1.88855D-10  2.47182D+06  1.46279D+07  2.88358D+03  8.15225D+03 -4.46177D+06 -4.46177D+06  3.55441D-01  1.64504D+16     14
  2.36472D+03  3.13703D+03  2.48162D-07  1.24523D-10  1.24519D-10  2.44080D+06  1.45007D+07  2.87057D+03  8.18299D+03 -4.34689D+06 -4.34689D+06  3.46001D-01  3.11271D+16     11
  2.32479D+03  3.14106D+03  1.64995D-07  8.10682D-11  8.10655D-11  2.40947D+06  1.43849D+07  2.85721D+03  8.22003D+03 -4.23255D+06 -4.23255D+06  3.36673D-01  6.01245D+16     11
  2.28486D+03  3.14506D+03  1.08211D-07  5.20645D-11  5.20682D-11  2.37783D+06  1.42798D+07  2.84348D+03  8.26343D+03 -4.11874D+06 -4.11874D+06  3.27456D-01  1.18712D+17     12
  2.24493D+03  3.14904D+03  6.67461D-08  3.17910D-11  3.17877D-11  2.34587D+06  1.42140D+07  2.82936D+03  8.32846D+03 -4.00549D+06 -4.00549D+06  3.18350D-01  1.00000+100     15
  2.20500D+03  3.15300D+03  4.26785D-08  1.98862D-11  1.98882D-11  2.31359D+06  1.41238D+07  2.81485D+03  8.38260D+03 -3.89281D+06 -3.89281D+06  3.09354D-01  1.00000+100     10
  2.13150D+03  3.16024D+03  1.79249D-08  8.03113D-12  8.02740D-12  2.25331D+06  1.39819D+07  2.78705D+03  8.49997D+03 -3.68694D+06 -3.68694D+06  2.93085D-01  1.00000+100     14
  2.05800D+03  3.16741D+03  7.06734D-09  3.03826D-12  3.04198D-12  2.19192D+06  1.38672D+07  2.75773D+03  8.64032D+03 -3.48317D+06 -3.48317D+06  2.77188D-01  1.00000+100     15
  1.98450D+03  3.17450D+03  2.59588D-09  1.07613D-12  1.07372D-12  2.12938D+06  1.37749D+07  2.72679D+03  8.80383D+03 -3.28161D+06 -3.28162D+06  2.61664D-01  1.00000+100     17
  1.91100D+03  3.18154D+03  8.80511D-10  3.49617D-13  3.49814D-13  2.06569D+06  1.37009D+07  2.69408D+03  8.99091D+03 -3.08240D+06 -3.08240D+06  2.46512D-01  1.00000+100     14
  1.83750D+03  3.18850D+03  2.73025D-10  1.05333D-13  1.04104D-13  2.00083D+06  1.36413D+07  2.65947D+03  9.20231D+03 -2.88565D+06 -2.88565D+06  2.31731D-01  1.00000+100     18
  1.76400D+03  3.19541D+03  7.64841D-11  2.70128D-14  2.79605D-14  1.93478D+06  1.35928D+07  2.62278D+03  9.43924D+03 -2.69153D+06 -2.69153D+06  2.17323D-01  1.00000+100     17
  1.69050D+03  3.20225D+03  1.90917D-11 -1.64509D-15  6.68271D-15  1.86753D+06  1.35525D+07  2.58383D+03  9.70342D+03 -2.50018D+06 -2.50018D+06  2.03289D-01  1.00000+100     19
  1.61700D+03  3.20903D+03  4.17779D-12 -1.66893D-15  1.39797D-15  1.79907D+06  1.35182D+07  2.54242D+03  9.99725D+03 -2.31179D+06 -2.31179D+06  1.89629D-01  1.00000+100     21
  1.54350D+03  3.21575D+03  7.86055D-13 -4.12464D-15  2.50981D-16  1.72938D+06  1.34882D+07  2.49831D+03  1.03239D+04 -2.12654D+06 -2.12654D+06  1.76346D-01  1.00000+100     20
  1.47000D+03  3.22241D+03  1.24238D-13 -5.62668D-15  3.77709D-17  1.65846D+06  1.34610D+07  2.45122D+03  1.06875D+04 -1.94463D+06 -1.94463D+06  1.63443D-01  1.00000+100     21
  1.39650D+03  3.22900D+03  1.60363D-14 -3.26633D-15  4.63099D-18  1.58630D+06  1.34357D+07  2.40086D+03  1.10932D+04 -1.76631D+06 -1.76631D+06  1.50921D-01  1.00000+100     18
  1.32300D+03  3.23554D+03  1.63309D-15 -5.48363D-16  4.46755D-19  1.51291D+06  1.34115D+07  2.34687D+03  1.15479D+04 -1.59181D+06 -1.59181D+06  1.38785D-01  1.00000+100     20
  1.24950D+03  3.24202D+03  1.25728D-16  5.97239D-15  3.24826D-20  1.43827D+06  1.33881D+07  2.28882D+03  1.20598D+04 -1.42144D+06 -1.42144D+06  1.27039D-01  1.00000+100     18
  1.17600D+03  3.24843D+03  6.93661D-18  2.71797D-15  1.68668D-21  1.36240D+06  1.33649D+07  2.22622D+03  1.26398D+04 -1.25549D+06 -1.25549D+06  1.15689D-01  1.00000+100     22
  1.10250D+03  3.25479D+03  2.56271D-19 -5.41210D-15  5.84187D-23  1.28529D+06  1.33420D+07  2.15851D+03  1.33017D+04 -1.09433D+06 -1.09433D+06  1.04740D-01  1.00000+100     24
  1.02900D+03  3.26108D+03  5.80947D-21 -1.09673D-15  1.23602D-24  1.20696D+06  1.33192D+07  2.08497D+03  1.40633D+04 -9.38350D+05 -9.38350D+05  9.41987D-02  1.00000+100     29
  9.55500D+02  3.26731D+03  7.20677D-23 -7.18236D-15  1.42378D-26  1.12743D+06  1.32963D+07  2.00477D+03  1.49479D+04 -7.88017D+05 -7.88017D+05  8.40741D-02  1.00000+100     27
  8.82000D+02  3.27348D+03  4.19851D-25 -7.36713D-15  7.65659D-29  1.04670D+06  1.32735D+07  1.91684D+03  1.59871D+04 -6.43855D+05 -6.43855D+05  7.43753D-02  1.00000+100     31
  8.08500D+02  3.27959D+03  9.32100D-28 -6.49095D-15  1.55817D-31  9.64799D+05  1.32508D+07  1.81987D+03  1.72235D+04 -5.06479D+05 -5.06479D+05  6.51136D-02  1.00000+100     34
  7.35000D+02  3.28562D+03  5.88267D-31  4.73261D-15  8.93993D-35  8.81760D+05  1.32280D+07  1.71217D+03  1.87175D+04 -3.76613D+05 -3.76613D+05  5.63020D-02  1.00000+100     38
  6.61500D+02  3.29159D+03  6.90647D-35 -1.23978D-15  9.44622D-39  7.97612D+05  1.32052D+07  1.59153D+03  2.05561D+04 -2.55121D+05 -2.55121D+05  4.79563D-02  1.00000+100     40
  5.88000D+02  3.29750D+03  7.97507D-40  2.22921D-15  9.69581D-44  7.12396D+05  1.31824D+07  1.45494D+03  2.28704D+04 -1.43061D+05 -1.43061D+05  4.00950D-02  1.00000+100     45
  5.14500D+02  3.30333D+03  3.32109D-46  5.69224D-16  3.53296D-50  6.26159D+05  1.31596D+07  1.29824D+03  2.58668D+04 -4.17484D+04 -4.17484D+04  3.27410D-02  1.00000+100     46
  4.41000D+02  3.30909D+03  9.33996D-55 -6.55949D-15  8.51640D-59  5.38954D+05  1.31368D+07  1.11531D+03  2.98902D+04  4.71293D+04  4.71293D+04  2.59226D-02  1.00000+100     57
  3.67500D+02  3.31477D+03  8.63298D-67  7.04303D-15  6.55980D-71  4.50847D+05  1.31140D+07  8.96712D+02  3.55634D+04  1.21324D+05  1.21189D+05  1.96757D-02  1.00000+100     69
  2.94000D+02  3.32038D+03  6.12142D-85 -9.76920D-15  3.72110D-89  3.61911D+05  1.30912D+07  6.26647D+02  4.41353D+04  1.77688D+05  1.76938D+05  1.40477D-02  1.00000+100     84
  2.20500D+02  3.32590D+03  2.36274-115 -6.35367D-15  1.07720-119  2.72237D+05  1.30684D+07  2.75572D+02  5.85264D+04  2.11477D+05  2.09648D+05  9.10447D-03  1.00000+100    109


  DATA ARRAY FOR MATERIAL   1

  C( 1) = 1.391409824D+00  C(30) = 4.000000000D+00  C(59) = 2.000000000D-01
  C( 2) = 1.466216803D+00  C(31) = 1.000000000D+00  C(60) = 0.000000000D+00
  C( 3) = 1.596941563D+12  C(32) = 2.341699200D+13  C(61) = 0.000000000D+00
  C( 4) = 1.196753626D+11  C(33) = 2.512303390D+00  C(62) = 0.000000000D+00
  C( 5) = 1.461394589D+01  C(34) = 3.798205347D+13  C(63) =-1.000000000D+00
  C( 6) = 1.270000000D+00  C(35) =-8.163937842D+13  C(64) = 0.000000000D+00
  C( 7) = 6.601301061D+11  C(36) = 4.555600422D+13  C(65) = 0.000000000D+00
  C( 8) = 2.344979359D+10  C(37) = 5.331878430D+13  C(66) = 2.000000000D+00
  C( 9) = 4.260375431D+12  C(38) =-5.322414456D+13  C(67) = 8.000000000D+00
  C(10) = 1.300000000D+11  C(39) = 8.382164818D+13  C(68) = 0.000000000D+00
  C(11) = 3.320000000D+00  C(40) =-2.929426548D+13  C(69) = 0.000000000D+00
  C(12) = 2.567717075D-02  C(41) = 0.000000000D+00  C(70) = 0.000000000D+00
  C(13) = 6.852096656D-05  C(42) = 1.000000000D-01  C(71) = 1.000000000D+00
  C(14) = 1.492298782D-02  C(43) = 0.000000000D+00  C(72) = 0.000000000D+00
  C(15) = 8.200000000D-01  C(44) = 0.000000000D+00  C(73) = 6.028579645D-01
  C(16) =-5.806357962D-02  C(45) = 0.000000000D+00  C(74) = 4.153359062D-01
  C(17) = 1.385542169D-01  C(46) = 0.000000000D+00  C(75) = 0.000000000D+00
  C(18) = 1.899938306D-01  C(47) = 3.153003033D+00  C(76) = 0.000000000D+00
  C(19) = 3.341934146D+00  C(48) = 0.000000000D+00  C(77) = 0.000000000D+00
  C(20) = 1.000000000D+06  C(49) = 0.000000000D+00  C(78) = 2.708769359D+00
  C(21) = 1.437939120D+12  C(50) = 0.000000000D+00  C(79) = 2.496280060D+05
  C(22) = 0.000000000D+00  C(51) = 0.000000000D+00  C(80) = 8.000000000D+00
  C(23) = 2.656000000D+00  C(52) = 0.000000000D+00  C(81) = 1.500000000D+00
  C(24) = 6.666666667D-01  C(53) = 1.970000000D+11  C(82) = 1.000000000D+00
  C(25) = 5.698953268D-02  C(54) = 8.000000000D-01  C(83) = 1.270000000D+00
  C(26) = 1.000200000D+01  C(55) = 0.000000000D+00  C(84) = 0.000000000D+00
  C(27) = 2.995641485D+22  C(56) = 0.000000000D+00  C(85) = 0.000000000D+00
  C(28) = 3.000000000D+00  C(57) = 3.000000000D-01  C(86) = 2.000000000D+00
  C(29) = 2.010638800D+01  C(58) = 1.000000000D-01  C(87) = 1.000000000D+00

  LOCKP( 1)=   1    LOCKPL( 1)=  99  (two-phase array storage data)


   ZERO-TEMPERATURE ISOTHERM

        RHO          P         DPDR          E          ETA          GIBBS
      kg/m**3       GPa	    (m/sec)**2     J/kg                     J/kg

    3.3200D+03 -9.9828D-01  4.3306D+07  1.0195D+03  9.9344D-01 -2.9967D+05
    3.3832D+03  1.9618D+00  4.7310D+07  3.5857D+03  1.0123D+00  5.8346D+05
    3.4464D+03  4.9327D+00  4.6735D+07  2.2237D+04  1.0313D+00  1.4535D+06
    3.5096D+03  7.8729D+00  4.6339D+07  5.5657D+04  1.0502D+00  2.2989D+06
    3.5728D+03  1.0793D+01  4.6111D+07  1.0266D+05  1.0691D+00  3.1237D+06
    3.6360D+03  1.3705D+01  4.6044D+07  1.6221D+05  1.0880D+00  3.9314D+06
    3.6992D+03  1.6617D+01  4.6129D+07  2.3341D+05  1.1069D+00  4.7254D+06
    3.7624D+03  1.9539D+01  4.6359D+07  3.1545D+05  1.1258D+00  5.5086D+06
    3.8256D+03  2.2479D+01  4.6728D+07  4.0766D+05  1.1447D+00  6.2837D+06
    3.8888D+03  2.5448D+01  4.7228D+07  5.0941D+05  1.1636D+00  7.0532D+06
    3.9520D+03  2.8452D+01  4.7854D+07  6.2019D+05  1.1825D+00  7.8195D+06
    4.0152D+03  3.1499D+01  4.8600D+07  7.3953D+05  1.2015D+00  8.5844D+06
    4.0784D+03  3.4597D+01  4.9461D+07  8.6703D+05  1.2204D+00  9.3500D+06
    4.1416D+03  3.7753D+01  5.0431D+07  1.0023D+06  1.2393D+00  1.0118D+07
    4.2048D+03  4.0974D+01  5.1506D+07  1.1451D+06  1.2582D+00  1.0890D+07
    4.2680D+03  4.4266D+01  5.2681D+07  1.2952D+06  1.2771D+00  1.1667D+07
    4.3312D+03  4.7635D+01  5.3953D+07  1.4522D+06  1.2960D+00  1.2450D+07
    4.3944D+03  5.1087D+01  5.5317D+07  1.6161D+06  1.3149D+00  1.3242D+07
    4.4576D+03  5.4629D+01  5.6769D+07  1.7866D+06  1.3338D+00  1.4042D+07
    4.5208D+03  5.8264D+01  5.8305D+07  1.9635D+06  1.3527D+00  1.4852D+07
    4.5840D+03  6.2000D+01  5.9923D+07  2.1469D+06  1.3717D+00  1.5672D+07
    4.6472D+03  6.5840D+01  6.1619D+07  2.3365D+06  1.3906D+00  1.6504D+07
    4.7104D+03  6.6013D+01  4.8302D+00  2.5270D+06  1.4095D+00  1.6541D+07
    4.7736D+03  6.6013D+01  4.9556D+00  2.7126D+06  1.4284D+00  1.6541D+07
    4.8368D+03  6.6013D+01  5.0761D+00  2.8933D+06  1.4473D+00  1.6541D+07
    4.9000D+03  6.6013D+01  1.0473D+08  3.0693D+06  1.4662D+00  1.6541D+07
    4.9632D+03  7.2864D+01  1.1205D+08  3.2496D+06  1.4851D+00  1.7930D+07
    5.0264D+03  8.0175D+01  1.1930D+08  3.4433D+06  1.5040D+00  1.9394D+07
    5.0896D+03  8.7941D+01  1.2647D+08  3.6509D+06  1.5230D+00  2.0929D+07
    5.1528D+03  9.6159D+01  1.3358D+08  3.8725D+06  1.5419D+00  2.2534D+07
    5.2160D+03  1.0482D+02  1.4063D+08  4.1087D+06  1.5608D+00  2.4206D+07
    5.2792D+03  1.1393D+02  1.4761D+08  4.3596D+06  1.5797D+00  2.5941D+07
    5.3424D+03  1.2348D+02  1.5453D+08  4.6255D+06  1.5986D+00  2.7739D+07
    5.4056D+03  1.3347D+02  1.6140D+08  4.9066D+06  1.6175D+00  2.9597D+07
    5.4688D+03  1.4388D+02  1.6820D+08  5.2029D+06  1.6364D+00  3.1512D+07
    5.5320D+03  1.5473D+02  1.7496D+08  5.5147D+06  1.6553D+00  3.3484D+07
    5.5952D+03  1.6599D+02  1.8166D+08  5.8420D+06  1.6742D+00  3.5509D+07
    5.6584D+03  1.7769D+02  1.8830D+08  6.1849D+06  1.6932D+00  3.7587D+07
    5.7216D+03  1.8980D+02  1.9490D+08  6.5435D+06  1.7121D+00  3.9715D+07
    5.7848D+03  2.0232D+02  2.0145D+08  6.9177D+06  1.7310D+00  4.1892D+07
    5.8480D+03  2.1526D+02  2.0796D+08  7.3077D+06  1.7499D+00  4.4116D+07
    5.9112D+03  2.2860D+02  2.1441D+08  7.7133D+06  1.7688D+00  4.6386D+07
    5.9744D+03  2.4236D+02  2.2083D+08  8.1346D+06  1.7877D+00  4.8701D+07
    6.0376D+03  2.5652D+02  2.2720D+08  8.5716D+06  1.8066D+00  5.1058D+07
    6.1008D+03  2.7108D+02  2.3353D+08  9.0241D+06  1.8255D+00  5.3457D+07
    6.1640D+03  2.8603D+02  2.3982D+08  9.4921D+06  1.8444D+00  5.5896D+07
    6.2272D+03  3.0139D+02  2.4607D+08  9.9756D+06  1.8634D+00  5.8374D+07
    6.2904D+03  3.1714D+02  2.5229D+08  1.0474D+07  1.8823D+00  6.0891D+07
    6.3536D+03  3.3328D+02  2.5846D+08  1.0989D+07  1.9012D+00  6.3443D+07
    6.4168D+03  3.4981D+02  2.6461D+08  1.1518D+07  1.9201D+00  6.6032D+07


   ZERO-TEMPERATURE ISOTHERM

        RHO          P         DPDR          E          ETA       GAMMA      T(PSI=1)     THETA       GIBBS
      kg/m**3       GPa	    (m/sec)**2     J/kg                                K           K          J/kg

    3.3200D+04  3.4251D+04  2.1602D+09  7.0652D+08  1.0000D+01  6.2200D-01  2.5578D+07  2.6903D+03  1.7382D+09
    3.0279D+04  2.8210D+04  1.9754D+09  6.1616D+08  9.1201D+00  6.1840D-01  2.3528D+07  2.5409D+03  1.5478D+09
    2.7615D+04  2.3174D+04  1.8045D+09  5.3467D+08  8.3176D+00  6.1459D-01  2.1657D+07  2.4007D+03  1.3739D+09
    2.5185D+04  1.8982D+04  1.6463D+09  4.6136D+08  7.5858D+00  6.1058D-01  1.9949D+07  2.2690D+03  1.2151D+09
    2.2969D+04  1.5495D+04  1.4999D+09  3.9563D+08  6.9183D+00  6.0640D-01  1.8390D+07  2.1453D+03  1.0703D+09
    2.0948D+04  1.2601D+04  1.3644D+09  3.3691D+08  6.3096D+00  6.0205D-01  1.6965D+07  2.0292D+03  9.3844D+08
    1.9105D+04  1.0201D+04  1.2388D+09  2.8466D+08  5.7544D+00  5.9759D-01  1.5664D+07  1.9201D+03  8.1863D+08
    1.7424D+04  8.2163D+03  1.1225D+09  2.3839D+08  5.2481D+00  5.9306D-01  1.4475D+07  1.8177D+03  7.0995D+08
    1.5891D+04  6.5779D+03  1.0146D+09  1.9764D+08  4.7863D+00  5.8852D-01  1.3387D+07  1.7214D+03  6.1160D+08
    1.4492D+04  5.2292D+03  9.1435D+08  1.6200D+08  4.3652D+00  5.8406D-01  1.2391D+07  1.6309D+03  5.2282D+08
    1.3217D+04  4.1225D+03  8.2112D+08  1.3105D+08  3.9811D+00  5.7979D-01  1.1479D+07  1.5458D+03  4.4295D+08
    1.2054D+04  3.2179D+03  7.3423D+08  1.0442D+08  3.6308D+00  5.7585D-01  1.0642D+07  1.4657D+03  3.7137D+08
    1.0994D+04  2.4820D+03  6.5309D+08  8.1759D+07  3.3113D+00  5.7244D-01  9.8723D+06  1.3902D+03  3.0753D+08
    1.0026D+04  1.8868D+03  5.7709D+08  6.2723D+07  3.0200D+00  5.6978D-01  9.1636D+06  1.3190D+03  2.5091D+08
    9.1440D+03  1.4091D+03  5.0569D+08  4.6987D+07  2.7542D+00  5.6817D-01  8.5092D+06  1.2517D+03  2.0108D+08
    8.3395D+03  1.0291D+03  4.3835D+08  3.4233D+07  2.5119D+00  5.6796D-01  7.9030D+06  1.1879D+03  1.5764D+08
    7.6057D+03  7.3071D+02  3.7457D+08  2.4152D+07  2.2909D+00  5.6962D-01  7.3390D+06  1.1273D+03  1.2023D+08
    6.9365D+03  5.0020D+02  3.1387D+08  1.6432D+07  2.0893D+00  5.7369D-01  6.8117D+06  1.0695D+03  8.8544D+07
    6.3261D+03  3.2621D+02  2.5578D+08  1.0763D+07  1.9055D+00  5.8088D-01  6.3158D+06  1.0141D+03  6.2329D+07
    5.7695D+03  1.9925D+02  1.9987D+08  6.8257D+06  1.7378D+00  5.9203D-01  5.8462D+06  9.6082D+02  4.1361D+07
    5.2618D+03  1.1139D+02  1.4570D+08  4.2892D+06  1.5849D+00  6.0818D-01  5.3980D+06  9.0919D+02  2.5458D+07
    4.7989D+03  6.6013D+01  5.0043D+00  2.7854D+06  1.4454D+00  6.3061D-01  4.9667D+06  8.5882D+02  1.6541D+07
    4.3766D+03  5.0106D+01  5.4924D+07  1.5693D+06  1.3183D+00  6.6089D-01  4.5477D+06  8.0929D+02  1.3018D+07
    3.9915D+03  3.0351D+01  4.8307D+07  6.9383D+05  1.2023D+00  7.0092D-01  4.1374D+06  7.6016D+02  8.2978D+06
    3.6403D+03  1.3903D+01  4.6045D+07  1.6670D+05  1.0965D+00  7.5301D-01  3.7324D+06  7.1100D+02  3.9859D+06
    3.3200D+03 -9.9843D-01  4.3305D+07  1.0199D+03  1.0000D+00  8.2000D-01  3.3306D+06  6.6140D+02 -2.9971D+05
    3.0279D+03 -7.7286D+00  9.2262D+06  1.5435D+05  9.1201D-01  8.8720D-01  2.9340D+06  6.1132D+02 -2.3982D+06
    2.7615D+03 -8.6559D+00 -4.2265D+05  4.2249D+05  8.3176D-01  9.3984D-01  2.5563D+06  5.6193D+02 -2.7121D+06
    2.5185D+03 -8.1622D+00 -3.1305D+06  7.1789D+05  7.5858D-01  9.8066D-01  2.2083D+06  5.1432D+02 -2.5230D+06
    2.2969D+03 -7.3661D+00 -3.9045D+06  1.0154D+06  6.9183D-01  1.0119D+00  1.8951D+06  4.6920D+02 -2.1916D+06
    2.0948D+03 -6.5538D+00 -4.0828D+06  1.3073D+06  6.3096D-01  1.0355D+00  1.6182D+06  4.2696D+02 -1.8213D+06
    1.9105D+03 -5.8022D+00 -4.0509D+06  1.5913D+06  5.7544D-01  1.0528D+00  1.3766D+06  3.8780D+02 -1.4458D+06
    1.7424D+03 -5.1302D+00 -3.9344D+06  1.8668D+06  5.2481D-01  1.0651D+00  1.1678D+06  3.5175D+02 -1.0776D+06
    1.5890D+03 -4.5381D+00 -3.7843D+06  2.1338D+06  4.7863D-01  1.0736D+00  9.8888D+05  3.1875D+02 -7.2202D+05
    1.4492D+03 -4.0199D+00 -3.6260D+06  2.3930D+06  4.3652D-01  1.0788D+00  8.3630D+05  2.8866D+02 -3.8077D+05
    1.3217D+03 -3.5672D+00 -3.4739D+06  2.6450D+06  3.9811D-01  1.0817D+00  7.0674D+05  2.6132D+02 -5.3886D+04
    1.2054D+03 -3.1712D+00 -3.3354D+06  2.8904D+06  3.6308D-01  1.0826D+00  5.9705D+05  2.3652D+02  2.5957D+05
    1.0994D+03 -2.8240D+00 -3.2137D+06  3.1298D+06  3.3113D-01  1.0821D+00  5.0436D+05  2.1408D+02  5.6104D+05
    1.0026D+03 -2.5182D+00 -3.1087D+06  3.3637D+06  3.0199D-01  1.0805D+00  4.2615D+05  1.9378D+02  8.5208D+05
    9.1440D+02 -2.2480D+00 -3.0192D+06  3.5926D+06  2.7542D-01  1.0781D+00  3.6020D+05  1.7545D+02  1.1342D+06
    8.3394D+02 -2.0082D+00 -2.9425D+06  3.8167D+06  2.5119D-01  1.0752D+00  3.0461D+05  1.5888D+02  1.4086D+06
    7.6057D+02 -1.7947D+00 -2.8762D+06  4.0362D+06  2.2909D-01  1.0718D+00  2.5775D+05  1.4392D+02  1.6765D+06
    6.9365D+02 -1.6042D+00 -2.8177D+06  4.2514D+06  2.0893D-01  1.0682D+00  2.1824D+05  1.3042D+02  1.9387D+06
    6.3261D+02 -1.4338D+00 -2.7647D+06  4.4623D+06  1.9055D-01  1.0644D+00  1.8491D+05  1.1822D+02  2.1957D+06
    5.7695D+02 -1.2813D+00 -2.7153D+06  4.6689D+06  1.7378D-01  1.0606D+00  1.5678D+05  1.0720D+02  2.4481D+06
    5.2618D+02 -1.1447D+00 -2.6681D+06  4.8714D+06  1.5849D-01  1.0568D+00  1.3302D+05  9.7237D+01  2.6960D+06
    4.7989D+02 -1.0222D+00 -2.6220D+06  5.0696D+06  1.4454D-01  1.0531D+00  1.1294D+05  8.8234D+01  2.9396D+06
    4.3766D+02 -9.1242D-01 -2.5761D+06  5.2638D+06  1.3183D-01  1.0495D+00  9.5959D+04  8.0091D+01  3.1790D+06
    3.9915D+02 -8.1409D-01 -2.5300D+06  5.4537D+06  1.2023D-01  1.0461D+00  8.1583D+04  7.2723D+01  3.4141D+06
    3.6403D+02 -7.2604D-01 -2.4834D+06  5.6395D+06  1.0965D-01  1.0427D+00  6.9403D+04  6.6054D+01  3.6450D+06
    3.3200D+02 -6.4724D-01 -2.4361D+06  5.8211D+06  1.0000D-01  1.0396D+00  5.9077D+04  6.0014D+01  3.8716D+06
    3.0279D+02 -5.7676D-01 -2.3882D+06  5.9986D+06  9.1201D-02  1.0366D+00  5.0316D+04  5.4541D+01  4.0937D+06
    2.7614D+02 -5.1377D-01 -2.3396D+06  6.1720D+06  8.3176D-02  1.0338D+00  4.2877D+04  4.9581D+01  4.3115D+06
    2.5185D+02 -4.5751D-01 -2.2906D+06  6.3413D+06  7.5858D-02  1.0312D+00  3.6556D+04  4.5083D+01  4.5247D+06
    2.2969D+02 -4.0729D-01 -2.2412D+06  6.5066D+06  6.9183D-02  1.0288D+00  3.1181D+04  4.1003D+01  4.7334D+06
    2.0948D+02 -3.6249D-01 -2.1917D+06  6.6680D+06  6.3096D-02  1.0265D+00  2.6608D+04  3.7300D+01  4.9376D+06
    1.9105D+02 -3.2254D-01 -2.1421D+06  6.8254D+06  5.7544D-02  1.0244D+00  2.2715D+04  3.3939D+01  5.1371D+06
    1.7424D+02 -2.8694D-01 -2.0928D+06  6.9790D+06  5.2481D-02  1.0224D+00  1.9399D+04  3.0886D+01  5.3322D+06
    1.5890D+02 -2.5523D-01 -2.0437D+06  7.1288D+06  4.7863D-02  1.0206D+00  1.6573D+04  2.8113D+01  5.5226D+06
    1.4492D+02 -2.2699D-01 -1.9950D+06  7.2749D+06  4.3651D-02  1.0189D+00  1.4163D+04  2.5593D+01  5.7086D+06
    1.3217D+02 -2.0185D-01 -1.9469D+06  7.4173D+06  3.9811D-02  1.0173D+00  1.2107D+04  2.3302D+01  5.8902D+06
    1.2054D+02 -1.7948D-01 -1.8995D+06  7.5562D+06  3.6308D-02  1.0159D+00  1.0353D+04  2.1219D+01  6.0673D+06
    1.0994D+02 -1.5958D-01 -1.8528D+06  7.6916D+06  3.3113D-02  1.0145D+00  8.8547D+03  1.9325D+01  6.2401D+06
    1.0026D+02 -1.4187D-01 -1.8069D+06  7.8236D+06  3.0199D-02  1.0133D+00  7.5752D+03  1.7602D+01  6.4086D+06
    9.1440D+01 -1.2613D-01 -1.7619D+06  7.9523D+06  2.7542D-02  1.0122D+00  6.4820D+03  1.6035D+01  6.5730D+06
    8.3394D+01 -1.1213D-01 -1.7177D+06  8.0778D+06  2.5119D-02  1.0112D+00  5.5476D+03  1.4608D+01  6.7332D+06
    7.6057D+01 -9.9682D-02 -1.6746D+06  8.2000D+06  2.2909D-02  1.0102D+00  4.7488D+03  1.3310D+01  6.8894D+06
    6.9364D+01 -8.8615D-02 -1.6323D+06  8.3192D+06  2.0893D-02  1.0093D+00  4.0657D+03  1.2128D+01  7.0417D+06
    6.3261D+01 -7.8777D-02 -1.5911D+06  8.4354D+06  1.9055D-02  1.0085D+00  3.4814D+03  1.1051D+01  7.1901D+06
    5.7695D+01 -7.0032D-02 -1.5508D+06  8.5486D+06  1.7378D-02  1.0078D+00  2.9815D+03  1.0071D+01  7.3348D+06
    5.2618D+01 -6.2258D-02 -1.5115D+06  8.6590D+06  1.5849D-02  1.0071D+00  2.5537D+03  9.1789D+00  7.4758D+06
    4.7988D+01 -5.5347D-02 -1.4732D+06  8.7666D+06  1.4454D-02  1.0065D+00  2.1876D+03  8.3660D+00  7.6133D+06
    4.3766D+01 -4.9205D-02 -1.4358D+06  8.8715D+06  1.3183D-02  1.0060D+00  1.8741D+03  7.6255D+00  7.7472D+06
    3.9915D+01 -4.3745D-02 -1.3994D+06  8.9737D+06  1.2023D-02  1.0054D+00  1.6057D+03  6.9509D+00  7.8778D+06
    3.6403D+01 -3.8892D-02 -1.3639D+06  9.0734D+06  1.0965D-02  1.0050D+00  1.3759D+03  6.3363D+00  8.0050D+06
    3.3200D+01 -3.4578D-02 -1.3293D+06  9.1706D+06  1.0000D-02  1.0045D+00  1.1791D+03  5.7762D+00  8.1291D+06
    3.0279D+01 -3.0743D-02 -1.2957D+06  9.2653D+06  9.1201D-03  1.0041D+00  1.0105D+03  5.2659D+00  8.2499D+06
    2.7614D+01 -2.7335D-02 -1.2629D+06  9.3576D+06  8.3176D-03  1.0038D+00  8.6606D+02  4.8008D+00  8.3678D+06
    2.5185D+01 -2.4304D-02 -1.2310D+06  9.4476D+06  7.5858D-03  1.0035D+00  7.4232D+02  4.3769D+00  8.4826D+06
    2.2969D+01 -2.1611D-02 -1.1999D+06  9.5354D+06  6.9183D-03  1.0032D+00  6.3630D+02  3.9906D+00  8.5945D+06
    2.0948D+01 -1.9216D-02 -1.1696D+06  9.6210D+06  6.3096D-03  1.0029D+00  5.4545D+02  3.6385D+00  8.7037D+06
    1.9105D+01 -1.7087D-02 -1.1401D+06  9.7044D+06  5.7544D-03  1.0026D+00  4.6759D+02  3.3175D+00  8.8100D+06
    1.7424D+01 -1.5194D-02 -1.1115D+06  9.7858D+06  5.2481D-03  1.0024D+00  4.0087D+02  3.0249D+00  8.9137D+06
    1.5890D+01 -1.3511D-02 -1.0835D+06  9.8651D+06  4.7863D-03  1.0022D+00  3.4368D+02  2.7581D+00  9.0148D+06
    1.4492D+01 -1.2015D-02 -1.0563D+06  9.9424D+06  4.3651D-03  1.0020D+00  2.9466D+02  2.5150D+00  9.1133D+06
    1.3217D+01 -1.0685D-02 -1.0298D+06  1.0018D+07  3.9811D-03  1.0018D+00  2.5264D+02  2.2933D+00  9.2094D+06
    1.2054D+01 -9.5023D-03 -1.0040D+06  1.0091D+07  3.6308D-03  1.0017D+00  2.1662D+02  2.0911D+00  9.3030D+06
    1.0994D+01 -8.4506D-03 -9.7885D+05  1.0163D+07  3.3113D-03  1.0015D+00  1.8574D+02  1.9069D+00  9.3944D+06
    1.0026D+01 -7.5155D-03 -9.5437D+05  1.0233D+07  3.0199D-03  1.0014D+00  1.5926D+02  1.7389D+00  9.4834D+06
    9.1440D+00 -6.6839D-03 -9.3053D+05  1.0301D+07  2.7542D-03  1.0013D+00  1.3657D+02  1.5857D+00  9.5702D+06
    8.3394D+00 -5.9445D-03 -9.0730D+05  1.0368D+07  2.5119D-03  1.0012D+00  1.1711D+02  1.4460D+00  9.6548D+06
    7.6057D+00 -5.2869D-03 -8.8467D+05  1.0432D+07  2.2909D-03  1.0011D+00  1.0042D+02  1.3186D+00  9.7373D+06
    6.9364D+00 -4.7022D-03 -8.6263D+05  1.0496D+07  2.0893D-03  1.0010D+00  8.6115D+01  1.2025D+00  9.8178D+06
    6.3261D+00 -4.1822D-03 -8.4115D+05  1.0557D+07  1.9055D-03  1.0009D+00  7.3848D+01  1.0966D+00  9.8963D+06
    5.7695D+00 -3.7197D-03 -8.2023D+05  1.0617D+07  1.7378D-03  1.0008D+00  6.3329D+01  1.0000D+00  9.9728D+06
    5.2618D+00 -3.3084D-03 -7.9984D+05  1.0676D+07  1.5849D-03  1.0007D+00  5.4310D+01  9.1196D-01  1.0047D+07
    4.7988D+00 -2.9427D-03 -7.7997D+05  1.0733D+07  1.4454D-03  1.0007D+00  4.6575D+01  8.3167D-01  1.0120D+07
    4.3766D+00 -2.6174D-03 -7.6061D+05  1.0789D+07  1.3183D-03  1.0006D+00  3.9943D+01  7.5845D-01  1.0191D+07
    3.9915D+00 -2.3281D-03 -7.4174D+05  1.0843D+07  1.2023D-03  1.0006D+00  3.4255D+01  6.9167D-01  1.0260D+07
    3.6403D+00 -2.0708D-03 -7.2335D+05  1.0897D+07  1.0965D-03  1.0005D+00  2.9378D+01  6.3078D-01  1.0328D+07
    3.3200D+00 -1.8419D-03 -7.0543D+05  1.0948D+07  1.0000D-03  1.0005D+00  2.5195D+01  5.7526D-01  1.0394D+07


   HUGONIOT

      RHO          T           P          PC           E           S           V           U       RHO/RHOO  #IT  STATE
    kg/m**3        K          GPa        GPa          J/kg      J/kg-K       km/sec      km/sec

  3.3200D+03  2.9800D+02 -3.2021D-03 -9.9828D-01  3.6678D+05  6.4309D+02  6.5994D+00  0.0000D+00  1.0000D+00  0  INITIAL
  3.3703D+03  3.0175D+02  2.3587D+00  1.3509D+00  3.7207D+05  6.4342D+02  6.9039D+00  1.0305D-01  1.0152D+00  2  1 PHASE
  3.4089D+03  3.0465D+02  4.1909D+00  3.1729D+00  3.8322D+05  6.4395D+02  6.9611D+00  1.8148D-01  1.0268D+00  2  1 PHASE
  3.4468D+03  3.0755D+02  5.9778D+00  4.9495D+00  3.9987D+05  6.4481D+02  6.9989D+00  2.5740D-01  1.0382D+00  2  1 PHASE
  3.4835D+03  3.1045D+02  7.6993D+00  6.6605D+00  4.2117D+05  6.4609D+02  7.0312D+00  3.2996D-01  1.0492D+00  3  1 PHASE
  3.5186D+03  3.1335D+02  9.3404D+00  8.2910D+00  4.4616D+05  6.4789D+02  7.0608D+00  3.9858D-01  1.0598D+00  3  1 PHASE
  3.5520D+03  3.1625D+02  1.0893D+01  9.8324D+00  4.7388D+05  6.5023D+02  7.0889D+00  4.6296D-01  1.0699D+00  3  1 PHASE
  3.5834D+03  3.1916D+02  1.2353D+01  1.1282D+01  5.0349D+05  6.5312D+02  7.1156D+00  5.2304D-01  1.0793D+00  3  1 PHASE
  3.6129D+03  3.2206D+02  1.3723D+01  1.2642D+01  5.3430D+05  6.5652D+02  7.1412D+00  5.7896D-01  1.0882D+00  3  1 PHASE
  3.6406D+03  3.2496D+02  1.5008D+01  1.3916D+01  5.6577D+05  6.6040D+02  7.1657D+00  6.3099D-01  1.0966D+00  3  1 PHASE
  3.6665D+03  3.2786D+02  1.6214D+01  1.5110D+01  5.9751D+05  6.6470D+02  7.1892D+00  6.7945D-01  1.1044D+00  3  1 PHASE
  3.6909D+03  3.3076D+02  1.7347D+01  1.6233D+01  6.2924D+05  6.6938D+02  7.2117D+00  7.2465D-01  1.1117D+00  3  1 PHASE
  3.8107D+03  3.4817D+02  2.2966D+01  2.1785D+01  8.1211D+05  7.0296D+02  7.3296D+00  9.4389D-01  1.1478D+00  4  1 PHASE
  3.9498D+03  3.7718D+02  2.9636D+01  2.8348D+01  1.0784D+06  7.6849D+02  7.4825D+00  1.1931D+00  1.1897D+00  4  1 PHASE
  4.0504D+03  4.0620D+02  3.4614D+01  3.3217D+01  1.3067D+06  8.3639D+02  7.6041D+00  1.3712D+00  1.2200D+00  4  1 PHASE
  4.1301D+03  4.3521D+02  3.8677D+01  3.7172D+01  1.5091D+06  9.0297D+02  7.7072D+00  1.5117D+00  1.2440D+00  3  1 PHASE
  4.1966D+03  4.6423D+02  4.2162D+01  4.0550D+01  1.6930D+06  9.6707D+02  7.7977D+00  1.6288D+00  1.2640D+00  3  1 PHASE
  4.3047D+03  5.2225D+02  4.8042D+01  4.6214D+01  2.0218D+06  1.0868D+03  7.9537D+00  1.8195D+00  1.2966D+00  3  1 PHASE
  4.3919D+03  5.8028D+02  5.2990D+01  5.0948D+01  2.3143D+06  1.1955D+03  8.0871D+00  1.9737D+00  1.3229D+00  3  1 PHASE
  4.4655D+03  6.3831D+02  5.7332D+01  5.5075D+01  2.5815D+06  1.2946D+03  8.2051D+00  2.1047D+00  1.3450D+00  3  1 PHASE
  4.5295D+03  6.9634D+02  6.1243D+01  5.8771D+01  2.8295D+06  1.3852D+03  8.3118D+00  2.2195D+00  1.3643D+00  3  1 PHASE
  4.6377D+03  8.1239D+02  6.8155D+01  6.5254D+01  3.2829D+06  1.5453D+03  8.5003D+00  2.4151D+00  1.3969D+00  3  1 PHASE
  5.0309D+03  1.0445D+03  8.4569D+01  8.0707D+01  4.6979D+06  1.7711D+03  8.6549D+00  2.9433D+00  1.5153D+00  4  1 PHASE
  5.0537D+03  1.1606D+03  8.7743D+01  8.3468D+01  4.8998D+06  1.8842D+03  8.7774D+00  3.0111D+00  1.5222D+00  3  1 PHASE
  5.0959D+03  1.3927D+03  9.3824D+01  8.8740D+01  5.2909D+06  2.0746D+03  9.0053D+00  3.1383D+00  1.5349D+00  3  1 PHASE
  5.1343D+03  1.6248D+03  9.9573D+01  9.3702D+01  5.6656D+06  2.2295D+03  9.2129D+00  3.2555D+00  1.5465D+00  3  1 PHASE
  5.1693D+03  1.8569D+03  1.0501D+02  9.8377D+01  6.0245D+06  2.3583D+03  9.4032D+00  3.3639D+00  1.5570D+00  3  1 PHASE
  5.2014D+03  2.0890D+03  1.1017D+02  1.0279D+02  6.3680D+06  2.4674D+03  9.5782D+00  3.4646D+00  1.5667D+00  3  1 PHASE
  5.2311D+03  2.3211D+03  1.1505D+02  1.0696D+02  6.6969D+06  2.5611D+03  9.7397D+00  3.5582D+00  1.5756D+00  3  1 PHASE
  5.2959D+03  2.9014D+03  1.2622D+02  1.1642D+02  7.4587D+06  2.7459D+03  1.0094D+01  3.7663D+00  1.5952D+00  3  1 PHASE
  5.3504D+03  3.4817D+03  1.3609D+02  1.2472D+02  8.1442D+06  2.8822D+03  1.0393D+01  3.9441D+00  1.6116D+00  3  1 PHASE
  5.3979D+03  4.0620D+03  1.4503D+02  1.3222D+02  8.7744D+06  2.9884D+03  1.0653D+01  4.1007D+00  1.6259D+00  3  1 PHASE
  5.4433D+03  4.6423D+03  1.5379D+02  1.3962D+02  9.4013D+06  3.0795D+03  1.0898D+01  4.2509D+00  1.6395D+00  3  1 PHASE
  5.4954D+03  5.2225D+03  1.6392D+02  1.4839D+02  1.0139D+07  3.1728D+03  1.1168D+01  4.4209D+00  1.6552D+00  3  1 PHASE
  5.5663D+03  5.8028D+03  1.7781D+02  1.6079D+02  1.1173D+07  3.2883D+03  1.1520D+01  4.6491D+00  1.6766D+00  3  1 PHASE
  5.6664D+03  6.3831D+03  1.9802D+02  1.7920D+02  1.2716D+07  3.4433D+03  1.2002D+01  4.9697D+00  1.7068D+00  3  1 PHASE
  5.7957D+03  6.9634D+03  2.2561D+02  2.0452D+02  1.4880D+07  3.6426D+03  1.2613D+01  5.3877D+00  1.7457D+00  3  1 PHASE
  5.9406D+03  7.5437D+03  2.5885D+02  2.3496D+02  1.7564D+07  3.8721D+03  1.3295D+01  5.8647D+00  1.7893D+00  3  1 PHASE
  6.0802D+03  8.1239D+03  2.9344D+02  2.6629D+02  2.0429D+07  4.1018D+03  1.3953D+01  6.3344D+00  1.8314D+00  3  1 PHASE
  6.1964D+03  8.7042D+03  3.2448D+02  2.9386D+02  2.3051D+07  4.3006D+03  1.4510D+01  6.7357D+00  1.8664D+00  3  1 PHASE
  6.2814D+03  9.2845D+03  3.4896D+02  3.1487D+02  2.5143D+07  4.4518D+03  1.4931D+01  7.0394D+00  1.8920D+00  3  1 PHASE
  6.3384D+03  9.8648D+03  3.6676D+02  3.2935D+02  2.6670D+07  4.5580D+03  1.5231D+01  7.2531D+00  1.9091D+00  3  1 PHASE
  6.3760D+03  1.0445D+04  3.7967D+02  3.3910D+02  2.7773D+07  4.6325D+03  1.5447D+01  7.4036D+00  1.9205D+00  2  1 PHASE
  6.4029D+03  1.1025D+04  3.8973D+02  3.4613D+02  2.8627D+07  4.6886D+03  1.5614D+01  7.5181D+00  1.9286D+00  2  1 PHASE
  6.4246D+03  1.1606D+04  3.9842D+02  3.5186D+02  2.9362D+07  4.7352D+03  1.5759D+01  7.6152D+00  1.9351D+00  2  1 PHASE
  6.4636D+03  1.2766D+04  4.1462D+02  3.6230D+02  3.0736D+07  4.8167D+03  1.6024D+01  7.7935D+00  1.9469D+00  2  1 PHASE
  6.5032D+03  1.3927D+04  4.3108D+02  3.7303D+02  3.2144D+07  4.8924D+03  1.6287D+01  7.9722D+00  1.9588D+00  2  1 PHASE
  6.5448D+03  1.5087D+04  4.4824D+02  3.8447D+02  3.3629D+07  4.9651D+03  1.6553D+01  8.1563D+00  1.9713D+00  2  1 PHASE
  6.5880D+03  1.6248D+04  4.6602D+02  3.9651D+02  3.5181D+07  5.0350D+03  1.6822D+01  8.3444D+00  1.9843D+00  2  1 PHASE
  6.6320D+03  1.7408D+04  4.8424D+02  4.0897D+02  3.6786D+07  5.1020D+03  1.7090D+01  8.5347D+00  1.9976D+00  2  1 PHASE
  6.7204D+03  1.9730D+04  5.2146D+02  4.3456D+02  4.0103D+07  5.2270D+03  1.7619D+01  8.9147D+00  2.0242D+00  3  1 PHASE
  6.8496D+03  2.3211D+04  5.7791D+02  4.7330D+02  4.5216D+07  5.3936D+03  1.8379D+01  9.4709D+00  2.0631D+00  3  1 PHASE
  7.0497D+03  2.9014D+04  6.7107D+02  5.3633D+02  5.3835D+07  5.6258D+03  1.9546D+01  1.0341D+01  2.1234D+00  3  1 PHASE
  7.2297D+03  3.4817D+04  7.6176D+02  5.9619D+02  6.2406D+07  5.8157D+03  2.0598D+01  1.1139D+01  2.1776D+00  3  1 PHASE
  7.5397D+03  4.6423D+04  9.3514D+02  7.0619D+02  7.9186D+07  6.1126D+03  2.2434D+01  1.2555D+01  2.2710D+00  3  1 PHASE
  7.7994D+03  5.8028D+04  1.0991D+03  8.0495D+02  9.5433D+07  6.3389D+03  2.4009D+01  1.3789D+01  2.3492D+00  3  1 PHASE
  8.0226D+03  6.9634D+04  1.2552D+03  8.9454D+02  1.1118D+08  6.5204D+03  2.5397D+01  1.4887D+01  2.4165D+00  3  1 PHASE
  8.2181D+03  8.1239D+04  1.4048D+03  9.7654D+02  1.2647D+08  6.6712D+03  2.6645D+01  1.5881D+01  2.4753D+00  3  1 PHASE
  8.3918D+03  9.2845D+04  1.5489D+03  1.0522D+03  1.4135D+08  6.7997D+03  2.7783D+01  1.6792D+01  2.5277D+00  3  1 PHASE
  8.5480D+03  1.0445D+05  1.6881D+03  1.1224D+03  1.5586D+08  6.9113D+03  2.8833D+01  1.7635D+01  2.5747D+00  3  1 PHASE
  8.6897D+03  1.1606D+05  1.8231D+03  1.1878D+03  1.7003D+08  7.0096D+03  2.9810D+01  1.8421D+01  2.6174D+00  3  1 PHASE


 EOS package call numbers
        ANEOS number =      -1        ALL 
 Calls to
 ANEOS                      347       347
 ANEOS1                     347       347
 ANTOMF                   27203     27203
 ANEOS1 from ANEOSV         347       347
 ANEOS1/ANEOSV        1.000E+00 1.000E+00
 Calls to eos tables =         0
