

  Data for ANEOS number  -1   library number    0  type 99     ver 09/30/13

  FORSTERITE WITH MOLECULES AND MELT                      RHUG=-1.00000D+00
                                                          THUG=-1.00000D+00



Constructing melt curve table for use with solid-solid transition


  IN( 1)= 3.000000000D+00  IN(16)= 0.000000000D+00  IN(31)= 0.000000000D+00
  IN( 2)= 4.000000000D+00  IN(17)= 0.000000000D+00  IN(32)= 4.000000000D-01
  IN( 3)= 3.227000000D+00  IN(18)= 4.650000000D+00  IN(33)= 0.000000000D+00
  IN( 4)= 2.980000000D+02  IN(19)= 4.900000000D+00  IN(34)= 0.000000000D+00
  IN( 5)= 1.000000000D+06  IN(20)= 6.600000000D+11  IN(35)= 0.000000000D+00
  IN( 6)=-6.435000000D+05  IN(21)= 4.000000000D+12  IN(36)= 2.000000000D+00
  IN( 7)= 1.200000000D+00  IN(22)= 1.300000000D+13  IN(37)= 4.250000000D+00
  IN( 8)=-7.360000000D+02  IN(23)= 8.100000000D+09  IN(38)= 2.000000000D+00
  IN( 9)= 1.060000000D+00  IN(24)= 9.550000000D-01  IN(39)= 1.500000000D-08
  IN(10)= 2.000000000D+00  IN(25)= 0.000000000D+00  IN(40)= 1.000000000D+00
  IN(11)= 1.420000000D+11  IN(26)= 0.000000000D+00  IN(41)= 2.000000000D+03
  IN(12)= 2.163000000D+03  IN(27)= 5.000000000D-01  IN(42)= 1.000000000D+00
  IN(13)=-9.000000000D+11  IN(28)= 1.000000000D-01  IN(43)= 1.700000000D+00
  IN(14)= 9.000000000D-01  IN(29)= 5.000000000D-01  IN(44)= 0.000000000D+00
  IN(15)= 0.000000000D+00  IN(30)= 0.000000000D+00  IN(45)= 0.000000000D+00

  N0= 0.29956D+23 Mean atomic weight= 0.20106D+02
  Z( 1)=  8.  number fraction( 1)= 5.71000D-01  atoms/gram( 1)= 1.71051D+22
  Z( 2)= 12.  number fraction( 2)= 2.86000D-01  atoms/gram( 2)= 8.56753D+21
  Z( 3)= 14.  number fraction( 3)= 1.43000D-01  atoms/gram( 3)= 4.28377D+21

  HUGONIOT INPUT DATA YIELDS B0 =    1.319097D+12 TGAMMA =   -2.269643D-01


NEW: Cv adjust, QCC1, QCC6=   0.000000D+00   0.000000D+00   0.000000D+00


  Zero-temperature isotherm has been modified for a solid-solid phase transition

  PCRITICAL= 6.600003D+11          PCTR(INPUT)= 6.600000D+11
  DPDETA(ETA1)= 1.980620D+12       DPDETA(ETA2)= 4.000000D+12
  D2PDETA2(ETA1)= 3.239827D+12     D2PDETA2(ETA2)= 1.300000D+13
  EC(ETA1)= 2.509266D+10           EC(ETA2)= 3.233427D+10
  TGAMSTAR=-4.857244D+00           TGAM=-2.269643D-01


 WARNING message from ANEOS package - eos number    -1

 IN(17) has been increased from 2.58160D+00 to 2.66353D+00 for the melt transition



  REFERENCE POINT CONDITIONS

  T=   2.567717D-02      RHO=    3.227000D+00      P=   1.000000D+06
  E=   1.275946D+09      DPDT=   3.985075D+11      CV=  1.046197D+11
  S=   7.651276D+10      DPDR=   4.087687D+11      B0=  1.319097D+12
  CS=  6.422707D+05      GAMMA=  1.180385D+00


  TWO-PHASE CALCULATION FOR MATERIAL     1

  CRITICAL POINT
  RHO=  8.4100157D-01       T=  4.7090816D-01         P=  2.2278250D+09
  E=  1.2592310D+11         S=  6.4611521D+11         NTY=   74


  TWO-PHASE BOUNDARIES
       T         RHOLIQ        RHOVAP        PLIQ         PVAP        ELIQ         EVAP         SLIQ         SVAP        GLIQ         GVAP         PSILIQ      PSIVAP         NTY
       K         kg/m**3       kg/m**3       GPa          GPa         J/kg         J/kg        J/kg-K       J/kg-K       J/kg         J/kg

  5.46519D+03  8.41002D+02  8.41002D+02  2.22782D-01  2.22782D-01  1.25923D+07  1.25923D+07  5.56757D+03  5.56757D+03 -1.75689D+07 -1.75689D+07  1.92714D+00  1.92714D+00      0
  5.41015D+03  1.17248D+03  5.21621D+02  1.91604D-01  1.91604D-01  1.11560D+07  1.39522D+07  5.29071D+03  5.84526D+03 -1.73025D+07 -1.73025D+07  5.27081D-01  3.29635D+00     11
  5.35512D+03  1.31314D+03  4.03893D+02  1.64588D-01  1.64588D-01  1.05424D+07  1.44574D+07  5.17372D+03  5.95753D+03 -1.70365D+07 -1.70365D+07  3.95289D-01  5.52096D+00     10
  5.30008D+03  1.41988D+03  3.20293D+02  1.41041D-01  1.41041D-01  1.00768D+07  1.48291D+07  5.08471D+03  6.04576D+03 -1.67716D+07 -1.67716D+07  3.22332D-01  8.64850D+00      9
  5.24504D+03  1.50882D+03  2.56355D+02  1.20653D-01  1.20653D-01  9.68952D+06  1.51292D+07  5.01024D+03  6.12190D+03 -1.65079D+07 -1.65079D+07  2.74121D-01  1.31242D+01      9
  5.19001D+03  1.58608D+03  2.06177D+02  1.03093D-01  1.03093D-01  9.35364D+06  1.53815D+07  4.94518D+03  6.19052D+03 -1.62454D+07 -1.62454D+07  2.39356D-01  1.95218D+01      8
  5.13497D+03  1.65484D+03  1.66433D+02  8.80271D-02  8.80271D-02  9.05524D+06  1.55981D+07  4.88691D+03  6.25381D+03 -1.59843D+07 -1.59843D+07  2.12903D-01  2.85917D+01      8
  5.07994D+03  1.71697D+03  1.34842D+02  7.51281D-02  7.51281D-02  8.78585D+06  1.57860D+07  4.83383D+03  6.31298D+03 -1.57245D+07 -1.57245D+07  1.92011D-01  4.13106D+01      8
  5.02490D+03  1.77374D+03  1.09670D+02  6.40944D-02  6.40944D-02  8.53982D+06  1.59501D+07  4.78488D+03  6.36881D+03 -1.54662D+07 -1.54662D+07  1.75051D-01  5.89500D+01      7
  4.96986D+03  1.82604D+03  8.95471D+01  5.46563D-02  5.46563D-02  8.31308D+06  1.60941D+07  4.73933D+03  6.42186D+03 -1.52094D+07 -1.52094D+07  1.60982D-01  8.31738D+01      7
  4.91483D+03  1.87454D+03  7.33919D+01  4.65787D-02  4.65787D-02  8.10260D+06  1.62210D+07  4.69660D+03  6.47259D+03 -1.49542D+07 -1.49542D+07  1.49104D-01  1.16177D+02      7
  4.85979D+03  1.91975D+03  6.03558D+01  3.96609D-02  3.96609D-02  7.90601D+06  1.63331D+07  4.65627D+03  6.52139D+03 -1.47005D+07 -1.47005D+07  1.38931D-01  1.60874D+02      7
  4.80475D+03  1.96209D+03  4.97794D+01  3.37328D-02  3.37328D-02  7.72143D+06  1.64327D+07  4.61799D+03  6.56861D+03 -1.44484D+07 -1.44484D+07  1.30109D-01  2.21162D+02      6
  4.74972D+03  2.00190D+03  4.11527D+01  2.86508D-02  2.86508D-02  7.54735D+06  1.65214D+07  4.58149D+03  6.61456D+03 -1.41979D+07 -1.41979D+07  1.22378D-01  3.02273D+02      6
  4.69468D+03  2.03945D+03  3.40810D+01  2.42937D-02  2.42937D-02  7.38250D+06  1.66008D+07  4.54654D+03  6.65952D+03 -1.39489D+07 -1.39489D+07  1.15538D-01  4.11280D+02      6
  4.63964D+03  2.07498D+03  2.82581D+01  2.05590D-02  2.05590D-02  7.22585D+06  1.66721D+07  4.51293D+03  6.70372D+03 -1.37014D+07 -1.37014D+07  1.09438D-01  5.57781D+02      6
  4.58461D+03  2.10868D+03  2.34448D+01  1.73596D-02  1.73596D-02  7.07649D+06  1.67364D+07  4.48052D+03  6.74740D+03 -1.34555D+07 -1.34555D+07  1.03957D-01  7.54876D+02      6
  4.52957D+03  2.14074D+03  1.94534D+01  1.46217D-02  1.46214D-02  6.93369D+06  1.67947D+07  4.44916D+03  6.79074D+03 -1.32111D+07 -1.32111D+07  9.90015D-02  1.02054D+03      5
  4.47453D+03  2.17128D+03  1.61350D+01  1.22811D-02  1.22809D-02  6.79678D+06  1.68476D+07  4.41873D+03  6.83395D+03 -1.29682D+07 -1.29682D+07  9.44935D-02  1.37960D+03      5
  4.41950D+03  2.20045D+03  1.33709D+01  1.02839D-02  1.02838D-02  6.66522D+06  1.68960D+07  4.38914D+03  6.87717D+03 -1.27268D+07 -1.27268D+07  9.03710D-02  1.86651D+03      5
  4.36446D+03  2.22835D+03  1.10655D+01  8.58300D-03  8.58298D-03  6.53851D+06  1.69404D+07  4.36027D+03  6.92059D+03 -1.24868D+07 -1.24868D+07  8.65826D-02  2.52947D+03      5
  4.30942D+03  2.25509D+03  9.14140D+00  7.13786D-03  7.13785D-03  6.41622D+06  1.69815D+07  4.33207D+03  6.96434D+03 -1.22483D+07 -1.22483D+07  8.30856D-02  3.43634D+03      5
  4.25439D+03  2.28075D+03  7.53527D+00  5.91322D-03  5.91322D-03  6.29798D+06  1.70196D+07  4.30445D+03  7.00859D+03 -1.20112D+07 -1.20112D+07  7.98443D-02  4.68334D+03      5
  4.19935D+03  2.30540D+03  6.19515D+00  4.87853D-03  4.87853D-03  6.18346D+06  1.70553D+07  4.27735D+03  7.05347D+03 -1.17755D+07 -1.17755D+07  7.68286D-02  6.40801D+03      5
  4.14431D+03  2.32913D+03  5.07804D+00  4.00720D-03  4.00720D-03  6.07236D+06  1.70890D+07  4.25071D+03  7.09913D+03 -1.15412D+07 -1.15412D+07  7.40130D-02  8.80856D+03      5
  4.08928D+03  2.35200D+03  4.14818D+00  3.27608D-03  3.27608D-03  5.96441D+06  1.71210D+07  4.22449D+03  7.14571D+03 -1.13083D+07 -1.13083D+07  7.13757D-02  1.21730D+04      5
  4.03424D+03  2.37405D+03  3.37569D+00  2.66504D-03  2.66504D-03  5.85938D+06  1.71518D+07  4.19863D+03  7.19336D+03 -1.10768D+07 -1.10768D+07  6.88977D-02  1.69237D+04      5
  3.97920D+03  2.39535D+03  2.73552D+00  2.16504D-03  2.15653D-03  5.75706D+06  1.71816D+07  4.17309D+03  7.24223D+03 -1.08467D+07 -1.08467D+07  6.65628D-02  2.36860D+04      4
  3.92417D+03  2.41593D+03  2.20655D+00  1.74019D-03  1.73530D-03  5.65725D+06  1.72109D+07  4.14783D+03  7.29246D+03 -1.06179D+07 -1.06179D+07  6.43571D-02  3.33949D+04      4
  3.86913D+03  2.43585D+03  1.77096D+00  1.39086D-03  1.38810D-03  5.55979D+06  1.72399D+07  4.12282D+03  7.34423D+03 -1.03904D+07 -1.03904D+07  6.22680D-02  4.74626D+04      4
  3.81410D+03  2.45515D+03  1.41365D+00  1.10497D-03  1.10344D-03  5.46451D+06  1.72689D+07  4.09801D+03  7.39768D+03 -1.01643D+07 -1.01643D+07  6.02849D-02  6.80467D+04      4
  3.75906D+03  2.47385D+03  1.12185D+00  8.71382D-04  8.71382D-04  5.37126D+06  1.72983D+07  4.07339D+03  7.45301D+03 -9.93959D+06 -9.93959D+06  5.83983D-02  9.84798D+04      5
  3.70402D+03  2.49199D+03  8.92502D-01  6.86060D-04  6.86060D-04  5.27993D+06  1.73199D+07  4.04891D+03  7.50708D+03 -9.71617D+06 -9.71617D+06  5.65996D-02  1.41955D+05      6
  3.64899D+03  2.50960D+03  6.97763D-01  5.33620D-04  5.33620D-04  5.19039D+06  1.73528D+07  4.02455D+03  7.56737D+03 -9.49408D+06 -9.49408D+06  5.48814D-02  2.10449D+05      5
  3.59395D+03  2.52672D+03  5.41820D-01  4.12042D-04  4.11923D-04  5.10253D+06  1.73866D+07  4.00029D+03  7.62997D+03 -9.27331D+06 -9.27332D+06  5.32372D-02  3.15427D+05      4
  3.53891D+03  2.54336D+03  4.17651D-01  3.15446D-04  3.15446D-04  5.01625D+06  1.74216D+07  3.97610D+03  7.69512D+03 -9.05387D+06 -9.05387D+06  5.16609D-02  4.78406D+05      9
  3.48388D+03  2.55954D+03  3.19407D-01  2.39530D-04  2.39530D-04  4.93147D+06  1.74583D+07  3.95195D+03  7.76307D+03 -8.83575D+06 -8.83575D+06  5.01473D-02  7.34893D+05      6
  3.42884D+03  2.57530D+03  2.42219D-01  1.80268D-04  1.80268D-04  4.84809D+06  1.74970D+07  3.92783D+03  7.83407D+03 -8.61895D+06 -8.61895D+06  4.86916D-02  1.14439D+06      6
  3.37380D+03  2.59066D+03  1.82037D-01  1.34398D-04  1.34398D-04  4.76604D+06  1.75381D+07  3.90370D+03  7.90841D+03 -8.40347D+06 -8.40347D+06  4.72894D-02  1.80816D+06      6
  3.32000D+03  2.60529D+03  1.36547D-01  1.00000D-04  1.00000D-04  4.68705D+06  1.75809D+07  3.88010D+03  7.98462D+03 -8.19412D+06 -8.19412D+06  4.59673D-02  2.87698D+06      0
  3.31877D+03  2.60562D+03  1.35503D-01  9.92108D-05  9.92107D-05  4.68524D+06  1.75819D+07  3.87956D+03  7.98637D+03 -8.18931D+06 -8.18931D+06  4.59370D-02  2.90151D+06      6
  3.26373D+03  2.62021D+03  9.98435D-02  7.24772D-05  7.24760D-05  4.60564D+06  1.76287D+07  3.85537D+03  8.06827D+03 -7.97648D+06 -7.97648D+06  4.46307D-02  4.73304D+06      4
  3.20869D+03  2.63445D+03  7.27793D-02  5.23672D-05  5.23672D-05  4.52716D+06  1.76790D+07  3.83112D+03  8.15443D+03 -7.76499D+06 -7.76499D+06  4.33673D-02  7.85626D+06      7
  3.15366D+03  2.64836D+03  5.24492D-02  3.74028D-05  3.74028D-05  4.44976D+06  1.77331D+07  3.80678D+03  8.24521D+03 -7.55482D+06 -7.55482D+06  4.21441D-02  1.32828D+07      7
  3.09862D+03  2.66194D+03  3.73448D-02  2.63917D-05  2.63917D-05  4.37338D+06  1.77914D+07  3.78235D+03  8.34100D+03 -7.34600D+06 -7.34600D+06  4.09582D-02  2.28990D+07      7
  3.04358D+03  2.67520D+03  2.62533D-02  1.83855D-05  1.83855D-05  4.29796D+06  1.78542D+07  3.75779D+03  8.44220D+03 -7.13852D+06 -7.13852D+06  3.98072D-02  4.02967D+07      9
  2.98855D+03  2.68818D+03  1.82093D-02  1.26367D-05  1.26367D-05  4.22348D+06  1.79220D+07  3.73309D+03  8.54925D+03 -6.93240D+06 -6.93240D+06  3.86890D-02  7.24678D+07      7
  2.93351D+03  2.70086D+03  1.24518D-02  8.56323D-06  8.56323D-06  4.14987D+06  1.79951D+07  3.70823D+03  8.66264D+03 -6.72764D+06 -6.72764D+06  3.76015D-02  1.33340D+08      7
  2.87847D+03  2.71328D+03  8.38811D-03  5.71688D-06  5.71688D-06  4.07711D+06  1.80741D+07  3.68319D+03  8.78289D+03 -6.52425D+06 -6.52425D+06  3.65428D-02  2.51337D+08      6
  2.82344D+03  2.72543D+03  5.56192D-03  3.75709D-06  3.75709D-06  4.00516D+06  1.81592D+07  3.65795D+03  8.91056D+03 -6.32225D+06 -6.32225D+06  3.55111D-02  4.85969D+08      8
  2.76840D+03  2.73732D+03  3.62690D-03  2.42854D-06  2.42854D-06  3.93397D+06  1.82510D+07  3.63249D+03  9.04627D+03 -6.12164D+06 -6.12164D+06  3.45049D-02  9.65218D+08      8
  2.71337D+03  2.74898D+03  2.32375D-03  1.54256D-06  1.54256D-06  3.86353D+06  1.83500D+07  3.60679D+03  9.19068D+03 -5.92244D+06 -5.92244D+06  3.35227D-02  1.97220D+09      8
  2.68585D+03  2.75472D+03  1.84719D-03  1.22098D-06  1.22098D-06  3.82858D+06  1.84023D+07  3.59384D+03  9.26638D+03 -5.82337D+06 -5.82337D+06  3.30401D-02  2.85064D+09      7
  2.65833D+03  2.76040D+03  1.46135D-03  9.61865D-07  9.61865D-07  3.79381D+06  1.84565D+07  3.58083D+03  9.34452D+03 -5.72466D+06 -5.72466D+06  3.25630D-02  4.15214D+09      8
  2.63081D+03  2.76602D+03  1.15044D-03  7.54050D-07  7.54050D-07  3.75920D+06  1.85128D+07  3.56774D+03  9.42523D+03 -5.62630D+06 -5.62630D+06  3.20913D-02  6.09585D+09      9
  2.60329D+03  2.77159D+03  9.01095D-04  5.88174D-07  5.88174D-07  3.72477D+06  1.85712D+07  3.55458D+03  9.50859D+03 -5.52831D+06 -5.52831D+06  3.16247D-02  9.02248D+09      7
  2.57577D+03  2.77710D+03  7.02130D-04  4.56424D-07  4.56424D-07  3.69050D+06  1.86317D+07  3.54135D+03  9.59472D+03 -5.43068D+06 -5.43068D+06  3.11632D-02  1.34663D+10      9
  2.54826D+03  2.78257D+03  5.44175D-04  3.52307D-07  3.52307D-07  3.65639D+06  1.86944D+07  3.52803D+03  9.68374D+03 -5.33342D+06 -5.33342D+06  3.07065D-02  2.02722D+10      9
  2.52074D+03  2.78797D+03  4.19434D-04  2.70457D-07  2.70457D-07  3.62244D+06  1.87594D+07  3.51464D+03  9.77577D+03 -5.23653D+06 -5.23653D+06  3.02546D-02  3.07891D+10      9
  2.49322D+03  2.79333D+03  3.21457D-04  2.06455D-07  2.06455D-07  3.58864D+06  1.88267D+07  3.50116D+03  9.87092D+03 -5.14000D+06 -5.14000D+06  2.98073D-02  4.71898D+10      9
  2.46570D+03  2.79863D+03  2.44930D-04  1.56686D-07  1.56686D-07  3.55500D+06  1.88964D+07  3.48759D+03  9.96934D+03 -5.04385D+06 -5.04385D+06  2.93645D-02  7.30081D+10      7
  2.43818D+03  2.80389D+03  1.85501D-04  1.18205D-07  1.18205D-07  3.52151D+06  1.89686D+07  3.47393D+03  1.00712D+04 -4.94807D+06 -4.94807D+06  2.89261D-02  1.14048D+11     10
  2.41066D+03  2.80909D+03  1.39621D-04  8.86255D-08  8.86255D-08  3.48817D+06  1.90433D+07  3.46018D+03  1.01765D+04 -4.85266D+06 -4.85267D+06  2.84919D-02  1.79939D+11      9
  2.38315D+03  2.81425D+03  1.04419D-04  6.60263D-08  6.60263D-08  3.45498D+06  1.91206D+07  3.44633D+03  1.02855D+04 -4.75764D+06 -4.75764D+06  2.80618D-02  2.86825D+11      9
  2.35563D+03  2.81936D+03  7.75777D-05  4.88676D-08  4.88676D-08  3.42193D+06  1.92005D+07  3.43238D+03  1.03984D+04 -4.66300D+06 -4.66300D+06  2.76358D-02  4.62064D+11      7
  2.32811D+03  2.82442D+03  5.72450D-05  3.59235D-08  3.59235D-08  3.38903D+06  1.92831D+07  3.41833D+03  1.05153D+04 -4.56875D+06 -4.56875D+06  2.72137D-02  7.52529D+11     11
  2.30059D+03  2.82944D+03  4.19454D-05  2.62237D-08  2.62237D-08  3.35626D+06  1.93684D+07  3.40417D+03  1.06363D+04 -4.47488D+06 -4.47488D+06  2.67954D-02  1.23946D+12     11
  2.27307D+03  2.83441D+03  3.05125D-05  1.90048D-08  1.90048D-08  3.32363D+06  1.94565D+07  3.38990D+03  1.07617D+04 -4.38141D+06 -4.38141D+06  2.63808D-02  2.06533D+12     11
  2.24555D+03  2.83934D+03  2.20299D-05  1.36704D-08  1.36704D-08  3.29114D+06  1.95474D+07  3.37552D+03  1.08916D+04 -4.28833D+06 -4.28833D+06  2.59698D-02  3.48305D+12     11
  2.21804D+03  2.84422D+03  1.57827D-05  9.75743D-09  9.75743D-09  3.25878D+06  1.96413D+07  3.36102D+03  1.10262D+04 -4.19564D+06 -4.19564D+06  2.55623D-02  5.94725D+12     11
  2.19052D+03  2.84906D+03  1.12168D-05  6.90890D-09  6.90890D-09  3.22656D+06  1.97380D+07  3.34640D+03  1.11657D+04 -4.10336D+06 -4.10336D+06  2.51582D-02  1.02859D+13     11
  2.16300D+03  2.85385D+03  7.90595D-06  2.81136D-09  4.85153D-09  3.19446D+06  1.98376D+07  3.33165D+03  1.13103D+04 -4.01148D+06 -4.01148D+06  2.47575D-02  1.80273D+13     15
  2.14137D+03  2.99178D+03  5.87992D-06  3.60439D-09  3.60438D-09  2.35599D+06  1.99434D+07  2.94392D+03  1.14438D+04 -3.94766D+06 -3.94766D+06  2.20297D-02  2.89448D+13     13
  2.06927D+03  3.00317D+03  2.10333D-06  1.28468D-09  1.28467D-09  2.26147D+06  2.03134D+07  2.89902D+03  1.19185D+04 -3.73703D+06 -3.73703D+06  2.11329D-02  1.49707D+14      9
  1.99717D+03  3.01435D+03  7.02989D-07  4.27684D-10  4.27673D-10  2.16751D+06  2.07087D+07  2.85280D+03  1.24417D+04 -3.52968D+06 -3.52968D+06  2.02504D-02  8.61930D+14     10
  1.92507D+03  3.02532D+03  2.18031D-07  1.32006D-10  1.32016D-10  2.07408D+06  2.11260D+07  2.80515D+03  1.30170D+04 -3.32572D+06 -3.32572D+06  1.93812D-02  5.58418D+15     14
  1.85297D+03  3.03610D+03  6.22514D-08  3.74739D-11  3.74668D-11  1.98118D+06  2.15600D+07  2.75596D+03  1.36476D+04 -3.12524D+06 -3.12524D+06  1.85245D-02  1.00000+100     14
  1.78087D+03  3.04669D+03  1.62092D-08  9.66696D-12  9.67896D-12  1.88877D+06  2.20035D+07  2.70509D+03  1.43360D+04 -2.92837D+06 -2.92837D+06  1.76795D-02  1.00000+100     17
  1.70877D+03  3.05710D+03  3.80640D-09  2.24669D-12  2.24927D-12  1.79685D+06  2.24476D+07  2.65240D+03  1.50841D+04 -2.73523D+06 -2.73523D+06  1.68454D-02  1.00000+100     16
  1.63667D+03  3.06733D+03  7.95458D-10  4.63414D-13  4.63646D-13  1.70539D+06  2.28814D+07  2.59771D+03  1.58931D+04 -2.54596D+06 -2.54596D+06  1.60217D-02  1.00000+100     16
  1.56457D+03  3.07739D+03  1.45576D-10  8.39114D-14  8.33622D-14  1.61440D+06  2.32932D+07  2.54085D+03  1.67638D+04 -2.36071D+06 -2.36071D+06  1.52077D-02  1.00000+100     15
  1.49247D+03  3.08729D+03  2.28795D-11  6.98566D-15  1.28119D-14  1.52385D+06  2.36717D+07  2.48160D+03  1.76974D+04 -2.17965D+06 -2.17965D+06  1.44027D-02  1.00000+100     17
  1.42037D+03  3.09702D+03  3.01525D-12 -2.26498D-15  1.64245D-15  1.43375D+06  2.40065D+07  2.41972D+03  1.86964D+04 -2.00295D+06 -2.00295D+06  1.36062D-02  1.00000+100     13
  1.34827D+03  3.10660D+03  3.23571D-13  6.60419D-15  1.70470D-16  1.34409D+06  2.42900D+07  2.35494D+03  1.97655D+04 -1.83082D+06 -1.83082D+06  1.28177D-02  1.00000+100     21
  1.27617D+03  3.11602D+03  2.72644D-14 -1.69277D-15  1.38081D-17  1.25488D+06  2.45178D+07  2.28694D+03  2.09135D+04 -1.66347D+06 -1.66347D+06  1.20368D-02  1.00000+100     16
  1.20407D+03  3.12530D+03  1.72387D-15  1.33812D-14  8.33968D-19  1.16613D+06  2.46893D+07  2.21534D+03  2.21547D+04 -1.50115D+06 -1.50115D+06  1.12631D-02  1.00000+100     20
  1.13197D+03  3.13443D+03  7.72491D-17 -5.16176D-15  3.54676D-20  1.07785D+06  2.48079D+07  2.13974D+03  2.35101D+04 -1.34413D+06 -1.34413D+06  1.04963D-02  1.00000+100     22
  1.05987D+03  3.14341D+03  2.28122D-18 -5.23925D-15  9.87506D-22  9.90062D+05  2.48796D+07  2.05960D+03  2.50094D+04 -1.19272D+06 -1.19272D+06  9.73605D-03  1.00000+100     25
  9.87770D+02  3.15224D+03  4.04128D-20  7.37309D-15  1.63833D-23  9.02808D+05  2.49127D+07  1.97434D+03  2.66934D+04 -1.04727D+06 -1.04727D+06  8.98229D-03  1.00000+100     25
  9.15670D+02  3.16093D+03  3.79605D-22 -5.79953D-15  1.43118D-25  8.16137D+05  2.49162D+07  1.88323D+03  2.86161D+04 -9.08180D+05 -9.08180D+05  8.23498D-03  1.00000+100     28
  8.43570D+02  3.16946D+03  1.60230D-24 -8.66055D-15  5.57649D-28  7.30122D+05  2.48987D+07  1.78539D+03  3.08500D+04 -7.75890D+05 -7.75890D+05  7.49428D-03  1.00000+100     26
  7.71470D+02  3.17784D+03  2.42174D-27  2.08616D-16  7.71707D-31  6.44868D+05  2.48677D+07  1.67974D+03  3.34929D+04 -6.50929D+05 -6.50929D+05  6.76054D-03  1.00000+100     32
  6.99370D+02  3.18604D+03  9.51262D-31  7.06315D-16  2.74972D-34  5.60523D+05  2.48290D+07  1.56497D+03  3.66808D+04 -5.33904D+05 -5.33904D+05  6.03442D-03  1.00000+100     34
  6.27270D+02  3.19407D+03  6.08424D-35 -4.40776D-15  1.57789D-38  4.77309D+05  2.47866D+07  1.43940D+03  4.06092D+04 -4.25533D+05 -4.25533D+05  5.31697D-03  1.00000+100     37
  5.55170D+02  3.20188D+03  3.11492D-40 -7.17640D-15  7.15071D-44  3.95556D+05  2.47425D+07  1.30097D+03  4.55720D+04 -3.26663D+05 -3.26663D+05  4.60976D-03  1.00000+100     38
  4.83070D+02  3.20943D+03  2.00840D-53 -3.65973D-15  2.00600D-57  3.15778D+05  1.44564D+07  1.14709D+03  3.06279D+04 -2.38314D+05 -2.38314D+05  3.91507D-03  1.00000+100     55
  4.10970D+02  3.21666D+03  3.16636D-64  5.10663D-15  2.69056D-68  2.38807D+05  1.44156D+07  9.74620D+02  3.56798D+04 -1.61709D+05 -1.61848D+05  3.23604D-03  1.00000+100     67
  3.38870D+02  3.22344D+03  1.16057D-79 -6.18100D-15  8.13159D-84  1.66062D+05  1.43763D+07  7.80203D+02  4.29238D+04 -9.83100D+04 -9.83918D+04  2.57694D-03  1.00000+100     81
  2.66770D+02  3.22953D+03  1.70928-103  2.97502D-15  9.42808-108  1.00080D+05  1.43381D+07  5.61830D+02  5.41440D+04 -4.97906D+04 -4.98651D+04  1.94317D-03  1.00000+100     92
  1.94670D+02  3.23453D+03  1.00000D-97  7.40464D-09  4.02505-102  4.55604D+04  1.43006D+07  3.25271D+02  5.12343D+04 -4.97906D+04 -4.98651D+04  1.34140D-03  1.00000+100     32


  DATA ARRAY FOR MATERIAL   1

  C( 1) = 1.435790365D+00  C(30) = 4.000000000D+00  C(59) = 5.000000000D-01
  C( 2) = 1.512983395D+00  C(31) = 1.000000000D+00  C(60) = 0.000000000D+00
  C( 3) = 1.358915924D+12  C(32) = 2.222309240D+13  C(61) = 0.000000000D+00
  C( 4) = 3.859151943D+11  C(33) = 2.538735217D+00  C(62) = 4.000000000D-01
  C( 5) = 5.221281216D+00  C(34) = 3.467541771D+13  C(63) = 1.000000000D+00
  C( 6) = 1.700000000D+00  C(35) =-7.499386687D+13  C(64) = 0.000000000D+00
  C( 7) = 6.600002767D+11  C(36) = 4.207332258D+13  C(65) = 0.000000000D+00
  C( 8) = 2.509266476D+10  C(37) = 4.944108440D+13  C(66) = 2.000000000D+00
  C( 9) = 6.770443089D+12  C(38) =-6.137464653D+13  C(67) = 4.250000000D+00
  C(10) = 1.420000000D+11  C(39) = 9.955318278D+13  C(68) = 2.000000000D+00
  C(11) = 3.227000000D+00  C(40) =-3.696651706D+13  C(69) = 1.500000000D-08
  C(12) = 2.567717075D-02  C(41) = 0.000000000D+00  C(70) = 1.000000000D+00
  C(13) = 6.852096656D-05  C(42) = 1.000000000D-01  C(71) = 1.000000000D+00
  C(14) =-7.989962120D-03  C(43) =-1.838224300D+10  C(72) = 0.000000000D+00
  C(15) = 1.200000000D+00  C(44) =-2.399578614D+10  C(73) = 4.709081604D-01
  C(16) =-1.344404956D-01  C(45) = 2.356106220D+10  C(74) = 8.410015731D-01
  C(17) = 4.958165479D-01  C(46) = 2.988325403D+00  C(75) = 0.000000000D+00
  C(18) = 1.863749005D-01  C(47) = 2.853850760D+00  C(76) = 0.000000000D+00
  C(19) = 3.238634354D+00  C(48) = 1.350220199D+00  C(77) = 0.000000000D+00
  C(20) = 1.000000000D+06  C(49) = 1.406607320D-01  C(78) = 2.958809607D+00
  C(21) = 1.319096559D+12  C(50) = 9.531650864D-02  C(79) = 4.617520425D+01
  C(22) = 0.000000000D+00  C(51) = 3.561354311D-02  C(80) = 4.250000000D+00
  C(23) = 2.663531810D+00  C(52) = 7.910427657D-01  C(81) = 5.000000000D-01
  C(24) = 6.666666667D-01  C(53) =-9.000000000D+11  C(82) = 1.000000000D+00
  C(25) =-6.341744186D-02  C(54) = 9.000000000D-01  C(83) = 1.700000000D+00
  C(26) = 1.000200000D+01  C(55) = 0.000000000D+00  C(84) = 1.000000000D+00
  C(27) = 2.995641485D+22  C(56) = 0.000000000D+00  C(85) = 1.723300051D-01
  C(28) = 3.000000000D+00  C(57) = 5.000000000D-01  C(86) = 2.000000000D+00
  C(29) = 2.010638800D+01  C(58) = 1.000000000D-01  C(87) = 1.000000000D+00

  LOCKP( 1)=   1    LOCKPL( 1)= 100  (two-phase array storage data)


 BOUNDS OF LIQUID/SOLID PHASE TRANSITION
   ENTHALPY OF FUSION (ERG/GM)................... 8.10000D+09
   LOWER LIMIT OF METASTABLE LIQUID ACK(49)...... 1.63246D+03
   MELT TEMPERATURE (TRIPLE POINT) ACK(18)....... 2.16300D+03
   INTERMEDIATE TEMPERATURE ACK(52).............. 9.18056D+03
   MAXIMUM TEMPERATURE ACK(48)................... 1.56702D+04
   SLOPE OF LEFT  BOUNDARY, dT/dRHO ACK(50)...... 1.10621D+00
   SLOPE OF RIGHT BOUNDARY, dT/dRHO ACK(51)...... 4.13318D-01
   MINIMUM DENSITY ACK(23), GM/CC................ 2.66353D+03
   SOLID/MELT DENSITY AT Tm ACK(46), GM/CC....... 0.00000D+00
   LIQUID/VAPOR DENSITY AT Tm ACK(47), GM/CC..... 2.85385D+03



Constructing melt curve table for use with solid-solid transition




 SUMMARY OF LIQUID/SOLID PHASE CURVE TABLE

       T         RLIQ       RSOLID      #ITER
       K        kg/m**3     kg/m**3  

  1.6325D+03  2.1960D+03  2.6635D+03        17
  1.6860D+03  2.3215D+03  2.6845D+03        13
  1.7396D+03  2.4020D+03  2.7101D+03        12
  1.7932D+03  2.4702D+03  2.7389D+03        10
  1.8468D+03  2.5322D+03  2.7701D+03         9
  1.9004D+03  2.5905D+03  2.8035D+03         8
  1.9540D+03  2.6465D+03  2.8385D+03         7
  2.0076D+03  2.7009D+03  2.8751D+03         6
  2.0612D+03  2.7543D+03  2.9130D+03         5
  2.1148D+03  2.8069D+03  2.9522D+03         4
  2.1630D+03  2.8539D+03  2.9883D+03         1
  2.2111D+03  2.9004D+03  3.0253D+03         3
  2.2603D+03  2.9478D+03  3.0638D+03         4
  2.3106D+03  2.9962D+03  3.1041D+03         4
  2.3620D+03  3.0456D+03  3.1461D+03         4
  2.4145D+03  3.0961D+03  3.1898D+03         4
  2.4683D+03  3.1479D+03  3.2353D+03         4
  2.5232D+03  3.2007D+03  3.2841D+03         4
  2.5793D+03  3.2526D+03  3.3369D+03         4
  2.6367D+03  3.3051D+03  3.3915D+03         3
  2.6953D+03  3.3596D+03  3.4479D+03         4
  2.7553D+03  3.4160D+03  3.5062D+03         4
  2.8166D+03  3.4746D+03  3.5663D+03         4
  2.8793D+03  3.5355D+03  3.6284D+03         4
  2.9433D+03  3.5987D+03  3.6926D+03         4
  3.0088D+03  3.6644D+03  3.7590D+03         4
  3.0757D+03  3.7327D+03  3.8276D+03         4
  3.1442D+03  3.8037D+03  3.8987D+03         4
  3.2141D+03  3.8776D+03  3.9723D+03         4
  3.2856D+03  3.9545D+03  4.0486D+03         4
  3.3587D+03  4.0346D+03  4.1277D+03         4
  3.4334D+03  4.1179D+03  4.2098D+03         4
  3.5098D+03  4.2047D+03  4.2952D+03         5
  3.5879D+03  4.2952D+03  4.3839D+03         5
  3.6677D+03  4.3894D+03  4.4763D+03         5
  3.7493D+03  4.4877D+03  4.5725D+03         5
  3.8327D+03  4.5751D+03  4.9013D+03        10
  3.9180D+03  4.6046D+03  4.9153D+03         8
  4.0051D+03  4.6357D+03  4.9302D+03         7
  4.0942D+03  4.9418D+03  4.9836D+03        11
  4.1853D+03  5.0639D+03  5.1026D+03         7
  4.2784D+03  5.1913D+03  5.2274D+03         8
  4.3736D+03  5.3244D+03  5.3583D+03         8
  4.4709D+03  5.4636D+03  5.4956D+03         8
  4.5704D+03  5.6093D+03  5.6397D+03         9
  4.6721D+03  5.7620D+03  5.7910D+03         9
  4.7760D+03  5.9223D+03  5.9500D+03        10
  4.8822D+03  6.0905D+03  6.1172D+03        10
  4.9909D+03  6.2674D+03  6.2932D+03        10
  5.1019D+03  6.4536D+03  6.4785D+03        11
  5.2154D+03  6.6496D+03  6.6738D+03        12
  5.3314D+03  6.8563D+03  6.8798D+03        12
  5.4500D+03  7.0745D+03  7.0974D+03        13
  5.5713D+03  7.3050D+03  7.3274D+03        14
  5.6952D+03  7.5488D+03  7.5707D+03        14
  5.8219D+03  7.8070D+03  7.8285D+03        15
  5.9514D+03  8.0808D+03  8.1018D+03        16
  6.0838D+03  8.3713D+03  8.3921D+03        17
  6.2192D+03  8.6801D+03  8.7006D+03        17
  6.3575D+03  9.0088D+03  9.0289D+03        18
  6.4990D+03  9.3589D+03  9.3789D+03        19
  6.6435D+03  9.7327D+03  9.7524D+03        20
  6.7913D+03  1.0132D+04  1.0152D+04        21
  6.9424D+03  1.0559D+04  1.0579D+04        23
  7.0969D+03  1.1018D+04  1.1037D+04        24
  7.2548D+03  1.1510D+04  1.1529D+04        25
  7.4161D+03  1.2039D+04  1.2058D+04        26
  7.5811D+03  1.2610D+04  1.2629D+04        28
  7.7498D+03  1.3226D+04  1.3245D+04        29
  7.9222D+03  1.3892D+04  1.3911D+04        30
  8.0984D+03  1.4615D+04  1.4634D+04        32
  8.2786D+03  1.5400D+04  1.5419D+04        34
  8.4628D+03  1.6255D+04  1.6274D+04        35
  8.6510D+03  1.7189D+04  1.7208D+04        37
  8.8435D+03  1.8211D+04  1.8230D+04        39
  9.0402D+03  1.9333D+04  1.9352D+04        41
  9.2414D+03  2.0568D+04  2.0587D+04        43
  9.4469D+03  2.1932D+04  2.1952D+04        45
  9.6571D+03  2.3444D+04  2.3463D+04        48
  9.8720D+03  2.5125D+04  2.5144D+04        50
  1.0092D+04  2.7001D+04  2.7021D+04        53
  1.0316D+04  2.9103D+04  2.9123D+04        56
  1.0546D+04  3.1469D+04  3.1489D+04        59
  1.0780D+04  3.4144D+04  3.4165D+04        62
  1.1020D+04  3.7184D+04  3.7205D+04        65
  1.1265D+04  4.0657D+04  4.0678D+04        68
  1.1516D+04  4.4648D+04  4.4670D+04        72
  1.1772D+04  4.9265D+04  4.9286D+04        76
  1.2034D+04  5.4640D+04  5.4663D+04        81
  1.2302D+04  6.0949D+04  6.0972D+04        85
  1.2575D+04  6.8415D+04  6.8438D+04        90
  1.2855D+04  7.7332D+04  7.7356D+04        95
  1.3141D+04  8.8094D+04  8.8119D+04       100
  1.3433D+04  1.0123D+05  1.0126D+05       107
  1.3732D+04  1.1749D+05  1.1751D+05       113
  1.4038D+04  1.3789D+05  1.3792D+05       120
  1.4350D+04  1.6394D+05  1.6397D+05       128
  1.4669D+04  1.9786D+05  1.9789D+05       136
  1.4996D+04  2.4304D+05  2.4308D+05       146
  1.5329D+04  3.0490D+05  3.0494D+05       156
 Number of points in melt table:          999

 Overwriting melt curve table across melt-transition between solid/liquid densities from:    4.6421923918989236        4.5589253437358810      to:    4.9490342451055653        4.9061346744837788     


 LIQUID/SOLID PHASE CURVE

       T         RLIQ       RSOLID      PLIQ       PSOLID      ELIQ        ESOLID       SLIQ       SOLID        GLIQ       GSOLID        #ITER
       K        kg/m**3     kg/m**3      GPa         GPa       J/kg         J/kg        J/kg-K     J/kg-K       J/kg        J/kg

  1.6325D+03  2.1960D+03  2.6635D+03 -7.9526D+00 -7.9526D+00  3.8853D+06  2.2688D+06  3.3981D+03  2.7972D+03 -5.2830D+06 -5.2830D+06         2
  1.6860D+03  2.3215D+03  2.6845D+03 -7.5028D+00 -7.5028D+00  3.6235D+06  2.2887D+06  3.3554D+03  2.8229D+03 -5.2653D+06 -5.2653D+06         2
  1.7396D+03  2.4020D+03  2.7101D+03 -6.9771D+00 -6.9771D+00  3.4934D+06  2.3013D+06  3.3406D+03  2.8451D+03 -5.2223D+06 -5.2223D+06         2
  1.7932D+03  2.4702D+03  2.7389D+03 -6.3805D+00 -6.3805D+00  3.4037D+06  2.3100D+06  3.3333D+03  2.8646D+03 -5.1563D+06 -5.1563D+06         2
  1.8468D+03  2.5322D+03  2.7701D+03 -5.7113D+00 -5.7113D+00  3.3369D+06  2.3168D+06  3.3296D+03  2.8821D+03 -5.0674D+06 -5.0674D+06         2
  1.9004D+03  2.5905D+03  2.8035D+03 -4.9655D+00 -4.9655D+00  3.2861D+06  2.3234D+06  3.3279D+03  2.8979D+03 -4.9546D+06 -4.9546D+06         2
  1.9540D+03  2.6465D+03  2.8385D+03 -4.1379D+00 -4.1379D+00  3.2481D+06  2.3308D+06  3.3275D+03  2.9122D+03 -4.8170D+06 -4.8170D+06         2
  2.0076D+03  2.7009D+03  2.8751D+03 -3.2224D+00 -3.2224D+00  3.2208D+06  2.3400D+06  3.3279D+03  2.9252D+03 -4.6529D+06 -4.6529D+06         2
  2.0612D+03  2.7543D+03  2.9130D+03 -2.2117D+00 -2.2117D+00  3.2032D+06  2.3519D+06  3.3288D+03  2.9371D+03 -4.4608D+06 -4.4608D+06         2
  2.1148D+03  2.8069D+03  2.9522D+03 -1.0979D+00 -1.0979D+00  3.1946D+06  2.3672D+06  3.3302D+03  2.9480D+03 -4.2387D+06 -4.2387D+06         2
  2.1630D+03  2.8539D+03  2.9883D+03  2.8114D-09  2.8114D-09  3.1945D+06  2.3845D+06  3.3317D+03  2.9572D+03 -4.0115D+06 -4.0115D+06         2
  2.2111D+03  2.9004D+03  3.0253D+03  1.1925D+00  1.1925D+00  3.2013D+06  2.4054D+06  3.3333D+03  2.9656D+03 -3.7574D+06 -3.7574D+06         2
  2.2603D+03  2.9478D+03  3.0638D+03  2.5191D+00  2.5191D+00  3.2156D+06  2.4313D+06  3.3351D+03  2.9738D+03 -3.4678D+06 -3.4678D+06         2
  2.3106D+03  2.9962D+03  3.1041D+03  3.9957D+00  3.9957D+00  3.2379D+06  2.4628D+06  3.3371D+03  2.9815D+03 -3.1387D+06 -3.1387D+06         2
  2.3620D+03  3.0456D+03  3.1461D+03  5.6401D+00  5.6401D+00  3.2689D+06  2.5009D+06  3.3392D+03  2.9890D+03 -2.7660D+06 -2.7660D+06         2
  2.4145D+03  3.0961D+03  3.1898D+03  7.4726D+00  7.4726D+00  3.3093D+06  2.5465D+06  3.3415D+03  2.9962D+03 -2.3448D+06 -2.3448D+06         2
  2.4683D+03  3.1479D+03  3.2353D+03  9.5163D+00  9.5163D+00  3.3603D+06  2.6009D+06  3.3439D+03  3.0031D+03 -1.8698D+06 -1.8698D+06         2
  2.5232D+03  3.2007D+03  3.2841D+03  1.1784D+01  1.1784D+01  3.4227D+06  2.6651D+06  3.3466D+03  3.0093D+03 -1.3393D+06 -1.3393D+06         2
  2.5793D+03  3.2526D+03  3.3369D+03  1.4200D+01  1.4200D+01  3.4966D+06  2.7410D+06  3.3502D+03  3.0145D+03 -7.7830D+05 -7.7830D+05         2
  2.6367D+03  3.3051D+03  3.3915D+03  1.6686D+01  1.6686D+01  3.5826D+06  2.8289D+06  3.3543D+03  3.0196D+03 -2.1248D+05 -2.1247D+05         2
  2.6953D+03  3.3596D+03  3.4479D+03  1.9241D+01  1.9241D+01  3.6813D+06  2.9292D+06  3.3583D+03  3.0247D+03  3.5733D+05  3.5733D+05         2
  2.7553D+03  3.4160D+03  3.5062D+03  2.1875D+01  2.1875D+01  3.7932D+06  3.0421D+06  3.3622D+03  3.0299D+03  9.3329D+05  9.3329D+05         2
  2.8166D+03  3.4746D+03  3.5663D+03  2.4599D+01  2.4599D+01  3.9188D+06  3.1681D+06  3.3662D+03  3.0350D+03  1.5178D+06  1.5178D+06         2
  2.8793D+03  3.5355D+03  3.6284D+03  2.7427D+01  2.7427D+01  4.0586D+06  3.3074D+06  3.3700D+03  3.0401D+03  2.1136D+06  2.1136D+06         2
  2.9433D+03  3.5987D+03  3.6926D+03  3.0373D+01  3.0373D+01  4.2132D+06  3.4606D+06  3.3738D+03  3.0452D+03  2.7235D+06  2.7235D+06         2
  3.0088D+03  3.6644D+03  3.7590D+03  3.3454D+01  3.3454D+01  4.3832D+06  3.6282D+06  3.3775D+03  3.0502D+03  3.3509D+06  3.3509D+06         2
  3.0757D+03  3.7327D+03  3.8276D+03  3.6689D+01  3.6689D+01  4.5694D+06  3.8108D+06  3.3812D+03  3.0553D+03  3.9994D+06  3.9994D+06         2
  3.1442D+03  3.8037D+03  3.8987D+03  4.0099D+01  4.0099D+01  4.7727D+06  4.0091D+06  3.3848D+03  3.0603D+03  4.6729D+06  4.6729D+06         2
  3.2141D+03  3.8776D+03  3.9723D+03  4.3709D+01  4.3709D+01  4.9939D+06  4.2239D+06  3.3884D+03  3.0652D+03  5.3759D+06  5.3759D+06         2
  3.2856D+03  3.9545D+03  4.0486D+03  4.7545D+01  4.7545D+01  5.2340D+06  4.4561D+06  3.3919D+03  3.0701D+03  6.1132D+06  6.1132D+06         2
  3.3587D+03  4.0346D+03  4.1277D+03  5.1639D+01  5.1639D+01  5.4942D+06  4.7069D+06  3.3954D+03  3.0750D+03  6.8900D+06  6.8900D+06         2
  3.4334D+03  4.1179D+03  4.2098D+03  5.6026D+01  5.6026D+01  5.7757D+06  4.9774D+06  3.3988D+03  3.0797D+03  7.7123D+06  7.7123D+06         2
  3.5098D+03  4.2047D+03  4.2952D+03  6.0744D+01  6.0744D+01  6.0799D+06  5.2689D+06  3.4021D+03  3.0844D+03  8.5865D+06  8.5865D+06         2
  3.5879D+03  4.2952D+03  4.3839D+03  6.5840D+01  6.5840D+01  6.4083D+06  5.5832D+06  3.4054D+03  3.0889D+03  9.5197D+06  9.5197D+06         2
  3.6677D+03  4.3894D+03  4.4763D+03  7.1363D+01  7.1363D+01  6.7627D+06  5.9219D+06  3.4086D+03  3.0933D+03  1.0520D+07  1.0520D+07         2
  3.7493D+03  4.4877D+03  4.5725D+03  7.7371D+01  7.7371D+01  7.1452D+06  6.2871D+06  3.4118D+03  3.0976D+03  1.1595D+07  1.1595D+07         2
  3.8327D+03  4.5926D+03  4.6720D+03  8.4085D+01  8.2531D+01  7.5661D+06  6.6782D+06  3.4144D+03  3.1019D+03  1.2789D+07  1.2455D+07         2
  3.9180D+03  4.7066D+03  4.7727D+03  8.8230D+01  8.3062D+01  8.0316D+06  7.0706D+06  3.4162D+03  3.1067D+03  1.3394D+07  1.2303D+07         2
  4.0051D+03  4.8231D+03  4.8756D+03  8.8947D+01  8.3617D+01  8.4949D+06  7.4592D+06  3.4184D+03  3.1118D+03  1.3246D+07  1.2147D+07         2
  4.0942D+03  4.9418D+03  4.9836D+03  9.4964D+01  9.4964D+01  8.9550D+06  7.8695D+06  3.4210D+03  3.1165D+03  1.4166D+07  1.4166D+07         2
  4.1853D+03  5.0639D+03  5.1026D+03  1.1237D+02  1.1237D+02  9.4717D+06  8.3675D+06  3.4239D+03  3.1199D+03  1.7333D+07  1.7333D+07         2
  4.2784D+03  5.1913D+03  5.2274D+03  1.3245D+02  1.3245D+02  1.0076D+07  8.9522D+06  3.4267D+03  3.1230D+03  2.0929D+07  2.0929D+07         2
  4.3736D+03  5.3244D+03  5.3583D+03  1.5548D+02  1.5548D+02  1.0779D+07  9.6361D+06  3.4295D+03  3.1258D+03  2.4982D+07  2.4982D+07         2
  4.4709D+03  5.4636D+03  5.4956D+03  1.8177D+02  1.8177D+02  1.1596D+07  1.0433D+07  3.4321D+03  3.1285D+03  2.9521D+07  2.9521D+07         2
  4.5704D+03  5.6093D+03  5.6397D+03  2.1165D+02  2.1165D+02  1.2541D+07  1.1356D+07  3.4346D+03  3.1308D+03  3.4577D+07  3.4577D+07         2
  4.6721D+03  5.7620D+03  5.7910D+03  2.4551D+02  2.4551D+02  1.3631D+07  1.2423D+07  3.4370D+03  3.1329D+03  4.0183D+07  4.0183D+07         2
  4.7760D+03  5.9223D+03  5.9500D+03  2.8378D+02  2.8378D+02  1.4882D+07  1.3651D+07  3.4393D+03  3.1347D+03  4.6376D+07  4.6376D+07         2
  4.8822D+03  6.0905D+03  6.1172D+03  3.2694D+02  3.2694D+02  1.6315D+07  1.5059D+07  3.4414D+03  3.1361D+03  5.3194D+07  5.3194D+07         2
  4.9909D+03  6.2674D+03  6.2932D+03  3.7551D+02  3.7551D+02  1.7950D+07  1.6668D+07  3.4433D+03  3.1373D+03  6.0680D+07  6.0680D+07         2
  5.1019D+03  6.4536D+03  6.4785D+03  4.3010D+02  4.3010D+02  1.9809D+07  1.8500D+07  3.4450D+03  3.1382D+03  6.8879D+07  6.8879D+07         2
  5.2154D+03  6.6496D+03  6.6738D+03  4.9139D+02  4.9139D+02  2.1919D+07  2.0581D+07  3.4465D+03  3.1387D+03  7.7842D+07  7.7842D+07         2
  5.3314D+03  6.8563D+03  6.8798D+03  5.6014D+02  5.6014D+02  2.4306D+07  2.2938D+07  3.4477D+03  3.1388D+03  8.7623D+07  8.7623D+07         2
  5.4500D+03  7.0745D+03  7.0974D+03  6.3722D+02  6.3722D+02  2.7001D+07  2.5601D+07  3.4487D+03  3.1386D+03  9.8279D+07  9.8279D+07         2
  5.5713D+03  7.3050D+03  7.3274D+03  7.2361D+02  7.2361D+02  3.0036D+07  2.8603D+07  3.4494D+03  3.1379D+03  1.0988D+08  1.0988D+08         2
  5.6952D+03  7.5488D+03  7.5707D+03  8.2042D+02  8.2042D+02  3.3448D+07  3.1979D+07  3.4499D+03  3.1368D+03  1.2248D+08  1.2248D+08         2
  5.8219D+03  7.8070D+03  7.8285D+03  9.2892D+02  9.2892D+02  3.7276D+07  3.5770D+07  3.4500D+03  3.1353D+03  1.3618D+08  1.3618D+08         2
  5.9514D+03  8.0808D+03  8.1018D+03  1.0505D+03  1.0505D+03  4.1564D+07  4.0018D+07  3.4497D+03  3.1332D+03  1.5104D+08  1.5104D+08         2
  6.0838D+03  8.3713D+03  8.3921D+03  1.1870D+03  1.1870D+03  4.6359D+07  4.4772D+07  3.4492D+03  3.1306D+03  1.6717D+08  1.6717D+08         2
  6.2192D+03  8.6801D+03  8.7006D+03  1.3401D+03  1.3401D+03  5.1716D+07  5.0085D+07  3.4482D+03  3.1275D+03  1.8466D+08  1.8466D+08         2
  6.3575D+03  9.0088D+03  9.0289D+03  1.5120D+03  1.5120D+03  5.7693D+07  5.6015D+07  3.4468D+03  3.1238D+03  2.0362D+08  2.0362D+08         2
  6.4990D+03  9.3589D+03  9.3789D+03  1.7054D+03  1.7054D+03  6.4355D+07  6.2627D+07  3.4450D+03  3.1195D+03  2.2419D+08  2.2419D+08         2
  6.6435D+03  9.7327D+03  9.7524D+03  1.9230D+03  1.9230D+03  7.1774D+07  6.9993D+07  3.4428D+03  3.1146D+03  2.4649D+08  2.4649D+08         2
  6.7913D+03  1.0132D+04  1.0152D+04  2.1683D+03  2.1683D+03  8.0029D+07  7.8193D+07  3.4400D+03  3.1089D+03  2.7067D+08  2.7067D+08         2
  6.9424D+03  1.0559D+04  1.0579D+04  2.4452D+03  2.4452D+03  8.9211D+07  8.7315D+07  3.4367D+03  3.1025D+03  2.9691D+08  2.9691D+08         2
  7.0969D+03  1.1018D+04  1.1037D+04  2.7582D+03  2.7582D+03  9.9418D+07  9.7459D+07  3.4329D+03  3.0953D+03  3.2540D+08  3.2540D+08         2
  7.2548D+03  1.1510D+04  1.1529D+04  3.1128D+03  3.1128D+03  1.1076D+08  1.0874D+08  3.4285D+03  3.0873D+03  3.5634D+08  3.5634D+08         2
  7.4161D+03  1.2039D+04  1.2058D+04  3.5152D+03  3.5152D+03  1.2337D+08  1.2127D+08  3.4234D+03  3.0784D+03  3.8996D+08  3.8996D+08         2
  7.5811D+03  1.2610D+04  1.2629D+04  3.9730D+03  3.9730D+03  1.3737D+08  1.3520D+08  3.4177D+03  3.0686D+03  4.2654D+08  4.2654D+08         2
  7.7498D+03  1.3226D+04  1.3245D+04  4.4949D+03  4.4949D+03  1.5294D+08  1.5068D+08  3.4113D+03  3.0577D+03  4.6637D+08  4.6637D+08         2
  7.9222D+03  1.3892D+04  1.3911D+04  5.0915D+03  5.0915D+03  1.7024D+08  1.6790D+08  3.4042D+03  3.0459D+03  5.0978D+08  5.0978D+08         2
  8.0984D+03  1.4615D+04  1.4634D+04  5.7754D+03  5.7754D+03  1.8948D+08  1.8705D+08  3.3963D+03  3.0328D+03  5.5716D+08  5.5716D+08         2
  8.2786D+03  1.5400D+04  1.5419D+04  6.5616D+03  6.5616D+03  2.1089D+08  2.0836D+08  3.3876D+03  3.0186D+03  6.0894D+08  6.0894D+08         2
  8.4628D+03  1.6255D+04  1.6274D+04  7.4685D+03  7.4685D+03  2.3474D+08  2.3210D+08  3.3780D+03  3.0031D+03  6.6561D+08  6.6561D+08         2
  8.6510D+03  1.7189D+04  1.7208D+04  8.5180D+03  8.5180D+03  2.6131D+08  2.5856D+08  3.3675D+03  2.9863D+03  7.2774D+08  7.2774D+08         2
  8.8435D+03  1.8211D+04  1.8230D+04  9.7373D+03  9.7373D+03  2.9096D+08  2.8809D+08  3.3560D+03  2.9680D+03  7.9598D+08  7.9598D+08         2
  9.0402D+03  1.9333D+04  1.9352D+04  1.1159D+04  1.1159D+04  3.2408D+08  3.2107D+08  3.3435D+03  2.9482D+03  8.7108D+08  8.7108D+08         2
  9.2414D+03  2.0568D+04  2.0587D+04  1.2825D+04  1.2825D+04  3.6113D+08  3.5799D+08  3.3299D+03  2.9267D+03  9.5391D+08  9.5391D+08         2
  9.4469D+03  2.1932D+04  2.1952D+04  1.4785D+04  1.4785D+04  4.0265D+08  3.9935D+08  3.3152D+03  2.9034D+03  1.0455D+09  1.0455D+09         2
  9.6571D+03  2.3444D+04  2.3463D+04  1.7103D+04  1.7103D+04  4.4926D+08  4.4580D+08  3.2993D+03  2.8783D+03  1.1469D+09  1.1469D+09         2
  9.8720D+03  2.5125D+04  2.5144D+04  1.9859D+04  1.9859D+04  5.0170D+08  4.9806D+08  3.2821D+03  2.8511D+03  1.2597D+09  1.2597D+09         2
  1.0092D+04  2.7001D+04  2.7021D+04  2.3154D+04  2.3154D+04  5.6082D+08  5.5700D+08  3.2636D+03  2.8217D+03  1.3854D+09  1.3854D+09         2
  1.0316D+04  2.9103D+04  2.9123D+04  2.7117D+04  2.7117D+04  6.2767D+08  6.2363D+08  3.2437D+03  2.7900D+03  1.5260D+09  1.5260D+09         2
  1.0546D+04  3.1469D+04  3.1489D+04  3.1917D+04  3.1917D+04  7.0347D+08  6.9920D+08  3.2224D+03  2.7558D+03  1.6837D+09  1.6837D+09         2
  1.0780D+04  3.4144D+04  3.4165D+04  3.7770D+04  3.7770D+04  7.8969D+08  7.8517D+08  3.1995D+03  2.7188D+03  1.8614D+09  1.8614D+09         2
  1.1020D+04  3.7184D+04  3.7205D+04  4.4964D+04  4.4964D+04  8.8811D+08  8.8332D+08  3.1750D+03  2.6789D+03  2.0623D+09  2.0623D+09         2
  1.1265D+04  4.0657D+04  4.0678D+04  5.3879D+04  5.3879D+04  1.0009D+09  9.9582D+08  3.1488D+03  2.6358D+03  2.2906D+09  2.2906D+09         2
  1.1516D+04  4.4648D+04  4.4670D+04  6.5029D+04  6.5029D+04  1.1308D+09  1.1253D+09  3.1208D+03  2.5892D+03  2.5513D+09  2.5513D+09         2
  1.1772D+04  4.9265D+04  4.9286D+04  7.9112D+04  7.9112D+04  1.2809D+09  1.2752D+09  3.0911D+03  2.5388D+03  2.8504D+09  2.8504D+09         2
  1.2034D+04  5.4640D+04  5.4663D+04  9.7091D+04  9.7091D+04  1.4556D+09  1.4494D+09  3.0595D+03  2.4843D+03  3.1957D+09  3.1957D+09         2
  1.2302D+04  6.0949D+04  6.0972D+04  1.2032D+05  1.2032D+05  1.6600D+09  1.6533D+09  3.0260D+03  2.4251D+03  3.5969D+09  3.5969D+09         2
  1.2575D+04  6.8415D+04  6.8438D+04  1.5072D+05  1.5072D+05  1.9007D+09  1.8935D+09  2.9906D+03  2.3610D+03  4.0661D+09  4.0661D+09         2
  1.2855D+04  7.7332D+04  7.7356D+04  1.9109D+05  1.9109D+05  2.1862D+09  2.1785D+09  2.9533D+03  2.2913D+03  4.6193D+09  4.6193D+09         2
  1.3141D+04  8.8094D+04  8.8119D+04  2.4555D+05  2.4555D+05  2.5279D+09  2.5195D+09  2.9143D+03  2.2155D+03  5.2770D+09  5.2770D+09         2
  1.3433D+04  1.0123D+05  1.0126D+05  3.2035D+05  3.2035D+05  2.9406D+09  2.9315D+09  2.8737D+03  2.1328D+03  6.0665D+09  6.0665D+09         2
  1.3732D+04  1.1749D+05  1.1751D+05  4.2517D+05  4.2517D+05  3.4444D+09  3.4343D+09  2.8317D+03  2.0424D+03  7.0244D+09  7.0244D+09         2
  1.4038D+04  1.3789D+05  1.3792D+05  5.7542D+05  5.7542D+05  4.0667D+09  4.0556D+09  2.7891D+03  1.9433D+03  8.2006D+09  8.2006D+09         2
  1.4350D+04  1.6394D+05  1.6397D+05  7.9648D+05  7.9648D+05  4.8461D+09  4.8339D+09  2.7465D+03  1.8344D+03  9.6651D+09  9.6651D+09         2
  1.4669D+04  1.9786D+05  1.9789D+05  1.1316D+06  1.1316D+06  5.8381D+09  5.8244D+09  2.7054D+03  1.7143D+03  1.1518D+10  1.1518D+10         2
  1.4996D+04  2.4304D+05  2.4308D+05  1.6576D+06  1.6576D+06  7.1241D+09  7.1087D+09  2.6679D+03  1.5816D+03  1.3904D+10  1.3904D+10         2
  1.5329D+04  3.0490D+05  3.0494D+05  2.5182D+06  2.5182D+06  8.8284D+09  8.8109D+09  2.6377D+03  1.4343D+03  1.7047D+10  1.7047D+10         2


   ZERO-TEMPERATURE ISOTHERM

        RHO          P         DPDR          E          ETA          GIBBS
      kg/m**3       GPa	    (m/sec)**2     J/kg                     J/kg

    3.2270D+03 -4.8300D-01  4.1072D+07  2.7012D+02  9.9641D-01 -1.4940D+05
    3.2939D+03  2.3045D+00  4.1433D+07  5.9504D+03  1.0171D+00  7.0558D+05
    3.3608D+03  5.0611D+00  4.0986D+07  2.8172D+04  1.0377D+00  1.5341D+06
    3.4278D+03  7.7945D+00  4.0736D+07  6.5467D+04  1.0584D+00  2.3394D+06
    3.4947D+03  1.0517D+01  4.0674D+07  1.1657D+05  1.0791D+00  3.1261D+06
    3.5616D+03  1.3242D+01  4.0788D+07  1.8039D+05  1.0997D+00  3.8984D+06
    3.6285D+03  1.5980D+01  4.1069D+07  2.5600D+05  1.1204D+00  4.6600D+06
    3.6954D+03  1.8742D+01  4.1509D+07  3.4259D+05  1.1410D+00  5.4143D+06
    3.7624D+03  2.1539D+01  4.2100D+07  4.3947D+05  1.1617D+00  6.1644D+06
    3.8293D+03  2.4380D+01  4.2833D+07  5.4606D+05  1.1824D+00  6.9128D+06
    3.8962D+03  2.7275D+01  4.3703D+07  6.6185D+05  1.2030D+00  7.6622D+06
    3.9631D+03  3.0232D+01  4.4702D+07  7.8640D+05  1.2237D+00  8.4148D+06
    4.0300D+03  3.3261D+01  4.5824D+07  9.1936D+05  1.2444D+00  9.1725D+06
    4.0970D+03  3.6368D+01  4.7063D+07  1.0604D+06  1.2650D+00  9.9372D+06
    4.1639D+03  3.9562D+01  4.8415D+07  1.2093D+06  1.2857D+00  1.0710D+07
    4.2308D+03  4.2850D+01  4.9873D+07  1.3657D+06  1.3064D+00  1.1494D+07
    4.2977D+03  4.6239D+01  5.1433D+07  1.5296D+06  1.3270D+00  1.2289D+07
    4.3646D+03  4.9736D+01  5.3090D+07  1.7007D+06  1.3477D+00  1.3096D+07
    4.4316D+03  5.3347D+01  5.4841D+07  1.8790D+06  1.3683D+00  1.3917D+07
    4.4985D+03  5.7078D+01  5.6681D+07  2.0643D+06  1.3890D+00  1.4753D+07
    4.5654D+03  6.0935D+01  5.8606D+07  2.2565D+06  1.4097D+00  1.5604D+07
    4.6323D+03  6.4924D+01  6.0613D+07  2.4555D+06  1.4303D+00  1.6471D+07
    4.6992D+03  6.6000D+01  9.0288D-05  2.6580D+06  1.4510D+00  1.6703D+07
    4.7662D+03  6.6000D+01  8.4812D-05  2.8552D+06  1.4717D+00  1.6703D+07
    4.8331D+03  6.6000D+01  7.9689D-05  3.0469D+06  1.4923D+00  1.6703D+07
    4.9000D+03  6.6000D+01  7.4890D-05  3.2334D+06  1.5130D+00  1.6703D+07
    4.9669D+03  7.4542D+01  1.3175D+08  3.4265D+06  1.5336D+00  1.8434D+07
    5.0338D+03  8.3632D+01  1.3991D+08  3.6380D+06  1.5543D+00  2.0252D+07
    5.1008D+03  9.3265D+01  1.4796D+08  3.8683D+06  1.5750D+00  2.2153D+07
    5.1677D+03  1.0343D+02  1.5594D+08  4.1178D+06  1.5956D+00  2.4133D+07
    5.2346D+03  1.1413D+02  1.6382D+08  4.3868D+06  1.6163D+00  2.6190D+07
    5.3015D+03  1.2536D+02  1.7163D+08  4.6754D+06  1.6370D+00  2.8321D+07
    5.3684D+03  1.3710D+02  1.7936D+08  4.9838D+06  1.6576D+00  3.0522D+07
    5.4354D+03  1.4936D+02  1.8701D+08  5.3121D+06  1.6783D+00  3.2792D+07
    5.5023D+03  1.6213D+02  1.9458D+08  5.6605D+06  1.6990D+00  3.5126D+07
    5.5692D+03  1.7540D+02  2.0209D+08  6.0289D+06  1.7196D+00  3.7524D+07
    5.6361D+03  1.8918D+02  2.0953D+08  6.4174D+06  1.7403D+00  3.9982D+07
    5.7030D+03  2.0344D+02  2.1690D+08  6.8259D+06  1.7609D+00  4.2499D+07
    5.7700D+03  2.1820D+02  2.2421D+08  7.2545D+06  1.7816D+00  4.5072D+07
    5.8369D+03  2.3345D+02  2.3146D+08  7.7031D+06  1.8023D+00  4.7699D+07
    5.9038D+03  2.4918D+02  2.3865D+08  8.1716D+06  1.8229D+00  5.0379D+07
    5.9707D+03  2.6539D+02  2.4578D+08  8.6599D+06  1.8436D+00  5.3109D+07
    6.0376D+03  2.8208D+02  2.5285D+08  9.1679D+06  1.8643D+00  5.5887D+07
    6.1046D+03  2.9923D+02  2.5987D+08  9.6955D+06  1.8849D+00  5.8713D+07
    6.1715D+03  3.1686D+02  2.6684D+08  1.0243D+07  1.9056D+00  6.1585D+07
    6.2384D+03  3.3494D+02  2.7376D+08  1.0809D+07  1.9262D+00  6.4500D+07
    6.3053D+03  3.5349D+02  2.8062D+08  1.1394D+07  1.9469D+00  6.7457D+07
    6.3722D+03  3.7250D+02  2.8744D+08  1.1999D+07  1.9676D+00  7.0456D+07
    6.4392D+03  3.9196D+02  2.9422D+08  1.2622D+07  1.9882D+00  7.3494D+07
    6.5061D+03  4.1188D+02  3.0095D+08  1.3264D+07  2.0089D+00  7.6571D+07


   ZERO-TEMPERATURE ISOTHERM

        RHO          P         DPDR          E          ETA       GAMMA      T(PSI=1)     THETA       GIBBS
      kg/m**3       GPa	    (m/sec)**2     J/kg                                K           K          J/kg

    3.2270D+04  3.3345D+04  2.1439D+09  7.1310D+08  1.0000D+01  6.6000D-01  1.1121D+07 -4.2145D+03  1.7464D+09
    2.9431D+04  2.7513D+04  1.9637D+09  6.2252D+08  9.1201D+00  6.6006D-01  1.0155D+07 -3.9659D+03  1.5574D+09
    2.6841D+04  2.2643D+04  1.7968D+09  5.4067D+08  8.3176D+00  6.6027D-01  9.2728D+06 -3.7320D+03  1.3843D+09
    2.4479D+04  1.8582D+04  1.6424D+09  4.6692D+08  7.5858D+00  6.6068D-01  8.4665D+06 -3.5117D+03  1.2260D+09
    2.2325D+04  1.5198D+04  1.4993D+09  4.0065D+08  6.9183D+00  6.6132D-01  7.7297D+06 -3.3043D+03  1.0814D+09
    2.0361D+04  1.2382D+04  1.3668D+09  3.4134D+08  6.3096D+00  6.6228D-01  7.0559D+06 -3.1089D+03  9.4949D+08
    1.8569D+04  1.0044D+04  1.2439D+09  2.8847D+08  5.7544D+00  6.6363D-01  6.4395D+06 -2.9248D+03  8.2933D+08
    1.6936D+04  8.1041D+03  1.1298D+09  2.4156D+08  5.2481D+00  6.6547D-01  5.8752D+06 -2.7512D+03  7.2008D+08
    1.5445D+04  6.4992D+03  1.0238D+09  2.0018D+08  4.7863D+00  6.6791D-01  5.3583D+06 -2.5873D+03  6.2097D+08
    1.4086D+04  5.1746D+03  9.2514D+08  1.6392D+08  4.3652D+00  6.7111D-01  4.8843D+06 -2.4326D+03  5.3127D+08
    1.2847D+04  4.0848D+03  8.3313D+08  1.3239D+08  3.9811D+00  6.7524D-01  4.4493D+06 -2.2864D+03  4.5034D+08
    1.1717D+04  3.1914D+03  7.4712D+08  1.0523D+08  3.6308D+00  6.8052D-01  4.0495D+06 -2.1480D+03  3.7762D+08
    1.0686D+04  2.4626D+03  6.6649D+08  8.2099D+07  3.3113D+00  6.8720D-01  3.6816D+06 -2.0169D+03  3.1256D+08
    9.7454D+03  1.8714D+03  5.9065D+08  6.2669D+07  3.0200D+00  6.9561D-01  3.3425D+06 -1.8925D+03  2.5470D+08
    8.8879D+03  1.3954D+03  5.1904D+08  4.6621D+07  2.7542D+00  7.0614D-01  3.0294D+06 -1.7742D+03  2.0362D+08
    8.1059D+03  1.0159D+03  4.5113D+08  3.3645D+07  2.5119D+00  7.1925D-01  2.7396D+06 -1.6615D+03  1.5897D+08
    7.3926D+03  7.1703D+02  3.8639D+08  2.3432D+07  2.2909D+00  7.3550D-01  2.4709D+06 -1.5539D+03  1.2043D+08
    6.7422D+03  4.8570D+02  3.2434D+08  1.5675D+07  2.0893D+00  7.5557D-01  2.2211D+06 -1.4508D+03  8.7713D+07
    6.1489D+03  3.1086D+02  2.6450D+08  1.0056D+07  1.9055D+00  7.8031D-01  1.9884D+06 -1.3518D+03  6.0611D+07
    5.6079D+03  1.8330D+02  2.0640D+08  6.2510D+06  1.7378D+00  8.1070D-01  1.7711D+06 -1.2564D+03  3.8938D+07
    5.1144D+03  9.5301D+01  1.4960D+08  3.9178D+06  1.5849D+00  8.4794D-01  1.5678D+06 -1.1641D+03  2.2551D+07
    4.6644D+03  6.6000D+01  9.3286D-05  2.5532D+06  1.4454D+00  8.9351D-01  1.3773D+06 -1.0744D+03  1.6703D+07
    4.2540D+03  4.4014D+01  5.0403D+07  1.4217D+06  1.3183D+00  9.4915D-01  1.1987D+06 -9.8710D+02  1.1768D+07
    3.8797D+03  2.6556D+01  4.3476D+07  6.3248D+05  1.2023D+00  1.0170D+00  1.0316D+06 -9.0174D+02  7.4773D+06
    3.5383D+03  1.2294D+01  4.0728D+07  1.5682D+05  1.0965D+00  1.0996D+00  8.7553D+05 -8.1809D+02  3.6313D+06
    3.2270D+03 -4.8314D-01  4.1072D+07  2.7028D+02  1.0000D+00  1.2000D+00  7.3072D+05 -7.3600D+02 -1.4945D+05
    2.9431D+03 -9.3829D+00  2.2594D+07  1.6487D+05  9.1201D-01  1.2947D+00  5.9854D+05 -6.5597D+02 -3.0233D+06
    2.6841D+03 -1.3590D+01  1.0657D+07  5.5195D+05  8.3176D-01  1.3623D+00  4.8304D+05 -5.8031D+02 -4.5114D+06
    2.4479D+03 -1.5165D+01  3.1207D+06  1.0749D+06  7.5858D-01  1.4081D+00  3.8581D+05 -5.1073D+02 -5.1202D+06
    2.2325D+03 -1.5282D+01 -1.7753D+06  1.6784D+06  6.9183D-01  1.4368D+00  3.0606D+05 -4.4796D+02 -5.1665D+06
    2.0361D+03 -1.4598D+01 -5.0199D+06  2.3259D+06  6.3096D-01  1.4522D+00  2.4183D+05 -3.9212D+02 -4.8435D+06
    1.8569D+03 -1.3495D+01 -7.1764D+06  2.9922D+06  5.7544D-01  1.4571D+00  1.9072D+05 -3.4293D+02 -4.2750D+06
    1.6936D+03 -1.2201D+01 -8.5781D+06  3.6596D+06  5.2481D-01  1.4541D+00  1.5040D+05 -2.9989D+02 -3.5446D+06
    1.5445D+03 -1.0854D+01 -9.4337D+06  4.3158D+06  4.7863D-01  1.4451D+00  1.1873D+05 -2.6239D+02 -2.7116D+06
    1.4086D+03 -9.5378D+00 -9.8838D+06  4.9517D+06  4.3652D-01  1.4317D+00  9.3931D+04 -2.2983D+02 -1.8193D+06
    1.2847D+03 -8.3012D+00 -1.0030D+07  5.5614D+06  3.9811D-01  1.4151D+00  7.4517D+04 -2.0159D+02 -9.0021D+05
    1.1717D+03 -7.1701D+00 -9.9484D+06  6.1410D+06  3.6308D-01  1.3964D+00  5.9309D+04 -1.7710D+02  2.1298D+04
    1.0686D+03 -6.1559D+00 -9.7011D+06  6.6882D+06  3.3113D-01  1.3763D+00  4.7374D+04 -1.5587D+02  9.2726D+05
    9.7454D+02 -5.2599D+00 -9.3364D+06  7.2020D+06  3.0199D-01  1.3555D+00  3.7984D+04 -1.3745D+02  1.8047D+06
    8.8879D+02 -4.4776D+00 -8.8934D+06  7.6825D+06  2.7542D-01  1.3345D+00  3.0573D+04 -1.2143D+02  2.6447D+06
    8.1058D+02 -3.8007D+00 -8.4027D+06  8.1303D+06  2.5119D-01  1.3136D+00  2.4703D+04 -1.0749D+02  3.4415D+06
    7.3926D+02 -3.2194D+00 -7.8883D+06  8.5467D+06  2.2909D-01  1.2931D+00  2.0036D+04 -9.5333D+01  4.1918D+06
    6.7421D+02 -2.7229D+00 -7.3683D+06  8.9331D+06  2.0893D-01  1.2732D+00  1.6312D+04 -8.4707D+01  4.8944D+06
    6.1489D+02 -2.3009D+00 -6.8560D+06  9.2913D+06  1.9055D-01  1.2540D+00  1.3328D+04 -7.5401D+01  5.5494D+06
    5.6079D+02 -1.9432D+00 -6.3608D+06  9.6230D+06  1.7378D-01  1.2358D+00  1.0927D+04 -6.7233D+01  6.1578D+06
    5.1144D+02 -1.6409D+00 -5.8890D+06  9.9302D+06  1.5849D-01  1.2184D+00  8.9882D+03 -6.0049D+01  6.7218D+06
    4.6644D+02 -1.3859D+00 -5.4445D+06  1.0215D+07  1.4454D-01  1.2020D+00  7.4165D+03 -5.3715D+01  7.2435D+06
    4.2540D+02 -1.1709D+00 -5.0292D+06  1.0478D+07  1.3183D-01  1.1866D+00  6.1375D+03 -4.8121D+01  7.7256D+06
    3.8797D+02 -9.8984D-01 -4.6439D+06  1.0722D+07  1.2023D-01  1.1721D+00  5.0931D+03 -4.3168D+01  8.1708D+06
    3.5383D+02 -8.3738D-01 -4.2881D+06  1.0949D+07  1.0965D-01  1.1586D+00  4.2373D+03 -3.8775D+01  8.5819D+06
    3.2270D+02 -7.0897D-01 -3.9608D+06  1.1159D+07  1.0000D-01  1.1460D+00  3.5338D+03 -3.4871D+01  8.9616D+06
    2.9431D+02 -6.0076D-01 -3.6605D+06  1.1354D+07  9.1201D-02  1.1343D+00  2.9538D+03 -3.1395D+01  9.3124D+06
    2.6841D+02 -5.0953D-01 -3.3855D+06  1.1535D+07  8.3176D-02  1.1234D+00  2.4740D+03 -2.8295D+01  9.6366D+06
    2.4479D+02 -4.3254D-01 -3.1340D+06  1.1704D+07  7.5858D-02  1.1133D+00  2.0762D+03 -2.5525D+01  9.9367D+06
    2.2325D+02 -3.6751D-01 -2.9040D+06  1.1861D+07  6.9183D-02  1.1040D+00  1.7455D+03 -2.3048D+01  1.0215D+07
    2.0361D+02 -3.1253D-01 -2.6936D+06  1.2007D+07  6.3096D-02  1.0954D+00  1.4699D+03 -2.0828D+01  1.0472D+07
    1.8569D+02 -2.6600D-01 -2.5012D+06  1.2144D+07  5.7544D-02  1.0874D+00  1.2397D+03 -1.8836D+01  1.0711D+07
    1.6935D+02 -2.2657D-01 -2.3249D+06  1.2271D+07  5.2481D-02  1.0801D+00  1.0470D+03 -1.7047D+01  1.0933D+07
    1.5445D+02 -1.9313D-01 -2.1634D+06  1.2390D+07  4.7863D-02  1.0734D+00  8.8541D+02 -1.5437D+01  1.1140D+07
    1.4086D+02 -1.6474D-01 -2.0150D+06  1.2502D+07  4.3651D-02  1.0672D+00  7.4965D+02 -1.3988D+01  1.1332D+07
    1.2847D+02 -1.4060D-01 -1.8787D+06  1.2606D+07  3.9811D-02  1.0615D+00  6.3540D+02 -1.2682D+01  1.1512D+07
    1.1716D+02 -1.2008D-01 -1.7532D+06  1.2704D+07  3.6308D-02  1.0562D+00  5.3911D+02 -1.1504D+01  1.1679D+07
    1.0686D+02 -1.0260D-01 -1.6374D+06  1.2795D+07  3.3113D-02  1.0514D+00  4.5783D+02 -1.0440D+01  1.1835D+07
    9.7454D+01 -8.7704D-02 -1.5305D+06  1.2881D+07  3.0199D-02  1.0470D+00  3.8914D+02 -9.4781D+00  1.1981D+07
    8.8879D+01 -7.5003D-02 -1.4316D+06  1.2961D+07  2.7542D-02  1.0430D+00  3.3101D+02 -8.6083D+00  1.2117D+07
    8.1058D+01 -6.4165D-02 -1.3399D+06  1.3036D+07  2.5119D-02  1.0393D+00  2.8176D+02 -7.8212D+00  1.2245D+07
    7.3926D+01 -5.4911D-02 -1.2549D+06  1.3107D+07  2.2909D-02  1.0359D+00  2.4000D+02 -7.1084D+00  1.2364D+07
    6.7421D+01 -4.7005D-02 -1.1758D+06  1.3173D+07  2.0893D-02  1.0328D+00  2.0455D+02 -6.4624D+00  1.2476D+07
    6.1489D+01 -4.0247D-02 -1.1023D+06  1.3235D+07  1.9055D-02  1.0300D+00  1.7443D+02 -5.8768D+00  1.2581D+07
    5.6079D+01 -3.4467D-02 -1.0338D+06  1.3294D+07  1.7378D-02  1.0274D+00  1.4882D+02 -5.3456D+00  1.2679D+07
    5.1144D+01 -2.9523D-02 -9.6992D+05  1.3349D+07  1.5849D-02  1.0250D+00  1.2703D+02 -4.8635D+00  1.2771D+07
    4.6644D+01 -2.5292D-02 -9.1028D+05  1.3400D+07  1.4454D-02  1.0228D+00  1.0847D+02 -4.4258D+00  1.2858D+07
    4.2540D+01 -2.1670D-02 -8.5454D+05  1.3449D+07  1.3183D-02  1.0208D+00  9.2662D+01 -4.0283D+00  1.2939D+07
    3.8797D+01 -1.8569D-02 -8.0240D+05  1.3494D+07  1.2023D-02  1.0190D+00  7.9185D+01 -3.6671D+00  1.3015D+07
    3.5383D+01 -1.5912D-02 -7.5360D+05  1.3537D+07  1.0965D-02  1.0174D+00  6.7689D+01 -3.3388D+00  1.3087D+07
    3.2270D+01 -1.3637D-02 -7.0790D+05  1.3577D+07  1.0000D-02  1.0159D+00  5.7879D+01 -3.0404D+00  1.3154D+07
    2.9430D+01 -1.1688D-02 -6.6505D+05  1.3615D+07  9.1201D-03  1.0145D+00  4.9504D+01 -2.7690D+00  1.3218D+07
    2.6841D+01 -1.0017D-02 -6.2488D+05  1.3650D+07  8.3176D-03  1.0132D+00  4.2352D+01 -2.5221D+00  1.3277D+07
    2.4479D+01 -8.5857D-03 -5.8719D+05  1.3684D+07  7.5858D-03  1.0121D+00  3.6240D+01 -2.2975D+00  1.3333D+07
    2.2325D+01 -7.3588D-03 -5.5182D+05  1.3715D+07  6.9183D-03  1.0110D+00  3.1017D+01 -2.0932D+00  1.3385D+07
    2.0361D+01 -6.3073D-03 -5.1860D+05  1.3744D+07  6.3096D-03  1.0100D+00  2.6552D+01 -1.9071D+00  1.3434D+07
    1.8569D+01 -5.4060D-03 -4.8741D+05  1.3772D+07  5.7544D-03  1.0092D+00  2.2733D+01 -1.7378D+00  1.3481D+07
    1.6935D+01 -4.6335D-03 -4.5811D+05  1.3798D+07  5.2481D-03  1.0084D+00  1.9467D+01 -1.5836D+00  1.3524D+07
    1.5445D+01 -3.9712D-03 -4.3057D+05  1.3822D+07  4.7863D-03  1.0076D+00  1.6672D+01 -1.4432D+00  1.3565D+07
    1.4086D+01 -3.4036D-03 -4.0470D+05  1.3845D+07  4.3651D-03  1.0070D+00  1.4280D+01 -1.3153D+00  1.3604D+07
    1.2847D+01 -2.9170D-03 -3.8037D+05  1.3867D+07  3.9811D-03  1.0063D+00  1.2233D+01 -1.1989D+00  1.3640D+07
    1.1716D+01 -2.4999D-03 -3.5751D+05  1.3887D+07  3.6308D-03  1.0058D+00  1.0481D+01 -1.0928D+00  1.3674D+07
    1.0686D+01 -2.1423D-03 -3.3601D+05  1.3906D+07  3.3113D-03  1.0053D+00  8.9801D+00 -9.9611D-01  1.3706D+07
    9.7453D+00 -1.8358D-03 -3.1580D+05  1.3924D+07  3.0199D-03  1.0048D+00  7.6950D+00 -9.0804D-01  1.3736D+07
    8.8879D+00 -1.5731D-03 -2.9680D+05  1.3941D+07  2.7542D-03  1.0044D+00  6.5944D+00 -8.2779D-01  1.3764D+07
    8.1058D+00 -1.3480D-03 -2.7893D+05  1.3957D+07  2.5119D-03  1.0040D+00  5.6516D+00 -7.5467D-01  1.3790D+07
    7.3926D+00 -1.1550D-03 -2.6213D+05  1.3972D+07  2.2909D-03  1.0037D+00  4.8440D+00 -6.8802D-01  1.3815D+07
    6.7421D+00 -9.8961D-04 -2.4633D+05  1.3986D+07  2.0893D-03  1.0033D+00  4.1520D+00 -6.2728D-01  1.3839D+07
    6.1489D+00 -8.4787D-04 -2.3147D+05  1.3999D+07  1.9055D-03  1.0030D+00  3.5590D+00 -5.7192D-01  1.3861D+07
    5.6079D+00 -7.2639D-04 -2.1751D+05  1.4011D+07  1.7378D-03  1.0028D+00  3.0509D+00 -5.2146D-01  1.3881D+07
    5.1144D+00 -6.2229D-04 -2.0437D+05  1.4023D+07  1.5849D-03  1.0025D+00  2.6155D+00 -4.7546D-01  1.3901D+07
    4.6644D+00 -5.3308D-04 -1.9202D+05  1.4033D+07  1.4454D-03  1.0023D+00  2.2423D+00 -4.3353D-01  1.3919D+07
    4.2540D+00 -4.5665D-04 -1.8041D+05  1.4044D+07  1.3183D-03  1.0021D+00  1.9224D+00 -3.9530D-01  1.3936D+07
    3.8797D+00 -3.9115D-04 -1.6949D+05  1.4053D+07  1.2023D-03  1.0019D+00  1.6482D+00 -3.6045D-01  1.3952D+07
    3.5383D+00 -3.3504D-04 -1.5922D+05  1.4062D+07  1.0965D-03  1.0018D+00  1.4132D+00 -3.2868D-01  1.3967D+07
    3.2270D+00 -2.8696D-04 -1.4957D+05  1.4071D+07  1.0000D-03  1.0016D+00  1.2117D+00 -2.9971D-01  1.3982D+07


   HUGONIOT

      RHO          T           P          PC           E           S           V           U       RHO/RHOO  #IT  STATE
    kg/m**3        K          GPa        GPa          J/kg      J/kg-K       km/sec      km/sec

  3.2270D+03  2.9800D+02  1.0000D-04 -4.8300D-01  1.2759D+05  6.5931D+02  6.4227D+00  0.0000D+00  1.0000D+00  0  INITIAL
  3.2614D+03  3.0175D+02  1.4415D+00  9.5216D-01  1.2995D+05  6.5935D+02  6.5082D+00  6.8629D-02  1.0107D+00  2  SOLID  
  3.2880D+03  3.0465D+02  2.5536D+00  2.0594D+00  1.3494D+05  6.5945D+02  6.5304D+00  1.2117D-01  1.0189D+00  2  SOLID  
  3.3144D+03  3.0755D+02  3.6524D+00  3.1532D+00  1.4253D+05  6.5966D+02  6.5497D+00  1.7280D-01  1.0271D+00  2  SOLID  
  3.3405D+03  3.1045D+02  4.7322D+00  4.2279D+00  1.5252D+05  6.6003D+02  6.5685D+00  2.2325D-01  1.0352D+00  2  SOLID  
  3.3661D+03  3.1335D+02  5.7876D+00  5.2781D+00  1.6466D+05  6.6059D+02  6.5871D+00  2.7227D-01  1.0431D+00  2  SOLID  
  3.3911D+03  3.1625D+02  6.8141D+00  6.2990D+00  1.7869D+05  6.6138D+02  6.6057D+00  3.1965D-01  1.0509D+00  2  SOLID  
  3.4153D+03  3.1916D+02  7.8079D+00  7.2872D+00  1.9430D+05  6.6241D+02  6.6243D+00  3.6525D-01  1.0584D+00  2  SOLID  
  3.4387D+03  3.2206D+02  8.7668D+00  8.2403D+00  2.1122D+05  6.6372D+02  6.6428D+00  4.0897D-01  1.0656D+00  3  SOLID  
  3.4612D+03  3.2496D+02  9.6894D+00  9.1568D+00  2.2919D+05  6.6529D+02  6.6611D+00  4.5077D-01  1.0726D+00  3  SOLID  
  3.4829D+03  3.2786D+02  1.0575D+01  1.0036D+01  2.4797D+05  6.6713D+02  6.6791D+00  4.9065D-01  1.0793D+00  3  SOLID  
  3.5036D+03  3.3076D+02  1.1425D+01  1.0880D+01  2.6735D+05  6.6922D+02  6.6968D+00  5.2867D-01  1.0857D+00  3  SOLID  
  3.6108D+03  3.4817D+02  1.5842D+01  1.5253D+01  3.8850D+05  6.8636D+02  6.7959D+00  7.2236D-01  1.1189D+00  3  SOLID  
  3.7421D+03  3.7718D+02  2.1358D+01  2.0688D+01  5.8311D+05  7.2585D+02  6.9342D+00  9.5447D-01  1.1596D+00  4  SOLID  
  3.8392D+03  4.0620D+02  2.5568D+01  2.4806D+01  7.5932D+05  7.7122D+02  7.0488D+00  1.1240D+00  1.1897D+00  3  SOLID  
  3.9169D+03  4.3521D+02  2.9042D+01  2.8184D+01  9.2022D+05  8.1850D+02  7.1480D+00  1.2591D+00  1.2138D+00  3  SOLID  
  3.9823D+03  4.6423D+02  3.2052D+01  3.1092D+01  1.0695D+06  8.6600D+02  7.2366D+00  1.3725D+00  1.2341D+00  3  SOLID  
  4.0895D+03  5.2225D+02  3.7191D+01  3.6017D+01  1.3429D+06  9.5895D+02  7.3922D+00  1.5591D+00  1.2673D+00  3  SOLID  
  4.1767D+03  5.8028D+02  4.1584D+01  4.0185D+01  1.5926D+06  1.0475D+03  7.5281D+00  1.7117D+00  1.2943D+00  3  SOLID  
  4.2509D+03  6.3831D+02  4.5493D+01  4.3859D+01  1.8255D+06  1.1310D+03  7.6503D+00  1.8427D+00  1.3173D+00  3  SOLID  
  4.3160D+03  6.9634D+02  4.9058D+01  4.7183D+01  2.0455D+06  1.2097D+03  7.7622D+00  1.9585D+00  1.3375D+00  3  SOLID  
  4.4268D+03  8.1239D+02  5.5464D+01  5.3089D+01  2.4568D+06  1.3538D+03  7.9633D+00  2.1584D+00  1.3718D+00  3  SOLID  
  4.5199D+03  9.2845D+02  6.1194D+01  5.8300D+01  2.8398D+06  1.4824D+03  8.1420D+00  2.3290D+00  1.4007D+00  3  SOLID  
  4.6007D+03  1.0445D+03  6.6448D+01  6.3022D+01  3.2017D+06  1.5983D+03  8.3044D+00  2.4795D+00  1.4257D+00  3  SOLID  
  4.9995D+03  1.3927D+03  8.4013D+01  7.8893D+01  4.7426D+06  1.8473D+03  8.5694D+00  3.0381D+00  1.5493D+00  6  SOLID  
  5.0330D+03  1.6248D+03  8.9772D+01  8.3513D+01  5.1187D+06  2.0202D+03  8.8049D+00  3.1595D+00  1.5596D+00  3  SOLID  
  5.0652D+03  1.8569D+03  9.5481D+01  8.8073D+01  5.4964D+06  2.1703D+03  9.0295D+00  3.2768D+00  1.5696D+00  3  SOLID  
  5.0961D+03  2.0890D+03  1.0114D+02  9.2571D+01  5.8749D+06  2.3026D+03  9.2440D+00  3.3904D+00  1.5792D+00  3  SOLID  
  5.1258D+03  2.3211D+03  1.0673D+02  9.7005D+01  6.2537D+06  2.4209D+03  9.4491D+00  3.5003D+00  1.5884D+00  3  SOLID  
  5.1956D+03  2.9014D+03  1.2048D+02  1.0783D+02  7.2006D+06  2.6707D+03  9.9266D+00  3.7611D+00  1.6100D+00  3  SOLID  
  5.2598D+03  3.4817D+03  1.3391D+02  1.1830D+02  8.1464D+06  2.8740D+03  1.0362D+01  4.0047D+00  1.6299D+00  3  SOLID  
  5.3196D+03  4.0620D+03  1.4706D+02  1.2849D+02  9.0913D+06  3.0452D+03  1.0763D+01  4.2341D+00  1.6485D+00  3  SOLID  
  5.4707D+03  4.6423D+03  1.8388D+02  1.5605D+02  1.1813D+07  3.4700D+03  1.1787D+01  4.8343D+00  1.6953D+00  3  LIQUID 
  5.5147D+03  5.2225D+03  1.9503D+02  1.6455D+02  1.2664D+07  3.5866D+03  1.2070D+01  5.0072D+00  1.7089D+00  3  LIQUID 
  5.5572D+03  5.8028D+03  2.0613D+02  1.7298D+02  1.3520D+07  3.6916D+03  1.2343D+01  5.1754D+00  1.7221D+00  3  LIQUID 
  5.5983D+03  6.3831D+03  2.1719D+02  1.8133D+02  1.4382D+07  3.7870D+03  1.2605D+01  5.3393D+00  1.7348D+00  3  LIQUID 
  5.6382D+03  6.9634D+03  2.2820D+02  1.8961D+02  1.5248D+07  3.8746D+03  1.2859D+01  5.4992D+00  1.7472D+00  3  LIQUID 
  5.6769D+03  7.5437D+03  2.3916D+02  1.9782D+02  1.6120D+07  3.9554D+03  1.3105D+01  5.6554D+00  1.7592D+00  3  LIQUID 
  5.7146D+03  8.1239D+03  2.5008D+02  2.0596D+02  1.6995D+07  4.0306D+03  1.3343D+01  5.8082D+00  1.7709D+00  3  LIQUID 
  5.7513D+03  8.7042D+03  2.6096D+02  2.1403D+02  1.7874D+07  4.1007D+03  1.3574D+01  5.9576D+00  1.7822D+00  3  LIQUID 
  5.7870D+03  9.2845D+03  2.7180D+02  2.2204D+02  1.8758D+07  4.1665D+03  1.3799D+01  6.1041D+00  1.7933D+00  3  LIQUID 
  5.8219D+03  9.8648D+03  2.8261D+02  2.2999D+02  1.9644D+07  4.2284D+03  1.4017D+01  6.2477D+00  1.8041D+00  2  LIQUID 
  5.8559D+03  1.0445D+04  2.9338D+02  2.3788D+02  2.0535D+07  4.2868D+03  1.4231D+01  6.3886D+00  1.8147D+00  2  LIQUID 
  5.8892D+03  1.1025D+04  3.0412D+02  2.4572D+02  2.1429D+07  4.3422D+03  1.4439D+01  6.5271D+00  1.8250D+00  2  LIQUID 
  5.9219D+03  1.1606D+04  3.1484D+02  2.5351D+02  2.2327D+07  4.3949D+03  1.4642D+01  6.6632D+00  1.8351D+00  2  LIQUID 
  5.9852D+03  1.2766D+04  3.3620D+02  2.6895D+02  2.4133D+07  4.4929D+03  1.5036D+01  6.9291D+00  1.8547D+00  3  LIQUID 
  6.0462D+03  1.3927D+04  3.5750D+02  2.8424D+02  2.5955D+07  4.5826D+03  1.5414D+01  7.1871D+00  1.8736D+00  3  LIQUID 
  6.1051D+03  1.5087D+04  3.7873D+02  2.9938D+02  2.7792D+07  4.6653D+03  1.5778D+01  7.4383D+00  1.8919D+00  3  LIQUID 
  6.1623D+03  1.6248D+04  3.9994D+02  3.1441D+02  2.9645D+07  4.7421D+03  1.6130D+01  7.6834D+00  1.9096D+00  3  LIQUID 
  6.2178D+03  1.7408D+04  4.2112D+02  3.2932D+02  3.1513D+07  4.8139D+03  1.6471D+01  7.9228D+00  1.9268D+00  3  LIQUID 
  6.3244D+03  1.9730D+04  4.6345D+02  3.5887D+02  3.5296D+07  4.9446D+03  1.7124D+01  8.3867D+00  1.9598D+00  3  LIQUID 
  6.4751D+03  2.3211D+04  5.2700D+02  4.0261D+02  4.1088D+07  5.1159D+03  1.8043D+01  9.0510D+00  2.0065D+00  3  LIQUID 
  6.7065D+03  2.9014D+04  6.3328D+02  4.7420D+02  5.1036D+07  5.3548D+03  1.9449D+01  1.0090D+01  2.0783D+00  3  LIQUID 
  6.9180D+03  3.4817D+04  7.4006D+02  5.4423D+02  6.1306D+07  5.5543D+03  2.0733D+01  1.1062D+01  2.1438D+00  3  LIQUID 
  7.2931D+03  4.6423D+04  9.5433D+02  6.7903D+02  8.2567D+07  5.8794D+03  2.3031D+01  1.2840D+01  2.2600D+00  3  LIQUID 
  7.6163D+03  5.8028D+04  1.1679D+03  8.0577D+02  1.0441D+08  6.1427D+03  2.5059D+01  1.4442D+01  2.3602D+00  3  LIQUID 
  7.8976D+03  6.9634D+04  1.3793D+03  9.2387D+02  1.2652D+08  6.3666D+03  2.6884D+01  1.5899D+01  2.4474D+00  3  LIQUID 
  8.1448D+03  8.1239D+04  1.5880D+03  1.0335D+03  1.4869D+08  6.5625D+03  2.8548D+01  1.7237D+01  2.5240D+00  3  LIQUID 
  8.3639D+03  9.2845D+04  1.7937D+03  1.1352D+03  1.7082D+08  6.7375D+03  3.0083D+01  1.8476D+01  2.5919D+00  3  LIQUID 
  8.5598D+03  1.0445D+05  1.9965D+03  1.2297D+03  1.9284D+08  6.8960D+03  3.1513D+01  1.9632D+01  2.6525D+00  3  LIQUID 
  8.7361D+03  1.1606D+05  2.1965D+03  1.3176D+03  2.1474D+08  7.0409D+03  3.2853D+01  2.0718D+01  2.7072D+00  3  LIQUID 


 EOS package call numbers
        ANEOS number =      -1        ALL 
 Calls to
 ANEOS                     1210      1210
 ANEOS1                   84645     84645
 ANION2                   87381     87381
 ANEOS1 from ANEOSV         923       923
 ANEOS1 from ANE2PH         574       574
 ANEOS1 from ANELSM       83148     83148
 ANEOS1/ANEOSV        6.995E+01 6.995E+01
 ANION2 iter. count   1.606E+00 1.606E+00
 Calls to eos tables =         0
